  Using 'git status' to determine working set for adaptive non-unity build (C:\My\UnrealProjects\SI\Survival-Instinct).
  Deleted hot-reload file: C:\My\UnrealProjects\SI\Survival-Instinct\SI\Binaries\Win64\UE4Editor-SI-0001.dll
  Deleted hot-reload file: C:\My\UnrealProjects\SI\Survival-Instinct\SI\Binaries\Win64\UE4Editor-SI-0002.dll
  Deleted hot-reload file: C:\My\UnrealProjects\SI\Survival-Instinct\SI\Binaries\Win64\UE4Editor-SI-0003.dll
  Deleted hot-reload file: C:\My\UnrealProjects\SI\Survival-Instinct\SI\Binaries\Win64\UE4Editor-SI-0004.dll
  Deleted hot-reload file: C:\My\UnrealProjects\SI\Survival-Instinct\SI\Binaries\Win64\UE4Editor-SI-0005.dll
  Deleted hot-reload file: C:\My\UnrealProjects\SI\Survival-Instinct\SI\Binaries\Win64\UE4Editor-SI-0006.dll
  Deleted hot-reload file: C:\My\UnrealProjects\SI\Survival-Instinct\SI\Binaries\Win64\UE4Editor-SI-0007.dll
  Deleted hot-reload file: C:\My\UnrealProjects\SI\Survival-Instinct\SI\Binaries\Win64\UE4Editor-SI-0008.dll
  Deleted hot-reload file: C:\My\UnrealProjects\SI\Survival-Instinct\SI\Intermediate\Build\Win64\UE4Editor\Development\SI\UE4Editor-SI-0001.lib
  Deleted hot-reload file: C:\My\UnrealProjects\SI\Survival-Instinct\SI\Intermediate\Build\Win64\UE4Editor\Development\SI\UE4Editor-SI-0002.lib
  Deleted hot-reload file: C:\My\UnrealProjects\SI\Survival-Instinct\SI\Intermediate\Build\Win64\UE4Editor\Development\SI\UE4Editor-SI-0003.lib
  Deleted hot-reload file: C:\My\UnrealProjects\SI\Survival-Instinct\SI\Intermediate\Build\Win64\UE4Editor\Development\SI\UE4Editor-SI-0004.lib
  Deleted hot-reload file: C:\My\UnrealProjects\SI\Survival-Instinct\SI\Intermediate\Build\Win64\UE4Editor\Development\SI\UE4Editor-SI-0005.lib
  Deleted hot-reload file: C:\My\UnrealProjects\SI\Survival-Instinct\SI\Intermediate\Build\Win64\UE4Editor\Development\SI\UE4Editor-SI-0006.lib
  Deleted hot-reload file: C:\My\UnrealProjects\SI\Survival-Instinct\SI\Intermediate\Build\Win64\UE4Editor\Development\SI\UE4Editor-SI-0007.lib
  Deleted hot-reload file: C:\My\UnrealProjects\SI\Survival-Instinct\SI\Intermediate\Build\Win64\UE4Editor\Development\SI\UE4Editor-SI-0008.lib
  Building SIEditor...
  Using Visual Studio 2019 14.26.28806 toolchain (C:\Program Files (x86)\Microsoft Visual Studio\2019\Enterprise\VC\Tools\MSVC\14.26.28801) and Windows 10.0.18362.0 SDK (C:\Program Files (x86)\Windows Kits\10).
  Building 4 actions with 16 processes...
    [1/4] HUDBase.cpp
    [2/4] UE4Editor-SI.lib
       Creating library C:\My\UnrealProjects\SI\Survival-Instinct\SI\Intermediate\Build\Win64\UE4Editor\Development\SI\UE4Editor-SI.lib and object C:\My\UnrealProjects\SI\Survival-Instinct\SI\Intermediate\Build\Win64\UE4Editor\Development\SI\UE4Editor-SI.exp
    [3/4] UE4Editor-SI.dll
       Creating library C:\My\UnrealProjects\SI\Survival-Instinct\SI\Intermediate\Build\Win64\UE4Editor\Development\SI\UE4Editor-SI.suppressed.lib and object C:\My\UnrealProjects\SI\Survival-Instinct\SI\Intermediate\Build\Win64\UE4Editor\Development\SI\UE4Editor-SI.suppressed.exp
    [4/4] SIEditor.target
  Total time in Parallel executor: 4.36 seconds
  Total execution time: 5.01 seconds
