Log file open, 07/06/20 07:45:14
LogInit: Display: Running engine for game: SI
LogPlatformFile: Not using cached read wrapper
LogTaskGraph: Started task graph with 5 named threads and 47 total threads with 3 sets of task threads.
LogStats: Stats thread started at 0.990544
LogD3D11RHI: Loaded GFSDK_Aftermath_Lib.x64.dll
LogICUInternationalization: ICU TimeZone Detection - Raw Offset: -5:00, Platform Override: ''
LogPluginManager: Mounting plugin Paper2D
LogPluginManager: Mounting plugin AISupport
LogPluginManager: Mounting plugin LightPropagationVolume
LogPluginManager: Mounting plugin CameraShakePreviewer
LogPluginManager: Mounting plugin ActorLayerUtilities
LogPluginManager: Mounting plugin AnimationSharing
LogPluginManager: Mounting plugin CLionSourceCodeAccess
LogPluginManager: Mounting plugin CodeLiteSourceCodeAccess
LogPluginManager: Mounting plugin GitSourceControl
LogPluginManager: Mounting plugin KDevelopSourceCodeAccess
LogPluginManager: Mounting plugin NullSourceCodeAccess
LogPluginManager: Mounting plugin PerforceSourceControl
LogPluginManager: Mounting plugin PlasticSourceControl
LogPluginManager: Mounting plugin RiderSourceCodeAccess
LogPluginManager: Mounting plugin SubversionSourceControl
LogPluginManager: Mounting plugin UObjectPlugin
LogPluginManager: Mounting plugin VisualStudioCodeSourceCodeAccess
LogPluginManager: Mounting plugin VisualStudioSourceCodeAccess
LogPluginManager: Mounting plugin XCodeSourceCodeAccess
LogPluginManager: Mounting plugin AssetManagerEditor
LogPluginManager: Mounting plugin CryptoKeys
LogPluginManager: Mounting plugin CurveEditorTools
LogPluginManager: Mounting plugin DataValidation
LogPluginManager: Mounting plugin EditorScriptingUtilities
LogPluginManager: Mounting plugin FacialAnimation
LogPluginManager: Mounting plugin GameplayTagsEditor
LogPluginManager: Mounting plugin GeometryMode
LogPluginManager: Mounting plugin MacGraphicsSwitching
LogPluginManager: Mounting plugin MaterialAnalyzer
LogPluginManager: Mounting plugin MobileLauncherProfileWizard
LogPluginManager: Mounting plugin PluginBrowser
LogPluginManager: Mounting plugin SpeedTreeImporter
LogPluginManager: Mounting plugin DatasmithContent
LogPluginManager: Mounting plugin VariantManagerContent
LogPluginManager: Mounting plugin AlembicImporter
LogPluginManager: Mounting plugin AutomationUtils
LogPluginManager: Mounting plugin BackChannel
LogPluginManager: Mounting plugin ChaosCloth
LogPluginManager: Mounting plugin ChaosClothEditor
LogPluginManager: Mounting plugin ChaosEditor
LogPluginManager: Mounting plugin ChaosNiagara
LogPluginManager: Mounting plugin ChaosSolverPlugin
LogPluginManager: Mounting plugin CharacterAI
LogPluginManager: Mounting plugin GeometryCache
LogPluginManager: Mounting plugin GeometryCollectionPlugin
LogPluginManager: Mounting plugin GeometryProcessing
LogPluginManager: Mounting plugin PlanarCut
LogPluginManager: Mounting plugin PlatformCrypto
LogPluginManager: Mounting plugin ProxyLODPlugin
LogPluginManager: Mounting plugin SkeletalReduction
LogPluginManager: Mounting plugin Niagara
LogPluginManager: Mounting plugin MagicLeap
LogPluginManager: Mounting plugin MagicLeapLightEstimation
LogPluginManager: Mounting plugin MagicLeapMedia
LogPluginManager: Mounting plugin MagicLeapPassableWorld
LogPluginManager: Mounting plugin MLSDK
LogPluginManager: Mounting plugin AndroidMedia
LogPluginManager: Mounting plugin AvfMedia
LogPluginManager: Mounting plugin ImgMedia
LogPluginManager: Mounting plugin MediaCompositing
LogPluginManager: Mounting plugin MediaPlayerEditor
LogPluginManager: Mounting plugin WebMMedia
LogPluginManager: Mounting plugin WmfMedia
LogPluginManager: Mounting plugin MeshPainting
LogPluginManager: Mounting plugin TcpMessaging
LogPluginManager: Mounting plugin UdpMessaging
LogPluginManager: Mounting plugin ActorSequence
LogPluginManager: Mounting plugin LevelSequenceEditor
LogPluginManager: Mounting plugin MatineeToLevelSequence
LogPluginManager: Mounting plugin MovieRenderPipeline
LogPluginManager: Mounting plugin TemplateSequence
LogPluginManager: Mounting plugin NetcodeUnitTest
LogPluginManager: Mounting plugin NUTUnrealEngine4
LogPluginManager: Mounting plugin OnlineSubsystemGooglePlay
LogPluginManager: Mounting plugin OnlineSubsystemIOS
LogPluginManager: Mounting plugin OnlineSubsystem
LogPluginManager: Mounting plugin OnlineSubsystemNull
LogPluginManager: Mounting plugin OnlineSubsystemUtils
LogPluginManager: Mounting plugin LauncherChunkInstaller
LogPluginManager: Mounting plugin AndroidDeviceProfileSelector
LogPluginManager: Mounting plugin AndroidMoviePlayer
LogPluginManager: Mounting plugin AndroidPermission
LogPluginManager: Mounting plugin AppleImageUtils
LogPluginManager: Mounting plugin AppleMoviePlayer
LogPluginManager: Mounting plugin ArchVisCharacter
LogPluginManager: Mounting plugin AssetTags
LogPluginManager: Mounting plugin AudioCapture
LogPluginManager: Mounting plugin CableComponent
LogPluginManager: Mounting plugin CustomMeshComponent
LogPluginManager: Mounting plugin EditableMesh
LogPluginManager: Mounting plugin ExampleDeviceProfileSelector
LogPluginManager: Mounting plugin GoogleCloudMessaging
LogPluginManager: Mounting plugin GooglePAD
LogPluginManager: Mounting plugin IOSDeviceProfileSelector
LogPluginManager: Mounting plugin LinuxDeviceProfileSelector
LogPluginManager: Mounting plugin LocationServicesBPLibrary
LogPluginManager: Mounting plugin MobilePatchingUtils
LogPluginManager: Mounting plugin OculusVR
LogPluginManager: Mounting plugin PhysXVehicles
LogPluginManager: Mounting plugin PostSplashScreen
LogPluginManager: Mounting plugin ProceduralMeshComponent
LogPluginManager: Mounting plugin RuntimePhysXCooking
LogPluginManager: Mounting plugin SignificanceManager
LogPluginManager: Mounting plugin SoundFields
LogPluginManager: Mounting plugin SteamVR
LogPluginManager: Mounting plugin Synthesis
LogPluginManager: Mounting plugin WebMMoviePlayer
LogPluginManager: Mounting plugin WindowsMoviePlayer
LogPluginManager: Mounting plugin ScreenshotTools
LogInit: Using libcurl 7.55.1-DEV
LogInit:  - built for x86_64-pc-win32
LogInit:  - supports SSL with OpenSSL/1.1.1
LogInit:  - supports HTTP deflate (compression) using libz 1.2.8
LogInit:  - other features:
LogInit:      CURL_VERSION_SSL
LogInit:      CURL_VERSION_LIBZ
LogInit:      CURL_VERSION_IPV6
LogInit:      CURL_VERSION_ASYNCHDNS
LogInit:      CURL_VERSION_LARGEFILE
LogInit:      CURL_VERSION_IDN
LogInit:  CurlRequestOptions (configurable via config and command line):
LogInit:  - bVerifyPeer = true  - Libcurl will verify peer certificate
LogInit:  - bUseHttpProxy = false  - Libcurl will NOT use HTTP proxy
LogInit:  - bDontReuseConnections = false  - Libcurl will reuse connections
LogInit:  - MaxHostConnections = 16  - Libcurl will limit the number of connections to a host
LogInit:  - LocalHostAddr = Default
LogInit:  - BufferSize = 65536
LogOnline: OSS: Creating online subsystem instance for: NULL
LogInit: WinSock: version 1.1 (2.2), MaxSocks=32767, MaxUdp=65467
LogOnline: OSS: TryLoadSubsystemAndSetDefault: Loaded subsystem for module [NULL]
LogInit: Build: ++UE4+Release-4.25-CL-13594126
LogInit: Engine Version: 4.25.1-13594126+++UE4+Release-4.25
LogInit: Compatible Engine Version: 4.25.0-13144385+++UE4+Release-4.25
LogInit: Net CL: 13144385
LogInit: OS: Windows 10 (Release 2004) (), CPU: Intel(R) Core(TM) i9-9980HK CPU @ 2.40GHz, GPU: AMD Radeon Pro 5500M
LogInit: Compiled (64-bit): Jun  2 2020 02:10:36
LogInit: Compiled with Visual C++: 19.24.28315.00
LogInit: Build Configuration: Development
LogInit: Branch Name: ++UE4+Release-4.25
LogInit: Command Line: 
LogInit: Base Directory: C:/Program Files/Epic Games/UE_4.25/Engine/Binaries/Win64/
LogInit: Allocator: TBB
LogInit: Installed Engine Build: 1
LogDevObjectVersion: Number of dev versions registered: 26
LogDevObjectVersion:   Dev-Blueprints (B0D832E4-1F89-4F0D-ACCF-7EB736FD4AA2): 10
LogDevObjectVersion:   Dev-Build (E1C64328-A22C-4D53-A36C-8E866417BD8C): 0
LogDevObjectVersion:   Dev-Core (375EC13C-06E4-48FB-B500-84F0262A717E): 4
LogDevObjectVersion:   Dev-Editor (E4B068ED-F494-42E9-A231-DA0B2E46BB41): 38
LogDevObjectVersion:   Dev-Framework (CFFC743F-43B0-4480-9391-14DF171D2073): 37
LogDevObjectVersion:   Dev-Mobile (B02B49B5-BB20-44E9-A304-32B752E40360): 2
LogDevObjectVersion:   Dev-Networking (A4E4105C-59A1-49B5-A7C5-40C4547EDFEE): 0
LogDevObjectVersion:   Dev-Online (39C831C9-5AE6-47DC-9A44-9C173E1C8E7C): 0
LogDevObjectVersion:   Dev-Physics (78F01B33-EBEA-4F98-B9B4-84EACCB95AA2): 4
LogDevObjectVersion:   Dev-Platform (6631380F-2D4D-43E0-8009-CF276956A95A): 0
LogDevObjectVersion:   Dev-Rendering (12F88B9F-8875-4AFC-A67C-D90C383ABD29): 43
LogDevObjectVersion:   Dev-Sequencer (7B5AE74C-D270-4C10-A958-57980B212A5A): 12
LogDevObjectVersion:   Dev-VR (D7296918-1DD6-4BDD-9DE2-64A83CC13884): 3
LogDevObjectVersion:   Dev-LoadTimes (C2A15278-BFE7-4AFE-6C17-90FF531DF755): 1
LogDevObjectVersion:   Private-Geometry (6EACA3D4-40EC-4CC1-B786-8BED09428FC5): 3
LogDevObjectVersion:   Dev-AnimPhys (29E575DD-E0A3-4627-9D10-D276232CDCEA): 17
LogDevObjectVersion:   Dev-Anim (AF43A65D-7FD3-4947-9873-3E8ED9C1BB05): 7
LogDevObjectVersion:   Dev-ReflectionCapture (6B266CEC-1EC7-4B8F-A30B-E4D90942FC07): 1
LogDevObjectVersion:   Dev-Automation (0DF73D61-A23F-47EA-B727-89E90C41499A): 1
LogDevObjectVersion:   FortniteMain (601D1886-AC64-4F84-AA16-D3DE0DEAC7D6): 31
LogDevObjectVersion:   Dev-Enterprise (9DFFBCD6-494F-0158-E221-12823C92A888): 10
LogDevObjectVersion:   Dev-Niagara (F2AED0AC-9AFE-416F-8664-AA7FFA26D6FC): 1
LogDevObjectVersion:   Dev-Destruction (174F1F0B-B4C6-45A5-B13F-2EE8D0FB917D): 10
LogDevObjectVersion:   Dev-Physics-Ext (35F94A83-E258-406C-A318-09F59610247C): 37
LogDevObjectVersion:   Dev-PhysicsMaterial-Chaos (B68FC16E-8B1B-42E2-B453-215C058844FE): 1
LogDevObjectVersion:   Dev-CineCamera (B2E18506-4273-CFC2-A54E-F4BB758BBA07): 1
LogInit: Presizing for max 25165824 objects, including 0 objects not considered by GC, pre-allocating 0 bytes for permanent pool.
LogConfig: Applying CVar settings from Section [/Script/Engine.StreamingSettings] File [C:/My/UnrealProjects/SI/Survival-Instinct/SI/Saved/Config/Windows/Engine.ini]
LogConfig: Setting CVar [[s.MinBulkDataSizeForAsyncLoading:131072]]
LogConfig: Setting CVar [[s.AsyncLoadingThreadEnabled:0]]
LogConfig: Setting CVar [[s.EventDrivenLoaderEnabled:1]]
LogConfig: Setting CVar [[s.WarnIfTimeLimitExceeded:0]]
LogConfig: Setting CVar [[s.TimeLimitExceededMultiplier:1.5]]
LogConfig: Setting CVar [[s.TimeLimitExceededMinTime:0.005]]
LogConfig: Setting CVar [[s.UseBackgroundLevelStreaming:1]]
LogConfig: Setting CVar [[s.PriorityAsyncLoadingExtraTime:15.0]]
LogConfig: Setting CVar [[s.LevelStreamingActorsUpdateTimeLimit:5.0]]
LogConfig: Setting CVar [[s.PriorityLevelStreamingActorsUpdateExtraTime:5.0]]
LogConfig: Setting CVar [[s.LevelStreamingComponentsRegistrationGranularity:10]]
LogConfig: Setting CVar [[s.UnregisterComponentsTimeLimit:1.0]]
LogConfig: Setting CVar [[s.LevelStreamingComponentsUnregistrationGranularity:5]]
LogConfig: Setting CVar [[s.FlushStreamingOnExit:1]]
LogInit: Object subsystem initialized
LogConfig: Setting CVar [[con.DebugEarlyDefault:1]]
LogConfig: Setting CVar [[r.setres:1280x720]]
[2020.07.06-11.45.14:437][  0]LogConfig: Setting CVar [[r.VSync:0]]
[2020.07.06-11.45.14:437][  0]LogConfig: Setting CVar [[r.RHICmdBypass:0]]
[2020.07.06-11.45.14:437][  0]LogConfig: Applying CVar settings from Section [/Script/Engine.RendererSettings] File [C:/My/UnrealProjects/SI/Survival-Instinct/SI/Saved/Config/Windows/Engine.ini]
[2020.07.06-11.45.14:437][  0]LogConfig: Setting CVar [[r.GPUCrashDebugging:0]]
[2020.07.06-11.45.14:437][  0]LogConfig: Applying CVar settings from Section [/Script/Engine.RendererOverrideSettings] File [C:/My/UnrealProjects/SI/Survival-Instinct/SI/Saved/Config/Windows/Engine.ini]
[2020.07.06-11.45.14:437][  0]LogConfig: Applying CVar settings from Section [/Script/Engine.StreamingSettings] File [C:/My/UnrealProjects/SI/Survival-Instinct/SI/Saved/Config/Windows/Engine.ini]
[2020.07.06-11.45.14:437][  0]LogConfig: Setting CVar [[s.MinBulkDataSizeForAsyncLoading:131072]]
[2020.07.06-11.45.14:437][  0]LogConfig: Setting CVar [[s.AsyncLoadingThreadEnabled:0]]
[2020.07.06-11.45.14:437][  0]LogConfig: Setting CVar [[s.EventDrivenLoaderEnabled:1]]
[2020.07.06-11.45.14:437][  0]LogConfig: Setting CVar [[s.WarnIfTimeLimitExceeded:0]]
[2020.07.06-11.45.14:437][  0]LogConfig: Setting CVar [[s.TimeLimitExceededMultiplier:1.5]]
[2020.07.06-11.45.14:437][  0]LogConfig: Setting CVar [[s.TimeLimitExceededMinTime:0.005]]
[2020.07.06-11.45.14:437][  0]LogConfig: Setting CVar [[s.UseBackgroundLevelStreaming:1]]
[2020.07.06-11.45.14:437][  0]LogConfig: Setting CVar [[s.PriorityAsyncLoadingExtraTime:15.0]]
[2020.07.06-11.45.14:437][  0]LogConfig: Setting CVar [[s.LevelStreamingActorsUpdateTimeLimit:5.0]]
[2020.07.06-11.45.14:437][  0]LogConfig: Setting CVar [[s.PriorityLevelStreamingActorsUpdateExtraTime:5.0]]
[2020.07.06-11.45.14:437][  0]LogConfig: Setting CVar [[s.LevelStreamingComponentsRegistrationGranularity:10]]
[2020.07.06-11.45.14:437][  0]LogConfig: Setting CVar [[s.UnregisterComponentsTimeLimit:1.0]]
[2020.07.06-11.45.14:437][  0]LogConfig: Setting CVar [[s.LevelStreamingComponentsUnregistrationGranularity:5]]
[2020.07.06-11.45.14:437][  0]LogConfig: Setting CVar [[s.FlushStreamingOnExit:1]]
[2020.07.06-11.45.14:437][  0]LogConfig: Applying CVar settings from Section [/Script/Engine.GarbageCollectionSettings] File [C:/My/UnrealProjects/SI/Survival-Instinct/SI/Saved/Config/Windows/Engine.ini]
[2020.07.06-11.45.14:437][  0]LogConfig: Setting CVar [[gc.MaxObjectsNotConsideredByGC:1]]
[2020.07.06-11.45.14:437][  0]LogConfig: Setting CVar [[gc.SizeOfPermanentObjectPool:0]]
[2020.07.06-11.45.14:437][  0]LogConfig: Setting CVar [[gc.FlushStreamingOnGC:0]]
[2020.07.06-11.45.14:437][  0]LogConfig: Setting CVar [[gc.NumRetriesBeforeForcingGC:10]]
[2020.07.06-11.45.14:437][  0]LogConfig: Setting CVar [[gc.AllowParallelGC:1]]
[2020.07.06-11.45.14:437][  0]LogConfig: Setting CVar [[gc.TimeBetweenPurgingPendingKillObjects:61.1]]
[2020.07.06-11.45.14:437][  0]LogConfig: Setting CVar [[gc.MaxObjectsInEditor:25165824]]
[2020.07.06-11.45.14:437][  0]LogConfig: Setting CVar [[gc.IncrementalBeginDestroyEnabled:1]]
[2020.07.06-11.45.14:437][  0]LogConfig: Setting CVar [[gc.CreateGCClusters:1]]
[2020.07.06-11.45.14:437][  0]LogConfig: Setting CVar [[gc.MinGCClusterSize:5]]
[2020.07.06-11.45.14:437][  0]LogConfig: Setting CVar [[gc.ActorClusteringEnabled:0]]
[2020.07.06-11.45.14:437][  0]LogConfig: Setting CVar [[gc.BlueprintClusteringEnabled:0]]
[2020.07.06-11.45.14:438][  0]LogConfig: Setting CVar [[gc.UseDisregardForGCOnDedicatedServers:0]]
[2020.07.06-11.45.14:438][  0]LogConfig: Applying CVar settings from Section [/Script/Engine.NetworkSettings] File [C:/My/UnrealProjects/SI/Survival-Instinct/SI/Saved/Config/Windows/Engine.ini]
[2020.07.06-11.45.14:438][  0]LogConfig: Applying CVar settings from Section [/Script/UnrealEd.CookerSettings] File [C:/My/UnrealProjects/SI/Survival-Instinct/SI/Saved/Config/Windows/Engine.ini]
[2020.07.06-11.45.14:449][  0]LogConfig: Applying CVar settings from Section [ViewDistanceQuality@3] File [C:/My/UnrealProjects/SI/Survival-Instinct/SI/Saved/Config/Windows/Scalability.ini]
[2020.07.06-11.45.14:449][  0]LogConfig: Setting CVar [[r.SkeletalMeshLODBias:0]]
[2020.07.06-11.45.14:449][  0]LogConfig: Setting CVar [[r.ViewDistanceScale:1.0]]
[2020.07.06-11.45.14:449][  0]LogConfig: Applying CVar settings from Section [AntiAliasingQuality@3] File [C:/My/UnrealProjects/SI/Survival-Instinct/SI/Saved/Config/Windows/Scalability.ini]
[2020.07.06-11.45.14:449][  0]LogConfig: Setting CVar [[r.PostProcessAAQuality:4]]
[2020.07.06-11.45.14:449][  0]LogConfig: Applying CVar settings from Section [ShadowQuality@3] File [C:/My/UnrealProjects/SI/Survival-Instinct/SI/Saved/Config/Windows/Scalability.ini]
[2020.07.06-11.45.14:449][  0]LogConfig: Setting CVar [[r.LightFunctionQuality:1]]
[2020.07.06-11.45.14:449][  0]LogConfig: Setting CVar [[r.ShadowQuality:5]]
[2020.07.06-11.45.14:449][  0]LogConfig: Setting CVar [[r.Shadow.CSM.MaxCascades:10]]
[2020.07.06-11.45.14:449][  0]LogConfig: Setting CVar [[r.Shadow.MaxResolution:2048]]
[2020.07.06-11.45.14:449][  0]LogConfig: Setting CVar [[r.Shadow.MaxCSMResolution:2048]]
[2020.07.06-11.45.14:449][  0]LogConfig: Setting CVar [[r.Shadow.RadiusThreshold:0.01]]
[2020.07.06-11.45.14:449][  0]LogConfig: Setting CVar [[r.Shadow.DistanceScale:1.0]]
[2020.07.06-11.45.14:449][  0]LogConfig: Setting CVar [[r.Shadow.CSM.TransitionScale:1.0]]
[2020.07.06-11.45.14:449][  0]LogConfig: Setting CVar [[r.Shadow.PreShadowResolutionFactor:1.0]]
[2020.07.06-11.45.14:449][  0]LogConfig: Setting CVar [[r.DistanceFieldShadowing:1]]
[2020.07.06-11.45.14:449][  0]LogConfig: Setting CVar [[r.DistanceFieldAO:1]]
[2020.07.06-11.45.14:449][  0]LogConfig: Setting CVar [[r.AOQuality:2]]
[2020.07.06-11.45.14:449][  0]LogConfig: Setting CVar [[r.VolumetricFog:1]]
[2020.07.06-11.45.14:449][  0]LogConfig: Setting CVar [[r.VolumetricFog.GridPixelSize:8]]
[2020.07.06-11.45.14:449][  0]LogConfig: Setting CVar [[r.VolumetricFog.GridSizeZ:128]]
[2020.07.06-11.45.14:449][  0]LogConfig: Setting CVar [[r.VolumetricFog.HistoryMissSupersampleCount:4]]
[2020.07.06-11.45.14:449][  0]LogConfig: Setting CVar [[r.LightMaxDrawDistanceScale:1]]
[2020.07.06-11.45.14:449][  0]LogConfig: Setting CVar [[r.CapsuleShadows:1]]
[2020.07.06-11.45.14:449][  0]LogConfig: Applying CVar settings from Section [PostProcessQuality@3] File [C:/My/UnrealProjects/SI/Survival-Instinct/SI/Saved/Config/Windows/Scalability.ini]
[2020.07.06-11.45.14:449][  0]LogConfig: Setting CVar [[r.MotionBlurQuality:4]]
[2020.07.06-11.45.14:449][  0]LogConfig: Setting CVar [[r.AmbientOcclusionMipLevelFactor:0.4]]
[2020.07.06-11.45.14:449][  0]LogConfig: Setting CVar [[r.AmbientOcclusionMaxQuality:100]]
[2020.07.06-11.45.14:449][  0]LogConfig: Setting CVar [[r.AmbientOcclusionLevels:-1]]
[2020.07.06-11.45.14:449][  0]LogConfig: Setting CVar [[r.AmbientOcclusionRadiusScale:1.0]]
[2020.07.06-11.45.14:449][  0]LogConfig: Setting CVar [[r.DepthOfFieldQuality:2]]
[2020.07.06-11.45.14:449][  0]LogConfig: Setting CVar [[r.RenderTargetPoolMin:400]]
[2020.07.06-11.45.14:449][  0]LogConfig: Setting CVar [[r.LensFlareQuality:2]]
[2020.07.06-11.45.14:449][  0]LogConfig: Setting CVar [[r.SceneColorFringeQuality:1]]
[2020.07.06-11.45.14:449][  0]LogConfig: Setting CVar [[r.EyeAdaptationQuality:2]]
[2020.07.06-11.45.14:449][  0]LogConfig: Setting CVar [[r.BloomQuality:5]]
[2020.07.06-11.45.14:449][  0]LogConfig: Setting CVar [[r.FastBlurThreshold:100]]
[2020.07.06-11.45.14:449][  0]LogConfig: Setting CVar [[r.Upscale.Quality:3]]
[2020.07.06-11.45.14:449][  0]LogConfig: Setting CVar [[r.Tonemapper.GrainQuantization:1]]
[2020.07.06-11.45.14:449][  0]LogConfig: Setting CVar [[r.LightShaftQuality:1]]
[2020.07.06-11.45.14:449][  0]LogConfig: Setting CVar [[r.Filter.SizeScale:1]]
[2020.07.06-11.45.14:449][  0]LogConfig: Setting CVar [[r.Tonemapper.Quality:5]]
[2020.07.06-11.45.14:449][  0]LogConfig: Setting CVar [[r.DOF.Gather.AccumulatorQuality:1        ; higher gathering accumulator quality]]
[2020.07.06-11.45.14:449][  0]LogConfig: Setting CVar [[r.DOF.Gather.PostfilterMethod:1          ; Median3x3 postfilering method]]
[2020.07.06-11.45.14:449][  0]LogConfig: Setting CVar [[r.DOF.Gather.EnableBokehSettings:0       ; no bokeh simulation when gathering]]
[2020.07.06-11.45.14:449][  0]LogConfig: Setting CVar [[r.DOF.Gather.RingCount:4                 ; medium number of samples when gathering]]
[2020.07.06-11.45.14:449][  0]LogConfig: Setting CVar [[r.DOF.Scatter.ForegroundCompositing:1    ; additive foreground scattering]]
[2020.07.06-11.45.14:449][  0]LogConfig: Setting CVar [[r.DOF.Scatter.BackgroundCompositing:2    ; additive background scattering]]
[2020.07.06-11.45.14:449][  0]LogConfig: Setting CVar [[r.DOF.Scatter.EnableBokehSettings:1      ; bokeh simulation when scattering]]
[2020.07.06-11.45.14:449][  0]LogConfig: Setting CVar [[r.DOF.Scatter.MaxSpriteRatio:0.1         ; only a maximum of 10% of scattered bokeh]]
[2020.07.06-11.45.14:449][  0]LogConfig: Setting CVar [[r.DOF.Recombine.Quality:1                ; cheap slight out of focus]]
[2020.07.06-11.45.14:449][  0]LogConfig: Setting CVar [[r.DOF.Recombine.EnableBokehSettings:0    ; no bokeh simulation on slight out of focus]]
[2020.07.06-11.45.14:449][  0]LogConfig: Setting CVar [[r.DOF.TemporalAAQuality:1                ; more stable temporal accumulation]]
[2020.07.06-11.45.14:449][  0]LogConfig: Setting CVar [[r.DOF.Kernel.MaxForegroundRadius:0.025]]
[2020.07.06-11.45.14:449][  0]LogConfig: Setting CVar [[r.DOF.Kernel.MaxBackgroundRadius:0.025]]
[2020.07.06-11.45.14:449][  0]LogConfig: Applying CVar settings from Section [TextureQuality@3] File [C:/My/UnrealProjects/SI/Survival-Instinct/SI/Saved/Config/Windows/Scalability.ini]
[2020.07.06-11.45.14:449][  0]LogConfig: Setting CVar [[r.Streaming.MipBias:0]]
[2020.07.06-11.45.14:449][  0]LogConfig: Setting CVar [[r.Streaming.AmortizeCPUToGPUCopy:0]]
[2020.07.06-11.45.14:449][  0]LogConfig: Setting CVar [[r.Streaming.MaxNumTexturesToStreamPerFrame:0]]
[2020.07.06-11.45.14:449][  0]LogConfig: Setting CVar [[r.Streaming.Boost:1]]
[2020.07.06-11.45.14:449][  0]LogConfig: Setting CVar [[r.MaxAnisotropy:8]]
[2020.07.06-11.45.14:449][  0]LogConfig: Setting CVar [[r.VT.MaxAnisotropy:8]]
[2020.07.06-11.45.14:449][  0]LogConfig: Setting CVar [[r.Streaming.LimitPoolSizeToVRAM:0]]
[2020.07.06-11.45.14:449][  0]LogConfig: Setting CVar [[r.Streaming.PoolSize:1000]]
[2020.07.06-11.45.14:449][  0]LogConfig: Setting CVar [[r.Streaming.MaxEffectiveScreenSize:0]]
[2020.07.06-11.45.14:449][  0]LogConfig: Applying CVar settings from Section [EffectsQuality@3] File [C:/My/UnrealProjects/SI/Survival-Instinct/SI/Saved/Config/Windows/Scalability.ini]
[2020.07.06-11.45.14:449][  0]LogConfig: Setting CVar [[r.TranslucencyLightingVolumeDim:64]]
[2020.07.06-11.45.14:449][  0]LogConfig: Setting CVar [[r.RefractionQuality:2]]
[2020.07.06-11.45.14:449][  0]LogConfig: Setting CVar [[r.SSR.Quality:3]]
[2020.07.06-11.45.14:449][  0]LogConfig: Setting CVar [[r.SSR.HalfResSceneColor:0]]
[2020.07.06-11.45.14:449][  0]LogConfig: Setting CVar [[r.SceneColorFormat:4]]
[2020.07.06-11.45.14:449][  0]LogConfig: Setting CVar [[r.DetailMode:2]]
[2020.07.06-11.45.14:449][  0]LogConfig: Setting CVar [[r.TranslucencyVolumeBlur:1]]
[2020.07.06-11.45.14:449][  0]LogConfig: Setting CVar [[r.MaterialQualityLevel:1 ; High quality]]
[2020.07.06-11.45.14:449][  0]LogConfig: Setting CVar [[r.SSS.Scale:1]]
[2020.07.06-11.45.14:449][  0]LogConfig: Setting CVar [[r.SSS.SampleSet:2]]
[2020.07.06-11.45.14:449][  0]LogConfig: Setting CVar [[r.SSS.Quality:1]]
[2020.07.06-11.45.14:449][  0]LogConfig: Setting CVar [[r.SSS.HalfRes:0]]
[2020.07.06-11.45.14:449][  0]LogConfig: Setting CVar [[r.SSGI.Quality:3]]
[2020.07.06-11.45.14:449][  0]LogConfig: Setting CVar [[r.EmitterSpawnRateScale:1.0]]
[2020.07.06-11.45.14:449][  0]LogConfig: Setting CVar [[r.ParticleLightQuality:2]]
[2020.07.06-11.45.14:449][  0]LogConfig: Setting CVar [[r.SkyAtmosphere.AerialPerspectiveLUT.FastApplyOnOpaque:1 ; Always have FastSkyLUT 1 in this case to avoid wrong sky]]
[2020.07.06-11.45.14:449][  0]LogConfig: Setting CVar [[r.SkyAtmosphere.AerialPerspectiveLUT.SampleCountPerSlice:1]]
[2020.07.06-11.45.14:449][  0]LogConfig: Setting CVar [[r.SkyAtmosphere.AerialPerspectiveLUT.DepthResolution:16.0]]
[2020.07.06-11.45.14:449][  0]LogConfig: Setting CVar [[r.SkyAtmosphere.FastSkyLUT:1]]
[2020.07.06-11.45.14:450][  0]LogConfig: Setting CVar [[r.SkyAtmosphere.FastSkyLUT.SampleCountMin:4.0]]
[2020.07.06-11.45.14:450][  0]LogConfig: Setting CVar [[r.SkyAtmosphere.FastSkyLUT.SampleCountMax:32.0]]
[2020.07.06-11.45.14:450][  0]LogConfig: Setting CVar [[r.SkyAtmosphere.SampleCountMin:4.0]]
[2020.07.06-11.45.14:450][  0]LogConfig: Setting CVar [[r.SkyAtmosphere.SampleCountMax:32.0]]
[2020.07.06-11.45.14:450][  0]LogConfig: Setting CVar [[r.SkyAtmosphere.TransmittanceLUT.UseSmallFormat:0]]
[2020.07.06-11.45.14:450][  0]LogConfig: Setting CVar [[r.SkyAtmosphere.TransmittanceLUT.SampleCount:10.0]]
[2020.07.06-11.45.14:450][  0]LogConfig: Setting CVar [[r.SkyAtmosphere.MultiScatteringLUT.SampleCount:15.0]]
[2020.07.06-11.45.14:450][  0]LogConfig: Applying CVar settings from Section [FoliageQuality@3] File [C:/My/UnrealProjects/SI/Survival-Instinct/SI/Saved/Config/Windows/Scalability.ini]
[2020.07.06-11.45.14:450][  0]LogConfig: Setting CVar [[foliage.DensityScale:1.0]]
[2020.07.06-11.45.14:450][  0]LogConfig: Setting CVar [[grass.DensityScale:1.0]]
[2020.07.06-11.45.14:450][  0]LogConfig: Applying CVar settings from Section [ShadingQuality@3] File [C:/My/UnrealProjects/SI/Survival-Instinct/SI/Saved/Config/Windows/Scalability.ini]
[2020.07.06-11.45.14:450][  0]LogConfig: Setting CVar [[r.HairStrands.SkyLighting.SampleCount:16]]
[2020.07.06-11.45.14:450][  0]LogConfig: Setting CVar [[r.HairStrands.SkyLighting.JitterIntegration:0]]
[2020.07.06-11.45.14:450][  0]LogConfig: Setting CVar [[r.HairStrands.SkyAO.SampleCount:16]]
[2020.07.06-11.45.14:450][  0]LogConfig: Setting CVar [[r.HairStrands.DeepShadow.SuperSampling:0]]
[2020.07.06-11.45.14:450][  0]LogConfig: Setting CVar [[r.HairStrands.VisibilityPPLL:0]]
[2020.07.06-11.45.14:450][  0]LogConfig: Setting CVar [[r.HairStrands.RasterizationScale:0.5]]
[2020.07.06-11.45.14:450][  0]LogConfig: Setting CVar [[r.HairStrands.VelocityRasterizationScale:1]]
[2020.07.06-11.45.14:450][  0]LogInit: Selected Device Profile: [Windows]
[2020.07.06-11.45.14:450][  0]LogInit: Applying CVar settings loaded from the selected device profile: [Windows]
[2020.07.06-11.45.14:450][  0]LogHAL: Display: Platform has ~ 64 GB [68606390272 / 68719476736 / 64], which maps to Largest [LargestMinGB=32, LargerMinGB=12, DefaultMinGB=8, SmallerMinGB=6, SmallestMinGB=0)
[2020.07.06-11.45.14:450][  0]LogInit: Going up to parent DeviceProfile []
[2020.07.06-11.45.14:450][  0]LogConfig: Applying CVar settings from Section [ViewDistanceQuality@3] File [C:/My/UnrealProjects/SI/Survival-Instinct/SI/Saved/Config/Windows/Scalability.ini]
[2020.07.06-11.45.14:450][  0]LogConfig: Setting CVar [[r.SkeletalMeshLODBias:0]]
[2020.07.06-11.45.14:450][  0]LogConfig: Setting CVar [[r.ViewDistanceScale:1.0]]
[2020.07.06-11.45.14:450][  0]LogConfig: Applying CVar settings from Section [AntiAliasingQuality@3] File [C:/My/UnrealProjects/SI/Survival-Instinct/SI/Saved/Config/Windows/Scalability.ini]
[2020.07.06-11.45.14:450][  0]LogConfig: Setting CVar [[r.PostProcessAAQuality:4]]
[2020.07.06-11.45.14:450][  0]LogConfig: Applying CVar settings from Section [ShadowQuality@3] File [C:/My/UnrealProjects/SI/Survival-Instinct/SI/Saved/Config/Windows/Scalability.ini]
[2020.07.06-11.45.14:450][  0]LogConfig: Setting CVar [[r.LightFunctionQuality:1]]
[2020.07.06-11.45.14:450][  0]LogConfig: Setting CVar [[r.ShadowQuality:5]]
[2020.07.06-11.45.14:450][  0]LogConfig: Setting CVar [[r.Shadow.CSM.MaxCascades:10]]
[2020.07.06-11.45.14:450][  0]LogConfig: Setting CVar [[r.Shadow.MaxResolution:2048]]
[2020.07.06-11.45.14:450][  0]LogConfig: Setting CVar [[r.Shadow.MaxCSMResolution:2048]]
[2020.07.06-11.45.14:450][  0]LogConfig: Setting CVar [[r.Shadow.RadiusThreshold:0.01]]
[2020.07.06-11.45.14:450][  0]LogConfig: Setting CVar [[r.Shadow.DistanceScale:1.0]]
[2020.07.06-11.45.14:450][  0]LogConfig: Setting CVar [[r.Shadow.CSM.TransitionScale:1.0]]
[2020.07.06-11.45.14:450][  0]LogConfig: Setting CVar [[r.Shadow.PreShadowResolutionFactor:1.0]]
[2020.07.06-11.45.14:450][  0]LogConfig: Setting CVar [[r.DistanceFieldShadowing:1]]
[2020.07.06-11.45.14:450][  0]LogConfig: Setting CVar [[r.DistanceFieldAO:1]]
[2020.07.06-11.45.14:450][  0]LogConfig: Setting CVar [[r.AOQuality:2]]
[2020.07.06-11.45.14:450][  0]LogConfig: Setting CVar [[r.VolumetricFog:1]]
[2020.07.06-11.45.14:450][  0]LogConfig: Setting CVar [[r.VolumetricFog.GridPixelSize:8]]
[2020.07.06-11.45.14:450][  0]LogConfig: Setting CVar [[r.VolumetricFog.GridSizeZ:128]]
[2020.07.06-11.45.14:450][  0]LogConfig: Setting CVar [[r.VolumetricFog.HistoryMissSupersampleCount:4]]
[2020.07.06-11.45.14:450][  0]LogConfig: Setting CVar [[r.LightMaxDrawDistanceScale:1]]
[2020.07.06-11.45.14:450][  0]LogConfig: Setting CVar [[r.CapsuleShadows:1]]
[2020.07.06-11.45.14:450][  0]LogConfig: Applying CVar settings from Section [PostProcessQuality@3] File [C:/My/UnrealProjects/SI/Survival-Instinct/SI/Saved/Config/Windows/Scalability.ini]
[2020.07.06-11.45.14:450][  0]LogConfig: Setting CVar [[r.MotionBlurQuality:4]]
[2020.07.06-11.45.14:450][  0]LogConfig: Setting CVar [[r.AmbientOcclusionMipLevelFactor:0.4]]
[2020.07.06-11.45.14:450][  0]LogConfig: Setting CVar [[r.AmbientOcclusionMaxQuality:100]]
[2020.07.06-11.45.14:450][  0]LogConfig: Setting CVar [[r.AmbientOcclusionLevels:-1]]
[2020.07.06-11.45.14:450][  0]LogConfig: Setting CVar [[r.AmbientOcclusionRadiusScale:1.0]]
[2020.07.06-11.45.14:450][  0]LogConfig: Setting CVar [[r.DepthOfFieldQuality:2]]
[2020.07.06-11.45.14:450][  0]LogConfig: Setting CVar [[r.RenderTargetPoolMin:400]]
[2020.07.06-11.45.14:450][  0]LogConfig: Setting CVar [[r.LensFlareQuality:2]]
[2020.07.06-11.45.14:450][  0]LogConfig: Setting CVar [[r.SceneColorFringeQuality:1]]
[2020.07.06-11.45.14:450][  0]LogConfig: Setting CVar [[r.EyeAdaptationQuality:2]]
[2020.07.06-11.45.14:450][  0]LogConfig: Setting CVar [[r.BloomQuality:5]]
[2020.07.06-11.45.14:450][  0]LogConfig: Setting CVar [[r.FastBlurThreshold:100]]
[2020.07.06-11.45.14:450][  0]LogConfig: Setting CVar [[r.Upscale.Quality:3]]
[2020.07.06-11.45.14:450][  0]LogConfig: Setting CVar [[r.Tonemapper.GrainQuantization:1]]
[2020.07.06-11.45.14:450][  0]LogConfig: Setting CVar [[r.LightShaftQuality:1]]
[2020.07.06-11.45.14:450][  0]LogConfig: Setting CVar [[r.Filter.SizeScale:1]]
[2020.07.06-11.45.14:450][  0]LogConfig: Setting CVar [[r.Tonemapper.Quality:5]]
[2020.07.06-11.45.14:450][  0]LogConfig: Setting CVar [[r.DOF.Gather.AccumulatorQuality:1        ; higher gathering accumulator quality]]
[2020.07.06-11.45.14:450][  0]LogConfig: Setting CVar [[r.DOF.Gather.PostfilterMethod:1          ; Median3x3 postfilering method]]
[2020.07.06-11.45.14:450][  0]LogConfig: Setting CVar [[r.DOF.Gather.EnableBokehSettings:0       ; no bokeh simulation when gathering]]
[2020.07.06-11.45.14:450][  0]LogConfig: Setting CVar [[r.DOF.Gather.RingCount:4                 ; medium number of samples when gathering]]
[2020.07.06-11.45.14:450][  0]LogConfig: Setting CVar [[r.DOF.Scatter.ForegroundCompositing:1    ; additive foreground scattering]]
[2020.07.06-11.45.14:450][  0]LogConfig: Setting CVar [[r.DOF.Scatter.BackgroundCompositing:2    ; additive background scattering]]
[2020.07.06-11.45.14:450][  0]LogConfig: Setting CVar [[r.DOF.Scatter.EnableBokehSettings:1      ; bokeh simulation when scattering]]
[2020.07.06-11.45.14:450][  0]LogConfig: Setting CVar [[r.DOF.Scatter.MaxSpriteRatio:0.1         ; only a maximum of 10% of scattered bokeh]]
[2020.07.06-11.45.14:450][  0]LogConfig: Setting CVar [[r.DOF.Recombine.Quality:1                ; cheap slight out of focus]]
[2020.07.06-11.45.14:450][  0]LogConfig: Setting CVar [[r.DOF.Recombine.EnableBokehSettings:0    ; no bokeh simulation on slight out of focus]]
[2020.07.06-11.45.14:450][  0]LogConfig: Setting CVar [[r.DOF.TemporalAAQuality:1                ; more stable temporal accumulation]]
[2020.07.06-11.45.14:450][  0]LogConfig: Setting CVar [[r.DOF.Kernel.MaxForegroundRadius:0.025]]
[2020.07.06-11.45.14:450][  0]LogConfig: Setting CVar [[r.DOF.Kernel.MaxBackgroundRadius:0.025]]
[2020.07.06-11.45.14:450][  0]LogConfig: Applying CVar settings from Section [TextureQuality@3] File [C:/My/UnrealProjects/SI/Survival-Instinct/SI/Saved/Config/Windows/Scalability.ini]
[2020.07.06-11.45.14:450][  0]LogConfig: Setting CVar [[r.Streaming.MipBias:0]]
[2020.07.06-11.45.14:450][  0]LogConfig: Setting CVar [[r.Streaming.AmortizeCPUToGPUCopy:0]]
[2020.07.06-11.45.14:450][  0]LogConfig: Setting CVar [[r.Streaming.MaxNumTexturesToStreamPerFrame:0]]
[2020.07.06-11.45.14:450][  0]LogConfig: Setting CVar [[r.Streaming.Boost:1]]
[2020.07.06-11.45.14:450][  0]LogConfig: Setting CVar [[r.MaxAnisotropy:8]]
[2020.07.06-11.45.14:450][  0]LogConfig: Setting CVar [[r.VT.MaxAnisotropy:8]]
[2020.07.06-11.45.14:450][  0]LogConfig: Setting CVar [[r.Streaming.LimitPoolSizeToVRAM:0]]
[2020.07.06-11.45.14:451][  0]LogConfig: Setting CVar [[r.Streaming.PoolSize:1000]]
[2020.07.06-11.45.14:451][  0]LogConfig: Setting CVar [[r.Streaming.MaxEffectiveScreenSize:0]]
[2020.07.06-11.45.14:451][  0]LogConfig: Applying CVar settings from Section [EffectsQuality@3] File [C:/My/UnrealProjects/SI/Survival-Instinct/SI/Saved/Config/Windows/Scalability.ini]
[2020.07.06-11.45.14:451][  0]LogConfig: Setting CVar [[r.TranslucencyLightingVolumeDim:64]]
[2020.07.06-11.45.14:451][  0]LogConfig: Setting CVar [[r.RefractionQuality:2]]
[2020.07.06-11.45.14:451][  0]LogConfig: Setting CVar [[r.SSR.Quality:3]]
[2020.07.06-11.45.14:451][  0]LogConfig: Setting CVar [[r.SSR.HalfResSceneColor:0]]
[2020.07.06-11.45.14:451][  0]LogConfig: Setting CVar [[r.SceneColorFormat:4]]
[2020.07.06-11.45.14:451][  0]LogConfig: Setting CVar [[r.DetailMode:2]]
[2020.07.06-11.45.14:451][  0]LogConfig: Setting CVar [[r.TranslucencyVolumeBlur:1]]
[2020.07.06-11.45.14:451][  0]LogConfig: Setting CVar [[r.MaterialQualityLevel:1 ; High quality]]
[2020.07.06-11.45.14:451][  0]LogConfig: Setting CVar [[r.SSS.Scale:1]]
[2020.07.06-11.45.14:451][  0]LogConfig: Setting CVar [[r.SSS.SampleSet:2]]
[2020.07.06-11.45.14:451][  0]LogConfig: Setting CVar [[r.SSS.Quality:1]]
[2020.07.06-11.45.14:451][  0]LogConfig: Setting CVar [[r.SSS.HalfRes:0]]
[2020.07.06-11.45.14:451][  0]LogConfig: Setting CVar [[r.SSGI.Quality:3]]
[2020.07.06-11.45.14:451][  0]LogConfig: Setting CVar [[r.EmitterSpawnRateScale:1.0]]
[2020.07.06-11.45.14:451][  0]LogConfig: Setting CVar [[r.ParticleLightQuality:2]]
[2020.07.06-11.45.14:451][  0]LogConfig: Setting CVar [[r.SkyAtmosphere.AerialPerspectiveLUT.FastApplyOnOpaque:1 ; Always have FastSkyLUT 1 in this case to avoid wrong sky]]
[2020.07.06-11.45.14:451][  0]LogConfig: Setting CVar [[r.SkyAtmosphere.AerialPerspectiveLUT.SampleCountPerSlice:1]]
[2020.07.06-11.45.14:451][  0]LogConfig: Setting CVar [[r.SkyAtmosphere.AerialPerspectiveLUT.DepthResolution:16.0]]
[2020.07.06-11.45.14:451][  0]LogConfig: Setting CVar [[r.SkyAtmosphere.FastSkyLUT:1]]
[2020.07.06-11.45.14:451][  0]LogConfig: Setting CVar [[r.SkyAtmosphere.FastSkyLUT.SampleCountMin:4.0]]
[2020.07.06-11.45.14:451][  0]LogConfig: Setting CVar [[r.SkyAtmosphere.FastSkyLUT.SampleCountMax:32.0]]
[2020.07.06-11.45.14:451][  0]LogConfig: Setting CVar [[r.SkyAtmosphere.SampleCountMin:4.0]]
[2020.07.06-11.45.14:451][  0]LogConfig: Setting CVar [[r.SkyAtmosphere.SampleCountMax:32.0]]
[2020.07.06-11.45.14:451][  0]LogConfig: Setting CVar [[r.SkyAtmosphere.TransmittanceLUT.UseSmallFormat:0]]
[2020.07.06-11.45.14:451][  0]LogConfig: Setting CVar [[r.SkyAtmosphere.TransmittanceLUT.SampleCount:10.0]]
[2020.07.06-11.45.14:451][  0]LogConfig: Setting CVar [[r.SkyAtmosphere.MultiScatteringLUT.SampleCount:15.0]]
[2020.07.06-11.45.14:451][  0]LogConfig: Applying CVar settings from Section [FoliageQuality@3] File [C:/My/UnrealProjects/SI/Survival-Instinct/SI/Saved/Config/Windows/Scalability.ini]
[2020.07.06-11.45.14:451][  0]LogConfig: Setting CVar [[foliage.DensityScale:1.0]]
[2020.07.06-11.45.14:451][  0]LogConfig: Setting CVar [[grass.DensityScale:1.0]]
[2020.07.06-11.45.14:451][  0]LogConfig: Applying CVar settings from Section [ShadingQuality@3] File [C:/My/UnrealProjects/SI/Survival-Instinct/SI/Saved/Config/Windows/Scalability.ini]
[2020.07.06-11.45.14:451][  0]LogConfig: Setting CVar [[r.HairStrands.SkyLighting.SampleCount:16]]
[2020.07.06-11.45.14:451][  0]LogConfig: Setting CVar [[r.HairStrands.SkyLighting.JitterIntegration:0]]
[2020.07.06-11.45.14:451][  0]LogConfig: Setting CVar [[r.HairStrands.SkyAO.SampleCount:16]]
[2020.07.06-11.45.14:451][  0]LogConfig: Setting CVar [[r.HairStrands.DeepShadow.SuperSampling:0]]
[2020.07.06-11.45.14:451][  0]LogConfig: Setting CVar [[r.HairStrands.VisibilityPPLL:0]]
[2020.07.06-11.45.14:451][  0]LogConfig: Setting CVar [[r.HairStrands.RasterizationScale:0.5]]
[2020.07.06-11.45.14:451][  0]LogConfig: Setting CVar [[r.HairStrands.VelocityRasterizationScale:1]]
[2020.07.06-11.45.14:451][  0]LogConfig: Applying CVar settings from Section [Startup] File [../../../Engine/Config/ConsoleVariables.ini]
[2020.07.06-11.45.14:451][  0]LogConfig: Setting CVar [[net.UseAdaptiveNetUpdateFrequency:0]]
[2020.07.06-11.45.14:451][  0]LogConfig: Setting CVar [[p.chaos.AllowCreatePhysxBodies:1]]
[2020.07.06-11.45.14:451][  0]LogConfig: Setting CVar [[fx.SkipVectorVMBackendOptimizations:1]]
[2020.07.06-11.45.14:451][  0]LogConfig: Applying CVar settings from Section [ConsoleVariables] File [C:/My/UnrealProjects/SI/Survival-Instinct/SI/Saved/Config/Windows/Engine.ini]
[2020.07.06-11.45.14:451][  0]LogInit: Computer: DESKTOP-R4EHBLB
[2020.07.06-11.45.14:451][  0]LogInit: User: ricardo
[2020.07.06-11.45.14:451][  0]LogInit: CPU Page size=4096, Cores=8
[2020.07.06-11.45.14:451][  0]LogInit: High frequency timer resolution =10.000000 MHz
[2020.07.06-11.45.14:451][  0]LogMemory: Memory total: Physical=63.9GB (64GB approx)
[2020.07.06-11.45.14:451][  0]LogMemory: Platform Memory Stats for Windows
[2020.07.06-11.45.14:451][  0]LogMemory: Process Physical Memory: 118.32 MB used, 118.32 MB peak
[2020.07.06-11.45.14:451][  0]LogMemory: Process Virtual Memory: 104.00 MB used, 104.00 MB peak
[2020.07.06-11.45.14:451][  0]LogMemory: Physical Memory: 11777.91 MB used,  53650.24 MB free, 65428.15 MB total
[2020.07.06-11.45.14:451][  0]LogMemory: Virtual Memory: 5194.21 MB used,  134212536.00 MB free, 134217728.00 MB total
[2020.07.06-11.45.14:478][  0]LogWindows: WindowsPlatformFeatures enabled
[2020.07.06-11.45.14:499][  0]LogInit: Physics initialised using underlying interface: PhysX
[2020.07.06-11.45.14:500][  0]LogInit: Using OS detected language (en-US).
[2020.07.06-11.45.14:500][  0]LogInit: Using OS detected locale (en-US).
[2020.07.06-11.45.14:502][  0]LogTextLocalizationManager: No specific localization for 'en-US' exists, so the 'en' localization will be used.
[2020.07.06-11.45.14:710][  0]LogInit: Setting process to per monitor DPI aware
[2020.07.06-11.45.14:749][  0]LogSlate: New Slate User Created.  User Index 0, Is Virtual User: 0
[2020.07.06-11.45.14:749][  0]LogSlate: Slate User Registered.  User Index 0, Is Virtual User: 0
[2020.07.06-11.45.14:860][  0]LogHMD: Failed to initialize OpenVR with code 110
[2020.07.06-11.45.14:860][  0]LogD3D11RHI: D3D11 min allowed feature level: 11_0
[2020.07.06-11.45.14:860][  0]LogD3D11RHI: D3D11 max allowed feature level: 11_0
[2020.07.06-11.45.14:860][  0]LogD3D11RHI: D3D11 adapters:
[2020.07.06-11.45.14:887][  0]LogD3D11RHI:    0. 'AMD Radeon Pro 5500M' (Feature Level 11_0)
[2020.07.06-11.45.14:887][  0]LogD3D11RHI:       8152/0/32714 MB DedicatedVideo/DedicatedSystem/SharedSystem, Outputs:3, VendorId:0x1002
[2020.07.06-11.45.14:888][  0]LogD3D11RHI:    1. 'Microsoft Basic Render Driver' (Feature Level 11_0)
[2020.07.06-11.45.14:888][  0]LogD3D11RHI:       0/0/32714 MB DedicatedVideo/DedicatedSystem/SharedSystem, Outputs:0, VendorId:0x1414
[2020.07.06-11.45.14:888][  0]LogD3D11RHI: Chosen D3D11 Adapter: 0
[2020.07.06-11.45.14:893][  0]LogD3D11RHI: Creating new Direct3DDevice
[2020.07.06-11.45.14:893][  0]LogD3D11RHI:     GPU DeviceId: 0x7340 (for the marketing name, search the web for "GPU Device Id")
[2020.07.06-11.45.14:893][  0]LogWindows: EnumDisplayDevices:
[2020.07.06-11.45.14:893][  0]LogWindows:    0. 'AMD Radeon Pro 5500M' (P:1 D:1)
[2020.07.06-11.45.14:894][  0]LogWindows:    1. 'AMD Radeon Pro 5500M' (P:0 D:1)
[2020.07.06-11.45.14:894][  0]LogWindows:    2. 'AMD Radeon Pro 5500M' (P:0 D:1)
[2020.07.06-11.45.14:894][  0]LogWindows:    3. 'AMD Radeon Pro 5500M' (P:0 D:0)
[2020.07.06-11.45.14:894][  0]LogWindows:    4. 'AMD Radeon Pro 5500M' (P:0 D:0)
[2020.07.06-11.45.14:895][  0]LogWindows:    5. 'AMD Radeon Pro 5500M' (P:0 D:0)
[2020.07.06-11.45.14:895][  0]LogWindows:    6. 'AMD Radeon Pro 5500M' (P:0 D:0)
[2020.07.06-11.45.14:895][  0]LogWindows: DebugString: FoundDriverCount:7 
[2020.07.06-11.45.14:895][  0]LogD3D11RHI:     Adapter Name: AMD Radeon Pro 5500M
[2020.07.06-11.45.14:895][  0]LogD3D11RHI:   Driver Version: Adrenalin 19.30.03.05 (internal:26.20.13003.5002, unified:26.20.13003.5002)
[2020.07.06-11.45.14:895][  0]LogD3D11RHI:      Driver Date: 11-13-2019
[2020.07.06-11.45.14:895][  0]LogRHI: Texture pool is 5168 MB (70% of 7384 MB)
[2020.07.06-11.45.14:963][  0]LogD3D11RHI: RHI does not have support for 64 bit atomics
[2020.07.06-11.45.14:963][  0]LogD3D11RHI: Async texture creation enabled
[2020.07.06-11.45.14:963][  0]LogD3D11RHI: Array index from any shader is supported
[2020.07.06-11.45.14:979][  0]LogD3D11RHI: GPU Timing Frequency: 100.000000 (Debug: 2 1)
[2020.07.06-11.45.15:207][  0]LogTargetPlatformManager: Display: Loaded TargetPlatform 'AllDesktop'
[2020.07.06-11.45.15:225][  0]LogTargetPlatformManager: Display: Loaded TargetPlatform 'Android'
[2020.07.06-11.45.15:225][  0]LogTargetPlatformManager: Display: Loaded TargetPlatform 'Android_ASTC'
[2020.07.06-11.45.15:225][  0]LogTargetPlatformManager: Display: Loaded TargetPlatform 'Android_DXT'
[2020.07.06-11.45.15:225][  0]LogTargetPlatformManager: Display: Loaded TargetPlatform 'Android_ETC2'
[2020.07.06-11.45.15:225][  0]LogTargetPlatformManager: Display: Loaded TargetPlatform 'AndroidClient'
[2020.07.06-11.45.15:225][  0]LogTargetPlatformManager: Display: Loaded TargetPlatform 'Android_ASTCClient'
[2020.07.06-11.45.15:225][  0]LogTargetPlatformManager: Display: Loaded TargetPlatform 'Android_DXTClient'
[2020.07.06-11.45.15:225][  0]LogTargetPlatformManager: Display: Loaded TargetPlatform 'Android_ETC2Client'
[2020.07.06-11.45.15:225][  0]LogTargetPlatformManager: Display: Loaded TargetPlatform 'Android_Multi'
[2020.07.06-11.45.15:225][  0]LogTargetPlatformManager: Display: Loaded TargetPlatform 'Android_MultiClient'
[2020.07.06-11.45.15:244][  0]LogTargetPlatformManager: Display: Loaded TargetPlatform 'IOSClient'
[2020.07.06-11.45.15:245][  0]LogTargetPlatformManager: Display: Loaded TargetPlatform 'IOS'
[2020.07.06-11.45.15:254][  0]LogTargetPlatformManager: Display: Loaded TargetPlatform 'Linux'
[2020.07.06-11.45.15:261][  0]LogTargetPlatformManager: Display: Loaded TargetPlatform 'LinuxNoEditor'
[2020.07.06-11.45.15:271][  0]LogTargetPlatformManager: Display: Loaded TargetPlatform 'LinuxClient'
[2020.07.06-11.45.15:280][  0]LogTargetPlatformManager: Display: Loaded TargetPlatform 'LinuxServer'
[2020.07.06-11.45.15:290][  0]LogTargetPlatformManager: Display: Loaded TargetPlatform 'LinuxAArch64NoEditor'
[2020.07.06-11.45.15:301][  0]LogTargetPlatformManager: Display: Loaded TargetPlatform 'LinuxAArch64Client'
[2020.07.06-11.45.15:311][  0]LogTargetPlatformManager: Display: Loaded TargetPlatform 'LinuxAArch64Server'
[2020.07.06-11.45.15:338][  0]LogTargetPlatformManager: Display: Loaded TargetPlatform 'Lumin'
[2020.07.06-11.45.15:338][  0]LogTargetPlatformManager: Display: Loaded TargetPlatform 'LuminClient'
[2020.07.06-11.45.15:354][  0]LogTargetPlatformManager: Display: Loaded TargetPlatform 'TVOSClient'
[2020.07.06-11.45.15:354][  0]LogTargetPlatformManager: Display: Loaded TargetPlatform 'TVOS'
[2020.07.06-11.45.15:362][  0]LogTargetPlatformManager: Display: Loaded TargetPlatform 'WindowsNoEditor'
[2020.07.06-11.45.15:370][  0]LogTargetPlatformManager: Display: Loaded TargetPlatform 'Windows'
[2020.07.06-11.45.15:378][  0]LogTargetPlatformManager: Display: Loaded TargetPlatform 'WindowsClient'
[2020.07.06-11.45.15:385][  0]LogTargetPlatformManager: Display: Loaded TargetPlatform 'WindowsServer'
[2020.07.06-11.45.15:385][  0]LogTargetPlatformManager: Display: Building Assets For Windows
[2020.07.06-11.45.15:392][  0]LogAudioDebug: Display: Lib vorbis DLL was dynamically loaded.
[2020.07.06-11.45.15:440][  0]LogShaderCompilers: Guid format shader working directory is -12 characters bigger than the processId version (../../../../../../My/UnrealProjects/SI/Survival-Instinct/SI/Intermediate/Shaders/WorkingDirectory/17428/).
[2020.07.06-11.45.15:440][  0]LogShaderCompilers: Cleaned the shader compiler working directory 'C:/Users/ricardo/AppData/Local/Temp/UnrealShaderWorkingDir/E060CF964FD6A372777A689EED61C1EB/'.
[2020.07.06-11.45.15:441][  0]LogXGEController: Cannot use XGE Controller as Incredibuild is not installed on this machine.
[2020.07.06-11.45.15:441][  0]LogShaderCompilers: Cannot use XGE Shader Compiler as Incredibuild is not installed on this machine.
[2020.07.06-11.45.15:441][  0]LogShaderCompilers: Display: Using Local Shader Compiler.
[2020.07.06-11.45.16:227][  0]LogDerivedDataCache: Display: Max Cache Size: 512 MB
[2020.07.06-11.45.16:323][  0]LogDerivedDataCache: Loaded boot cache 0.10s 75MB C:/Users/ricardo/AppData/Local/UnrealEngine/4.25/DerivedDataCache/Boot.ddc.
[2020.07.06-11.45.16:323][  0]LogDerivedDataCache: Display: Loaded Boot cache: C:/Users/ricardo/AppData/Local/UnrealEngine/4.25/DerivedDataCache/Boot.ddc
[2020.07.06-11.45.16:323][  0]LogDerivedDataCache: FDerivedDataBackendGraph:  Pak pak cache file ../../../../../../My/UnrealProjects/SI/Survival-Instinct/SI/DerivedDataCache/DDC.ddp not found, will not use a pak cache.
[2020.07.06-11.45.16:324][  0]LogDerivedDataCache: Unable to find inner node Pak for hierarchical cache Hierarchy.
[2020.07.06-11.45.16:324][  0]LogDerivedDataCache: FDerivedDataBackendGraph:  CompressedPak pak cache file ../../../../../../My/UnrealProjects/SI/Survival-Instinct/SI/DerivedDataCache/Compressed.ddp not found, will not use a pak cache.
[2020.07.06-11.45.16:324][  0]LogDerivedDataCache: Unable to find inner node CompressedPak for hierarchical cache Hierarchy.
[2020.07.06-11.45.16:342][  0]LogDerivedDataCache: Display: Pak cache opened for reading ../../../Engine/DerivedDataCache/Compressed.ddp.
[2020.07.06-11.45.16:343][  0]LogDerivedDataCache: FDerivedDataBackendGraph:  EnterprisePak pak cache file ../../../Enterprise/DerivedDataCache/Compressed.ddp not found, will not use a pak cache.
[2020.07.06-11.45.16:343][  0]LogDerivedDataCache: Unable to find inner node EnterprisePak for hierarchical cache Hierarchy.
[2020.07.06-11.45.16:346][  0]LogDerivedDataCache: Using Local data cache path C:/Users/ricardo/AppData/Local/UnrealEngine/Common/DerivedDataCache: Writable
[2020.07.06-11.45.16:346][  0]LogDerivedDataCache: Shared data cache path not found in *engine.ini, will not use an Shared cache.
[2020.07.06-11.45.16:346][  0]LogDerivedDataCache: Unable to find inner node Shared for hierarchical cache Hierarchy.
[2020.07.06-11.45.16:451][  0]LogSlate: Using FreeType 2.10.0
[2020.07.06-11.45.16:452][  0]LogSlate: SlateFontServices - WITH_FREETYPE: 1, WITH_HARFBUZZ: 1
[2020.07.06-11.45.16:477][  0]LogAssetRegistry: FAssetRegistry took 0.0020 seconds to start up
[2020.07.06-11.45.16:676][  0]LogInit: Selected Device Profile: [Windows]
[2020.07.06-11.45.16:764][  0]LogMeshReduction: Using QuadricMeshReduction for automatic static mesh reduction
[2020.07.06-11.45.16:764][  0]LogMeshReduction: Using SimplygonMeshReduction for automatic skeletal mesh reduction
[2020.07.06-11.45.16:764][  0]LogMeshReduction: Using ProxyLODMeshReduction for automatic mesh merging
[2020.07.06-11.45.16:764][  0]LogMeshReduction: No distributed automatic mesh merging module available
[2020.07.06-11.45.16:764][  0]LogMeshMerging: No distributed automatic mesh merging module available
[2020.07.06-11.45.16:784][  0]LogNetVersion: SI 1.0.0, NetCL: 13144385, EngineNetVer: 14, GameNetVer: 0 (Checksum: 129128760)
[2020.07.06-11.45.17:211][  0]LogAISub: UAISubsystem::UAISubsystem AISubsystem (0000026ED4F60240), frame # 0
[2020.07.06-11.45.17:211][  0]LogAISub: UAISubsystem::UAISubsystem AIPerceptionSystem (0000026ED4E6FB00), frame # 0
[2020.07.06-11.45.17:212][  0]LogAISub: UAISubsystem::UAISubsystem EnvQueryManager (0000026ED4F04A00), frame # 0
[2020.07.06-11.45.17:256][  0]LogPackageLocalizationCache: Processed 19 localized package path(s) for 1 prioritized culture(s) in 0.039355 seconds
[2020.07.06-11.45.17:260][  0]LogUObjectArray: 15917 objects as part of root set at end of initial load.
[2020.07.06-11.45.17:260][  0]LogUObjectAllocator: 3965568 out of 0 bytes used by permanent object pool.
[2020.07.06-11.45.17:260][  0]LogUObjectArray: CloseDisregardForGC: 0/0 objects in disregard for GC pool
[2020.07.06-11.45.17:498][  0]LogTcpMessaging: Initializing TcpMessaging bridge
[2020.07.06-11.45.17:502][  0]LogUdpMessaging: Initializing bridge on interface 0.0.0.0:0 to multicast group 230.0.0.1:6666.
[2020.07.06-11.45.17:580][  0]SourceControl: Source control is disabled
[2020.07.06-11.45.17:580][  0]SourceControl: Source control is disabled
[2020.07.06-11.45.17:583][  0]SourceControl: Source control is disabled
[2020.07.06-11.45.17:586][  0]SourceControl: Source control is disabled
[2020.07.06-11.45.17:592][  0]SourceControl: Source control is disabled
[2020.07.06-11.45.17:769][  0]LogAndroidPermission: UAndroidPermissionCallbackProxy::GetInstance
[2020.07.06-11.45.17:782][  0]LogAudioCaptureCore: Display: No Audio Capture implementations found. Audio input will be silent.
[2020.07.06-11.45.17:782][  0]LogAudioCaptureCore: Display: No Audio Capture implementations found. Audio input will be silent.
[2020.07.06-11.45.17:816][  0]LogOcInput: OculusInput pre-init called
[2020.07.06-11.45.17:823][  0]LogWindows: Failed to load 'OVRPlugin.dll' (GetLastError=126)
[2020.07.06-11.45.17:824][  0]LogWindows: File 'OVRPlugin.dll' does not exist
[2020.07.06-11.45.17:871][  0]LogEngine: Initializing Engine...
[2020.07.06-11.45.17:872][  0]LogHMD: Failed to initialize OpenVR with code 110
[2020.07.06-11.45.17:872][  0]LogMagicLeap: Warning: VR disabled because ZI is not enabled.  To enable, in the editor, Edit -> Project Settings -> Plugins -> Magic Leap Plugin -> Enable Zero Iteration
[2020.07.06-11.45.17:873][  0]LogStats: UGameplayTagsManager::InitializeManager -  0.000 s
[2020.07.06-11.45.17:977][  0]LogInit: Initializing FReadOnlyCVARCache
[2020.07.06-11.45.17:982][  0]LogAIModule: Creating AISystem for world Untitled
[2020.07.06-11.45.17:982][  0]LogAISub: UAISubsystem::UAISubsystem EnvQueryManager (0000026ED574DC00), frame # 0
[2020.07.06-11.45.17:982][  0]LogAISub: UAISubsystem::UAISubsystem AIPerceptionSystem (0000026ED572BB00), frame # 0
[2020.07.06-11.45.18:004][  0]LogAudioMixer: Display: Audio Mixer Platform Settings:
[2020.07.06-11.45.18:004][  0]LogAudioMixer: Display: 	Sample Rate:						  48000
[2020.07.06-11.45.18:004][  0]LogAudioMixer: Display: 	Callback Buffer Frame Size Requested: 1024
[2020.07.06-11.45.18:004][  0]LogAudioMixer: Display: 	Callback Buffer Frame Size To Use:	  1024
[2020.07.06-11.45.18:004][  0]LogAudioMixer: Display: 	Number of buffers to queue:			  2
[2020.07.06-11.45.18:004][  0]LogAudioMixer: Display: 	Max Channels (voices):				  32
[2020.07.06-11.45.18:004][  0]LogAudioMixer: Display: 	Number of Async Source Workers:		  0
[2020.07.06-11.45.18:004][  0]LogAudio: Display: AudioDevice MaxSources: 32
[2020.07.06-11.45.18:004][  0]LogAudio: Display: Using built-in audio occlusion.
[2020.07.06-11.45.18:004][  0]LogAudioMixer: Display: Initializing audio mixer.
[2020.07.06-11.45.18:072][  0]LogAudioMixer: Display: 0: FrontLeft
[2020.07.06-11.45.18:072][  0]LogAudioMixer: Display: 1: FrontRight
[2020.07.06-11.45.18:161][  0]LogAudioMixer: Display: Using Audio Device Speakers (Apple Audio Device)
[2020.07.06-11.45.18:162][  0]LogAudioMixer: Display: Initializing Sound Submixes...
[2020.07.06-11.45.18:168][  0]LogAudioMixer: Display: Creating Master Submix 'MasterSubmixDefault'
[2020.07.06-11.45.18:169][  0]LogAudioMixer: Display: Creating Master Submix 'MasterReverbSubmixDefault'
[2020.07.06-11.45.18:171][  0]LogAudioMixer: Display: Creating Master Submix 'MasterEQSubmixDefault'
[2020.07.06-11.45.18:174][  0]LogInit: FAudioDevice initialized.
[2020.07.06-11.45.18:174][  0]LogNetVersion: Set ProjectVersion to 1.0.0.0. Version Checksum will be recalculated on next use.
[2020.07.06-11.45.18:249][  0]LogDerivedDataCache: Saved boot cache 0.07s 75MB C:/Users/ricardo/AppData/Local/UnrealEngine/4.25/DerivedDataCache/Boot.ddc.
[2020.07.06-11.45.18:256][  0]LogInit: Texture streaming: Enabled
[2020.07.06-11.45.18:276][  0]LogEngineSessionManager: EngineSessionManager initialized
[2020.07.06-11.45.18:276][  0]LogEditorSessionSummary: Verbose: Initializing EditorSessionSummaryWriter for editor session tracking
[2020.07.06-11.45.18:278][  0]LogEditorSessionSummary: EditorSessionSummaryWriter initialized
[2020.07.06-11.45.18:381][  0]LogInit: Transaction tracking system initialized
[2020.07.06-11.45.18:416][  0]BlueprintLog: New page: Editor Load
[2020.07.06-11.45.18:533][  0]LocalizationService: Localization service is disabled
[2020.07.06-11.45.18:695][  0]LogCook: Display: Max memory allowance for cook 16384mb min free memory 0mb
[2020.07.06-11.45.18:695][  0]LogCook: Display: Mobile HDR setting 1
[2020.07.06-11.45.18:826][  0]LogFileCache: Scanning file cache for directory 'C:/My/UnrealProjects/SI/Survival-Instinct/SI/Content/' took 0.01s
[2020.07.06-11.45.19:014][  0]SourceControl: Source control is disabled
[2020.07.06-11.45.19:014][  0]LogUnrealEdMisc: Loading editor; pre map load, took 6.764
[2020.07.06-11.45.19:014][  0]Cmd: MAP LOAD FILE="../../../../../../My/UnrealProjects/SI/Survival-Instinct/SI/Content/Maps/P_Map1.umap" TEMPLATE=0 SHOWPROGRESS=1 FEATURELEVEL=3
[2020.07.06-11.45.19:014][  0]LightingResults: New page: Lighting Build
[2020.07.06-11.45.19:015][  0]LogWorld: UWorld::CleanupWorld for Untitled, bSessionEnded=true, bCleanupResources=true
[2020.07.06-11.45.19:015][  0]LogSlate: InvalidateAllWidgets triggered.  All widgets were invalidated
[2020.07.06-11.45.19:015][  0]MapCheck: New page: Map Check
[2020.07.06-11.45.19:015][  0]LightingResults: New page: Lighting Build
[2020.07.06-11.45.19:025][  0]LogAISub: UAISubsystem::~UAISubsystem EnvQueryManager (0000026ED574DC00), frame # 0
[2020.07.06-11.45.19:025][  0]LogAISub: UAISubsystem::~UAISubsystem AIPerceptionSystem (0000026ED572BB00), frame # 0
[2020.07.06-11.45.19:026][  0]LogUObjectHash: Compacting FUObjectHashTables data took   0.57ms
[2020.07.06-11.45.19:414][  0]LogAIModule: Creating AISystem for world P_Map1
[2020.07.06-11.45.19:414][  0]LogAISub: UAISubsystem::UAISubsystem EnvQueryManager (0000026ECCD5FE00), frame # 0
[2020.07.06-11.45.19:414][  0]LogAISub: UAISubsystem::UAISubsystem AIPerceptionSystem (0000026ECB3A1800), frame # 0
[2020.07.06-11.45.19:463][  0]LogEditorServer: Finished looking for orphan Actors (0.000 secs)
[2020.07.06-11.45.19:477][  0]LogUObjectHash: Compacting FUObjectHashTables data took   0.81ms
[2020.07.06-11.45.19:477][  0]Cmd: MAP CHECKDEP NOCLEARLOG
[2020.07.06-11.45.19:477][  0]MapCheck: Map check complete: 0 Error(s), 0 Warning(s), took 0.119ms to complete.
[2020.07.06-11.45.19:477][  0]LogFileHelpers: Loading map 'P_Map1' took 0.464
[2020.07.06-11.45.19:479][  0]LogUnrealEdMisc: Total Editor Startup Time, took 7.230
[2020.07.06-11.45.19:687][  0]LogSlate: Updating window title bar state: overlay mode, drag disabled, window buttons hidden, title bar hidden
[2020.07.06-11.45.19:693][  0]LogSlate: Updating window title bar state: overlay mode, drag disabled, window buttons hidden, title bar hidden
[2020.07.06-11.45.19:698][  0]LogSlate: Updating window title bar state: overlay mode, drag disabled, window buttons hidden, title bar hidden
[2020.07.06-11.45.19:703][  0]LogSlate: Updating window title bar state: overlay mode, drag disabled, window buttons hidden, title bar hidden
[2020.07.06-11.45.19:708][  0]LogCollectionManager: Loaded 0 collections in 0.001224 seconds
[2020.07.06-11.45.19:720][  0]LogFileCache: Scanning file cache for directory 'C:/My/UnrealProjects/SI/Survival-Instinct/SI/Saved/Collections/' took 0.00s
[2020.07.06-11.45.19:720][  0]LogFileCache: Scanning file cache for directory 'C:/My/UnrealProjects/SI/Survival-Instinct/SI/Content/Developers/ricardo/Collections/' took 0.00s
[2020.07.06-11.45.19:720][  0]LogFileCache: Scanning file cache for directory 'C:/My/UnrealProjects/SI/Survival-Instinct/SI/Content/Collections/' took 0.00s
[2020.07.06-11.45.19:720][  0]LogContentBrowser: Native class hierarchy populated in 0.0079 seconds. Added 3431 classes and 827 folders.
[2020.07.06-11.45.19:724][  0]LogContentBrowser: Native class hierarchy updated for 'WidgetCarousel' in 0.0003 seconds. Added 0 classes and 0 folders.
[2020.07.06-11.45.19:765][  0]LogContentBrowser: Native class hierarchy updated for 'AddContentDialog' in 0.0005 seconds. Added 0 classes and 0 folders.
[2020.07.06-11.45.19:769][  0]LogContentBrowser: Native class hierarchy updated for 'SceneOutliner' in 0.0005 seconds. Added 2 classes and 0 folders.
[2020.07.06-11.45.19:884][  0]LogSlate: Took 0.000129 seconds to synchronously load lazily loaded font '../../../Engine/Content/Slate/Fonts/Roboto-Regular.ttf' (155K)
[2020.07.06-11.45.19:885][  0]LogSlate: Took 0.000133 seconds to synchronously load lazily loaded font '../../../Engine/Content/Slate/Fonts/Roboto-Bold.ttf' (160K)
[2020.07.06-11.45.19:890][  0]LogSlate: Took 0.000088 seconds to synchronously load lazily loaded font '../../../Engine/Content/Editor/Slate/Fonts/FontAwesome.ttf' (139K)
[2020.07.06-11.45.19:890][  0]LogSlate: Took 0.000062 seconds to synchronously load lazily loaded font '../../../Engine/Content/Slate/Fonts/DroidSansMono.ttf' (77K)
[2020.07.06-11.45.20:029][  0]LogRenderer: Reallocating scene render targets to support 1208x652 Format 10 NumSamples 1 (Frame:1).
[2020.07.06-11.45.20:303][  0]LogContentBrowser: Native class hierarchy updated for 'HierarchicalLODOutliner' in 0.0004 seconds. Added 0 classes and 0 folders.
[2020.07.06-11.45.20:303][  0]LogLoad: (Engine Initialization) Total time: 8.05 seconds
[2020.07.06-11.45.20:303][  0]LogLoad: (Engine Initialization) Total Blueprint compile time: 0.00 seconds
[2020.07.06-11.45.20:344][  0]LogAssetRegistry: Asset discovery search completed in 3.8682 seconds
[2020.07.06-11.45.20:348][  0]LogCollectionManager: Fixed up redirectors for 0 collections in 0.000002 seconds (updated 0 objects)
[2020.07.06-11.45.20:349][  0]LogContentStreaming: Texture pool size now 1000 MB
[2020.07.06-11.45.21:667][  4]LogSlate: Took 0.000154 seconds to synchronously load lazily loaded font '../../../Engine/Content/Slate/Fonts/Roboto-Light.ttf' (167K)
[2020.07.06-11.45.28:138][295]LogTemp: Repeating last play command: Selected Viewport
[2020.07.06-11.45.28:156][295]LogPlayLevel: PlayLevel: No blueprints needed recompiling
[2020.07.06-11.45.28:157][295]PIE: New page: PIE session: P_Map1 (Jul 6, 2020, 3:45:28 AM)
[2020.07.06-11.45.28:158][295]LogOnline: OSS: Creating online subsystem instance for: NULL
[2020.07.06-11.45.28:159][295]LogOnline: OSS: TryLoadSubsystemAndSetDefault: Loaded subsystem for module [NULL]
[2020.07.06-11.45.28:159][295]LogPlayLevel: Creating play world package: /Game/Maps/UEDPIE_0_P_Map1
[2020.07.06-11.45.28:161][295]LogPlayLevel: PIE: StaticDuplicateObject took: (0.002631s)
[2020.07.06-11.45.28:163][295]LogAIModule: Creating AISystem for world P_Map1
[2020.07.06-11.45.28:163][295]LogAISub: UAISubsystem::UAISubsystem EnvQueryManager (0000026E8E25FE00), frame # 295
[2020.07.06-11.45.28:163][295]LogAISub: UAISubsystem::UAISubsystem AIPerceptionSystem (0000026ECB2B1300), frame # 295
[2020.07.06-11.45.28:163][295]LogPlayLevel: PIE: World Init took: (0.001678s)
[2020.07.06-11.45.28:163][295]LogPlayLevel: PIE: Created PIE world by copying editor world from /Game/Maps/P_Map1.P_Map1 to /Game/Maps/UEDPIE_0_P_Map1.P_Map1 (0.004445s)
[2020.07.06-11.45.28:175][295]LogUObjectHash: Compacting FUObjectHashTables data took   0.77ms
[2020.07.06-11.45.28:177][295]LogAudioMixer: Display: Audio Mixer Platform Settings:
[2020.07.06-11.45.28:177][295]LogAudioMixer: Display: 	Sample Rate:						  48000
[2020.07.06-11.45.28:177][295]LogAudioMixer: Display: 	Callback Buffer Frame Size Requested: 1024
[2020.07.06-11.45.28:177][295]LogAudioMixer: Display: 	Callback Buffer Frame Size To Use:	  1024
[2020.07.06-11.45.28:177][295]LogAudioMixer: Display: 	Number of buffers to queue:			  2
[2020.07.06-11.45.28:177][295]LogAudioMixer: Display: 	Max Channels (voices):				  32
[2020.07.06-11.45.28:177][295]LogAudioMixer: Display: 	Number of Async Source Workers:		  0
[2020.07.06-11.45.28:177][295]LogAudio: Display: AudioDevice MaxSources: 32
[2020.07.06-11.45.28:178][295]LogAudio: Display: Using built-in audio occlusion.
[2020.07.06-11.45.28:178][295]LogAudioMixer: Display: Initializing audio mixer.
[2020.07.06-11.45.28:181][295]LogAudioMixer: Display: 0: FrontLeft
[2020.07.06-11.45.28:181][295]LogAudioMixer: Display: 1: FrontRight
[2020.07.06-11.45.28:199][295]LogAudioMixer: Display: Using Audio Device Speakers (Apple Audio Device)
[2020.07.06-11.45.28:200][295]LogAudioMixer: Display: Initializing Sound Submixes...
[2020.07.06-11.45.28:200][295]LogAudioMixer: Display: Creating Master Submix 'MasterSubmixDefault'
[2020.07.06-11.45.28:200][295]LogAudioMixer: Display: Creating Master Submix 'MasterReverbSubmixDefault'
[2020.07.06-11.45.28:200][295]LogAudioMixer: Display: Creating Master Submix 'MasterEQSubmixDefault'
[2020.07.06-11.45.28:213][295]LogInit: FAudioDevice initialized.
[2020.07.06-11.45.28:221][295]LogLoad: Game class is 'GameModeBase'
[2020.07.06-11.45.28:224][295]LogWorld: Bringing World /Game/Maps/UEDPIE_0_P_Map1.P_Map1 up for play (max tick rate 0) at 2020.07.06-07.45.28
[2020.07.06-11.45.28:224][295]LogWorld: Bringing up level for play took: 0.001707
[2020.07.06-11.45.28:224][295]LogOnline: OSS: Creating online subsystem instance for: :Context_1
[2020.07.06-11.45.28:227][295]LogContentBrowser: Native class hierarchy updated for 'MovieSceneCapture' in 0.0008 seconds. Added 20 classes and 0 folders.
[2020.07.06-11.45.28:228][295]PIE: Server logged in
[2020.07.06-11.45.28:230][295]PIE: Play in editor total start time 0.074 seconds.
[2020.07.06-11.45.39:474][159]LogSlate: Updating window title bar state: overlay mode, drag disabled, window buttons hidden, title bar hidden
[2020.07.06-11.45.39:474][159]LogWorld: BeginTearingDown for /Game/Maps/UEDPIE_0_P_Map1
[2020.07.06-11.45.39:474][159]LogWorld: UWorld::CleanupWorld for P_Map1, bSessionEnded=true, bCleanupResources=true
[2020.07.06-11.45.39:475][159]LogSlate: InvalidateAllWidgets triggered.  All widgets were invalidated
[2020.07.06-11.45.39:485][159]LogPlayLevel: Display: Shutting down PIE online subsystems
[2020.07.06-11.45.39:486][159]LogSlate: InvalidateAllWidgets triggered.  All widgets were invalidated
[2020.07.06-11.45.39:511][159]LogSlate: Updating window title bar state: overlay mode, drag disabled, window buttons hidden, title bar hidden
[2020.07.06-11.45.39:512][159]LogAISub: UAISubsystem::~UAISubsystem AIPerceptionSystem (0000026ECB2B1300), frame # 1159
[2020.07.06-11.45.39:512][159]LogAISub: UAISubsystem::~UAISubsystem EnvQueryManager (0000026E8E25FE00), frame # 1159
[2020.07.06-11.45.39:512][159]LogUObjectHash: Compacting FUObjectHashTables data took   0.49ms
[2020.07.06-11.45.39:553][160]LogPlayLevel: Display: Destroying online subsystem :Context_1
[2020.07.06-11.46.20:775][779]LogHotReload: New module detected: UE4Editor-SI-0192.dll
[2020.07.06-11.46.21:459][782]LogHotReload: Starting Hot-Reload from IDE
[2020.07.06-11.46.21:514][782]LogContentBrowser: Native class hierarchy updated for 'SI' in 0.0004 seconds. Added 4 classes and 6 folders.
[2020.07.06-11.46.21:515][782]Display: HotReload successful (1 functions remapped  0 scriptstructs remapped)
[2020.07.06-11.46.21:572][782]LogContentBrowser: Native class hierarchy populated in 0.0133 seconds. Added 3431 classes and 827 folders.
[2020.07.06-11.46.21:577][782]Display: HotReload took  0.1s.
[2020.07.06-11.46.30:748][264]LogTemp: Repeating last play command: Selected Viewport
[2020.07.06-11.46.30:770][264]LogPlayLevel: PlayLevel: No blueprints needed recompiling
[2020.07.06-11.46.30:770][264]PIE: New page: PIE session: P_Map1 (Jul 6, 2020, 3:46:30 AM)
[2020.07.06-11.46.30:802][264]LogPlayLevel: Creating play world package: /Game/Maps/UEDPIE_0_P_Map1
[2020.07.06-11.46.30:805][264]LogPlayLevel: PIE: StaticDuplicateObject took: (0.002616s)
[2020.07.06-11.46.30:806][264]LogAIModule: Creating AISystem for world P_Map1
[2020.07.06-11.46.30:806][264]LogAISub: UAISubsystem::UAISubsystem EnvQueryManager (0000026ECD740A00), frame # 2264
[2020.07.06-11.46.30:806][264]LogAISub: UAISubsystem::UAISubsystem AIPerceptionSystem (0000026EF80A5E40), frame # 2264
[2020.07.06-11.46.30:806][264]LogPlayLevel: PIE: World Init took: (0.000824s)
[2020.07.06-11.46.30:806][264]LogPlayLevel: PIE: Created PIE world by copying editor world from /Game/Maps/P_Map1.P_Map1 to /Game/Maps/UEDPIE_0_P_Map1.P_Map1 (0.003570s)
[2020.07.06-11.46.30:817][264]LogUObjectHash: Compacting FUObjectHashTables data took   0.59ms
[2020.07.06-11.46.30:817][264]LogAudioMixer: Display: Audio Mixer Platform Settings:
[2020.07.06-11.46.30:817][264]LogAudioMixer: Display: 	Sample Rate:						  48000
[2020.07.06-11.46.30:817][264]LogAudioMixer: Display: 	Callback Buffer Frame Size Requested: 1024
[2020.07.06-11.46.30:817][264]LogAudioMixer: Display: 	Callback Buffer Frame Size To Use:	  1024
[2020.07.06-11.46.30:817][264]LogAudioMixer: Display: 	Number of buffers to queue:			  2
[2020.07.06-11.46.30:817][264]LogAudioMixer: Display: 	Max Channels (voices):				  32
[2020.07.06-11.46.30:817][264]LogAudioMixer: Display: 	Number of Async Source Workers:		  0
[2020.07.06-11.46.30:817][264]LogAudio: Display: AudioDevice MaxSources: 32
[2020.07.06-11.46.30:818][264]LogAudio: Display: Using built-in audio occlusion.
[2020.07.06-11.46.30:818][264]LogAudioMixer: Display: Initializing audio mixer.
[2020.07.06-11.46.30:820][264]LogAudioMixer: Display: 0: FrontLeft
[2020.07.06-11.46.30:820][264]LogAudioMixer: Display: 1: FrontRight
[2020.07.06-11.46.30:834][264]LogAudioMixer: Display: Using Audio Device Speakers (Apple Audio Device)
[2020.07.06-11.46.30:834][264]LogAudioMixer: Display: Initializing Sound Submixes...
[2020.07.06-11.46.30:834][264]LogAudioMixer: Display: Creating Master Submix 'MasterSubmixDefault'
[2020.07.06-11.46.30:834][264]LogAudioMixer: Display: Creating Master Submix 'MasterReverbSubmixDefault'
[2020.07.06-11.46.30:835][264]LogAudioMixer: Display: Creating Master Submix 'MasterEQSubmixDefault'
[2020.07.06-11.46.30:849][264]LogInit: FAudioDevice initialized.
[2020.07.06-11.46.30:858][264]LogLoad: Game class is 'GameModeBase'
[2020.07.06-11.46.30:859][264]LogWorld: Bringing World /Game/Maps/UEDPIE_0_P_Map1.P_Map1 up for play (max tick rate 0) at 2020.07.06-07.46.30
[2020.07.06-11.46.30:859][264]LogWorld: Bringing up level for play took: 0.000933
[2020.07.06-11.46.30:859][264]LogOnline: OSS: Creating online subsystem instance for: :Context_2
[2020.07.06-11.46.30:861][264]PIE: Server logged in
[2020.07.06-11.46.30:861][264]PIE: Play in editor total start time 0.096 seconds.
[2020.07.06-11.46.42:513][473]LogSlate: Updating window title bar state: overlay mode, drag disabled, window buttons hidden, title bar hidden
[2020.07.06-11.46.42:513][473]LogWorld: BeginTearingDown for /Game/Maps/UEDPIE_0_P_Map1
[2020.07.06-11.46.42:513][473]LogWorld: UWorld::CleanupWorld for P_Map1, bSessionEnded=true, bCleanupResources=true
[2020.07.06-11.46.42:513][473]LogSlate: InvalidateAllWidgets triggered.  All widgets were invalidated
[2020.07.06-11.46.42:522][473]LogPlayLevel: Display: Shutting down PIE online subsystems
[2020.07.06-11.46.42:524][473]LogSlate: InvalidateAllWidgets triggered.  All widgets were invalidated
[2020.07.06-11.46.42:572][473]LogSlate: Updating window title bar state: overlay mode, drag disabled, window buttons hidden, title bar hidden
[2020.07.06-11.46.42:572][473]LogAISub: UAISubsystem::~UAISubsystem AIPerceptionSystem (0000026EF80A5E40), frame # 3473
[2020.07.06-11.46.42:572][473]LogAISub: UAISubsystem::~UAISubsystem EnvQueryManager (0000026ECD740A00), frame # 3473
[2020.07.06-11.46.42:573][473]LogUObjectHash: Compacting FUObjectHashTables data took   0.80ms
[2020.07.06-11.46.42:612][474]LogPlayLevel: Display: Destroying online subsystem :Context_2
[2020.07.06-11.47.07:944][609]LogHotReload: New module detected: UE4Editor-SI-0193.dll
[2020.07.06-11.47.08:630][612]LogHotReload: Starting Hot-Reload from IDE
[2020.07.06-11.47.08:708][612]LogContentBrowser: Native class hierarchy updated for 'SI' in 0.0004 seconds. Added 4 classes and 6 folders.
[2020.07.06-11.47.08:709][612]Display: HotReload successful (1 functions remapped  0 scriptstructs remapped)
[2020.07.06-11.47.08:750][612]LogContentBrowser: Native class hierarchy populated in 0.0106 seconds. Added 3431 classes and 827 folders.
[2020.07.06-11.47.08:754][612]Display: HotReload took  0.1s.
[2020.07.06-11.47.16:118][737]LogTemp: Repeating last play command: Selected Viewport
[2020.07.06-11.47.16:148][737]LogPlayLevel: PlayLevel: No blueprints needed recompiling
[2020.07.06-11.47.16:148][737]PIE: New page: PIE session: P_Map1 (Jul 6, 2020, 3:47:16 AM)
[2020.07.06-11.47.16:184][737]LogPlayLevel: Creating play world package: /Game/Maps/UEDPIE_0_P_Map1
[2020.07.06-11.47.16:188][737]LogPlayLevel: PIE: StaticDuplicateObject took: (0.004469s)
[2020.07.06-11.47.16:189][737]LogAIModule: Creating AISystem for world P_Map1
[2020.07.06-11.47.16:189][737]LogAISub: UAISubsystem::UAISubsystem EnvQueryManager (0000026EF79DA800), frame # 3737
[2020.07.06-11.47.16:189][737]LogAISub: UAISubsystem::UAISubsystem AIPerceptionSystem (0000026E8E136C00), frame # 3737
[2020.07.06-11.47.16:190][737]LogPlayLevel: PIE: World Init took: (0.001464s)
[2020.07.06-11.47.16:190][737]LogPlayLevel: PIE: Created PIE world by copying editor world from /Game/Maps/P_Map1.P_Map1 to /Game/Maps/UEDPIE_0_P_Map1.P_Map1 (0.006156s)
[2020.07.06-11.47.16:204][737]LogUObjectHash: Compacting FUObjectHashTables data took   0.65ms
[2020.07.06-11.47.16:204][737]LogAudioMixer: Display: Audio Mixer Platform Settings:
[2020.07.06-11.47.16:204][737]LogAudioMixer: Display: 	Sample Rate:						  48000
[2020.07.06-11.47.16:204][737]LogAudioMixer: Display: 	Callback Buffer Frame Size Requested: 1024
[2020.07.06-11.47.16:204][737]LogAudioMixer: Display: 	Callback Buffer Frame Size To Use:	  1024
[2020.07.06-11.47.16:204][737]LogAudioMixer: Display: 	Number of buffers to queue:			  2
[2020.07.06-11.47.16:204][737]LogAudioMixer: Display: 	Max Channels (voices):				  32
[2020.07.06-11.47.16:204][737]LogAudioMixer: Display: 	Number of Async Source Workers:		  0
[2020.07.06-11.47.16:204][737]LogAudio: Display: AudioDevice MaxSources: 32
[2020.07.06-11.47.16:205][737]LogAudio: Display: Using built-in audio occlusion.
[2020.07.06-11.47.16:205][737]LogAudioMixer: Display: Initializing audio mixer.
[2020.07.06-11.47.16:207][737]LogAudioMixer: Display: 0: FrontLeft
[2020.07.06-11.47.16:207][737]LogAudioMixer: Display: 1: FrontRight
[2020.07.06-11.47.16:220][737]LogAudioMixer: Display: Using Audio Device Speakers (Apple Audio Device)
[2020.07.06-11.47.16:220][737]LogAudioMixer: Display: Initializing Sound Submixes...
[2020.07.06-11.47.16:220][737]LogAudioMixer: Display: Creating Master Submix 'MasterSubmixDefault'
[2020.07.06-11.47.16:220][737]LogAudioMixer: Display: Creating Master Submix 'MasterReverbSubmixDefault'
[2020.07.06-11.47.16:221][737]LogAudioMixer: Display: Creating Master Submix 'MasterEQSubmixDefault'
[2020.07.06-11.47.16:232][737]LogInit: FAudioDevice initialized.
[2020.07.06-11.47.16:246][737]LogLoad: Game class is 'GameModeBase'
[2020.07.06-11.47.16:248][737]LogWorld: Bringing World /Game/Maps/UEDPIE_0_P_Map1.P_Map1 up for play (max tick rate 60) at 2020.07.06-07.47.16
[2020.07.06-11.47.16:248][737]LogWorld: Bringing up level for play took: 0.000945
[2020.07.06-11.47.16:248][737]LogOnline: OSS: Creating online subsystem instance for: :Context_3
[2020.07.06-11.47.16:249][737]PIE: Server logged in
[2020.07.06-11.47.16:250][737]PIE: Play in editor total start time 0.106 seconds.
[2020.07.06-11.47.22:135][ 90]LogTemp: Overlapped with Player
[2020.07.06-11.47.24:635][240]LogTemp: Overlapped with Player
[2020.07.06-11.47.25:854][311]LogSlate: Updating window title bar state: overlay mode, drag disabled, window buttons hidden, title bar hidden
[2020.07.06-11.47.25:854][311]LogWorld: BeginTearingDown for /Game/Maps/UEDPIE_0_P_Map1
[2020.07.06-11.47.25:854][311]LogWorld: UWorld::CleanupWorld for P_Map1, bSessionEnded=true, bCleanupResources=true
[2020.07.06-11.47.25:855][311]LogSlate: InvalidateAllWidgets triggered.  All widgets were invalidated
[2020.07.06-11.47.25:862][311]LogPlayLevel: Display: Shutting down PIE online subsystems
[2020.07.06-11.47.25:864][311]LogSlate: InvalidateAllWidgets triggered.  All widgets were invalidated
[2020.07.06-11.47.25:889][311]LogSlate: Updating window title bar state: overlay mode, drag disabled, window buttons hidden, title bar hidden
[2020.07.06-11.47.25:889][311]LogAISub: UAISubsystem::~UAISubsystem AIPerceptionSystem (0000026E8E136C00), frame # 4311
[2020.07.06-11.47.25:889][311]LogAISub: UAISubsystem::~UAISubsystem EnvQueryManager (0000026EF79DA800), frame # 4311
[2020.07.06-11.47.25:890][311]LogUObjectHash: Compacting FUObjectHashTables data took   0.60ms
[2020.07.06-11.47.25:925][312]LogPlayLevel: Display: Destroying online subsystem :Context_3
[2020.07.06-11.48.02:212][658]LogHotReload: New module detected: UE4Editor-SI-0194.dll
[2020.07.06-11.48.02:890][661]LogHotReload: Starting Hot-Reload from IDE
[2020.07.06-11.48.02:942][661]LogContentBrowser: Native class hierarchy updated for 'SI' in 0.0004 seconds. Added 4 classes and 6 folders.
[2020.07.06-11.48.02:944][661]Display: HotReload successful (1 functions remapped  0 scriptstructs remapped)
[2020.07.06-11.48.02:984][661]LogContentBrowser: Native class hierarchy populated in 0.0084 seconds. Added 3431 classes and 827 folders.
[2020.07.06-11.48.02:990][661]Display: HotReload took  0.1s.
[2020.07.06-11.48.09:719][ 14]LogTemp: Repeating last play command: Selected Viewport
[2020.07.06-11.48.09:740][ 14]LogPlayLevel: PlayLevel: No blueprints needed recompiling
[2020.07.06-11.48.09:740][ 14]PIE: New page: PIE session: P_Map1 (Jul 6, 2020, 3:48:09 AM)
[2020.07.06-11.48.09:773][ 14]LogPlayLevel: Creating play world package: /Game/Maps/UEDPIE_0_P_Map1
[2020.07.06-11.48.09:776][ 14]LogPlayLevel: PIE: StaticDuplicateObject took: (0.002698s)
[2020.07.06-11.48.09:777][ 14]LogAIModule: Creating AISystem for world P_Map1
[2020.07.06-11.48.09:777][ 14]LogAISub: UAISubsystem::UAISubsystem EnvQueryManager (0000026ECD66D000), frame # 5014
[2020.07.06-11.48.09:777][ 14]LogAISub: UAISubsystem::UAISubsystem AIPerceptionSystem (0000026E8E1351C0), frame # 5014
[2020.07.06-11.48.09:777][ 14]LogPlayLevel: PIE: World Init took: (0.001201s)
[2020.07.06-11.48.09:777][ 14]LogPlayLevel: PIE: Created PIE world by copying editor world from /Game/Maps/P_Map1.P_Map1 to /Game/Maps/UEDPIE_0_P_Map1.P_Map1 (0.004080s)
[2020.07.06-11.48.09:789][ 14]LogUObjectHash: Compacting FUObjectHashTables data took   0.66ms
[2020.07.06-11.48.09:790][ 14]LogAudioMixer: Display: Audio Mixer Platform Settings:
[2020.07.06-11.48.09:790][ 14]LogAudioMixer: Display: 	Sample Rate:						  48000
[2020.07.06-11.48.09:790][ 14]LogAudioMixer: Display: 	Callback Buffer Frame Size Requested: 1024
[2020.07.06-11.48.09:790][ 14]LogAudioMixer: Display: 	Callback Buffer Frame Size To Use:	  1024
[2020.07.06-11.48.09:790][ 14]LogAudioMixer: Display: 	Number of buffers to queue:			  2
[2020.07.06-11.48.09:790][ 14]LogAudioMixer: Display: 	Max Channels (voices):				  32
[2020.07.06-11.48.09:790][ 14]LogAudioMixer: Display: 	Number of Async Source Workers:		  0
[2020.07.06-11.48.09:790][ 14]LogAudio: Display: AudioDevice MaxSources: 32
[2020.07.06-11.48.09:790][ 14]LogAudio: Display: Using built-in audio occlusion.
[2020.07.06-11.48.09:790][ 14]LogAudioMixer: Display: Initializing audio mixer.
[2020.07.06-11.48.09:793][ 14]LogAudioMixer: Display: 0: FrontLeft
[2020.07.06-11.48.09:793][ 14]LogAudioMixer: Display: 1: FrontRight
[2020.07.06-11.48.09:807][ 14]LogAudioMixer: Display: Using Audio Device Speakers (Apple Audio Device)
[2020.07.06-11.48.09:807][ 14]LogAudioMixer: Display: Initializing Sound Submixes...
[2020.07.06-11.48.09:807][ 14]LogAudioMixer: Display: Creating Master Submix 'MasterSubmixDefault'
[2020.07.06-11.48.09:807][ 14]LogAudioMixer: Display: Creating Master Submix 'MasterReverbSubmixDefault'
[2020.07.06-11.48.09:807][ 14]LogAudioMixer: Display: Creating Master Submix 'MasterEQSubmixDefault'
[2020.07.06-11.48.09:819][ 14]LogInit: FAudioDevice initialized.
[2020.07.06-11.48.09:830][ 14]LogLoad: Game class is 'GameModeBase'
[2020.07.06-11.48.09:831][ 14]LogWorld: Bringing World /Game/Maps/UEDPIE_0_P_Map1.P_Map1 up for play (max tick rate 60) at 2020.07.06-07.48.09
[2020.07.06-11.48.09:832][ 14]LogWorld: Bringing up level for play took: 0.001061
[2020.07.06-11.48.09:832][ 14]LogOnline: OSS: Creating online subsystem instance for: :Context_4
[2020.07.06-11.48.09:834][ 14]PIE: Server logged in
[2020.07.06-11.48.09:835][ 14]PIE: Play in editor total start time 0.099 seconds.
[2020.07.06-11.48.13:035][206]LogTemp: Overlapped with Player
[2020.07.06-11.48.13:035][206]LogTemp: Weapon Actual
[2020.07.06-11.48.14:987][320]LogSlate: Updating window title bar state: overlay mode, drag disabled, window buttons hidden, title bar hidden
[2020.07.06-11.48.14:987][320]LogWorld: BeginTearingDown for /Game/Maps/UEDPIE_0_P_Map1
[2020.07.06-11.48.14:987][320]LogWorld: UWorld::CleanupWorld for P_Map1, bSessionEnded=true, bCleanupResources=true
[2020.07.06-11.48.14:988][320]LogSlate: InvalidateAllWidgets triggered.  All widgets were invalidated
[2020.07.06-11.48.15:005][320]LogPlayLevel: Display: Shutting down PIE online subsystems
[2020.07.06-11.48.15:009][320]LogSlate: InvalidateAllWidgets triggered.  All widgets were invalidated
[2020.07.06-11.48.15:059][320]LogSlate: Updating window title bar state: overlay mode, drag disabled, window buttons hidden, title bar hidden
[2020.07.06-11.48.15:059][320]LogAISub: UAISubsystem::~UAISubsystem AIPerceptionSystem (0000026E8E1351C0), frame # 5320
[2020.07.06-11.48.15:059][320]LogAISub: UAISubsystem::~UAISubsystem EnvQueryManager (0000026ECD66D000), frame # 5320
[2020.07.06-11.48.15:060][320]LogUObjectHash: Compacting FUObjectHashTables data took   0.69ms
[2020.07.06-11.48.15:104][321]LogPlayLevel: Display: Destroying online subsystem :Context_4
[2020.07.06-11.49.14:155][997]LogHotReload: New module detected: UE4Editor-SI-0195.dll
[2020.07.06-11.49.14:838][  0]LogHotReload: Starting Hot-Reload from IDE
[2020.07.06-11.49.14:901][  0]LogContentBrowser: Native class hierarchy updated for 'SI' in 0.0004 seconds. Added 4 classes and 6 folders.
[2020.07.06-11.49.14:902][  0]Display: HotReload successful (1 functions remapped  0 scriptstructs remapped)
[2020.07.06-11.49.14:939][  0]LogContentBrowser: Native class hierarchy populated in 0.0081 seconds. Added 3431 classes and 827 folders.
[2020.07.06-11.49.14:942][  0]Display: HotReload took  0.1s.
[2020.07.06-11.49.21:653][252]LogTemp: Repeating last play command: Selected Viewport
[2020.07.06-11.49.21:676][252]LogPlayLevel: PlayLevel: No blueprints needed recompiling
[2020.07.06-11.49.21:676][252]PIE: New page: PIE session: P_Map1 (Jul 6, 2020, 3:49:21 AM)
[2020.07.06-11.49.21:676][252]LogPlayLevel: Creating play world package: /Game/Maps/UEDPIE_0_P_Map1
[2020.07.06-11.49.21:677][252]LogPlayLevel: PIE: StaticDuplicateObject took: (0.002243s)
[2020.07.06-11.49.21:678][252]LogAIModule: Creating AISystem for world P_Map1
[2020.07.06-11.49.21:678][252]LogAISub: UAISubsystem::UAISubsystem EnvQueryManager (0000026EF7E5BC00), frame # 6252
[2020.07.06-11.49.21:678][252]LogAISub: UAISubsystem::UAISubsystem AIPerceptionSystem (0000026E8E135800), frame # 6252
[2020.07.06-11.49.21:679][252]LogPlayLevel: PIE: World Init took: (0.001104s)
[2020.07.06-11.49.21:679][252]LogPlayLevel: PIE: Created PIE world by copying editor world from /Game/Maps/P_Map1.P_Map1 to /Game/Maps/UEDPIE_0_P_Map1.P_Map1 (0.003439s)
[2020.07.06-11.49.21:690][252]LogUObjectHash: Compacting FUObjectHashTables data took   0.63ms
[2020.07.06-11.49.21:691][252]LogAudioMixer: Display: Audio Mixer Platform Settings:
[2020.07.06-11.49.21:691][252]LogAudioMixer: Display: 	Sample Rate:						  48000
[2020.07.06-11.49.21:691][252]LogAudioMixer: Display: 	Callback Buffer Frame Size Requested: 1024
[2020.07.06-11.49.21:691][252]LogAudioMixer: Display: 	Callback Buffer Frame Size To Use:	  1024
[2020.07.06-11.49.21:691][252]LogAudioMixer: Display: 	Number of buffers to queue:			  2
[2020.07.06-11.49.21:692][252]LogAudioMixer: Display: 	Max Channels (voices):				  32
[2020.07.06-11.49.21:692][252]LogAudioMixer: Display: 	Number of Async Source Workers:		  0
[2020.07.06-11.49.21:692][252]LogAudio: Display: AudioDevice MaxSources: 32
[2020.07.06-11.49.21:692][252]LogAudio: Display: Using built-in audio occlusion.
[2020.07.06-11.49.21:692][252]LogAudioMixer: Display: Initializing audio mixer.
[2020.07.06-11.49.21:695][252]LogAudioMixer: Display: 0: FrontLeft
[2020.07.06-11.49.21:695][252]LogAudioMixer: Display: 1: FrontRight
[2020.07.06-11.49.21:713][252]LogAudioMixer: Display: Using Audio Device Speakers (Apple Audio Device)
[2020.07.06-11.49.21:713][252]LogAudioMixer: Display: Initializing Sound Submixes...
[2020.07.06-11.49.21:714][252]LogAudioMixer: Display: Creating Master Submix 'MasterSubmixDefault'
[2020.07.06-11.49.21:714][252]LogAudioMixer: Display: Creating Master Submix 'MasterReverbSubmixDefault'
[2020.07.06-11.49.21:714][252]LogAudioMixer: Display: Creating Master Submix 'MasterEQSubmixDefault'
[2020.07.06-11.49.21:725][252]LogInit: FAudioDevice initialized.
[2020.07.06-11.49.21:731][252]LogLoad: Game class is 'GameModeBase'
[2020.07.06-11.49.21:733][252]LogWorld: Bringing World /Game/Maps/UEDPIE_0_P_Map1.P_Map1 up for play (max tick rate 60) at 2020.07.06-07.49.21
[2020.07.06-11.49.21:733][252]LogWorld: Bringing up level for play took: 0.001247
[2020.07.06-11.49.21:733][252]LogOnline: OSS: Creating online subsystem instance for: :Context_5
[2020.07.06-11.49.21:734][252]PIE: Server logged in
[2020.07.06-11.49.21:735][252]PIE: Play in editor total start time 0.064 seconds.
[2020.07.06-11.49.25:103][454]LogTemp: Overlapped with Player
[2020.07.06-11.49.25:103][454]LogTemp: Weapon Actual
[2020.07.06-11.49.25:103][454]LogTemp: Added Weapon
[2020.07.06-11.49.27:914][640]LogSlate: Updating window title bar state: overlay mode, drag disabled, window buttons hidden, title bar hidden
[2020.07.06-11.49.27:914][640]LogWorld: BeginTearingDown for /Game/Maps/UEDPIE_0_P_Map1
[2020.07.06-11.49.27:914][640]LogWorld: UWorld::CleanupWorld for P_Map1, bSessionEnded=true, bCleanupResources=true
[2020.07.06-11.49.27:914][640]LogSlate: InvalidateAllWidgets triggered.  All widgets were invalidated
[2020.07.06-11.49.27:925][640]LogPlayLevel: Display: Shutting down PIE online subsystems
[2020.07.06-11.49.27:927][640]LogSlate: InvalidateAllWidgets triggered.  All widgets were invalidated
[2020.07.06-11.49.27:951][640]LogSlate: Updating window title bar state: overlay mode, drag disabled, window buttons hidden, title bar hidden
[2020.07.06-11.49.27:951][640]LogAISub: UAISubsystem::~UAISubsystem AIPerceptionSystem (0000026E8E135800), frame # 6640
[2020.07.06-11.49.27:951][640]LogAISub: UAISubsystem::~UAISubsystem EnvQueryManager (0000026EF7E5BC00), frame # 6640
[2020.07.06-11.49.27:952][640]LogUObjectHash: Compacting FUObjectHashTables data took   0.55ms
[2020.07.06-11.49.27:993][641]LogPlayLevel: Display: Destroying online subsystem :Context_5
[2020.07.06-11.52.02:897][185]LogHotReload: New module detected: UE4Editor-SI-0196.dll
[2020.07.06-11.52.03:581][188]LogHotReload: Starting Hot-Reload from IDE
[2020.07.06-11.52.03:641][188]LogClass: Could not find existing class SICharacter in package /Script/SI for HotReload, assuming new class
[2020.07.06-11.52.03:641][188]LogClass: Function AnimateCameraLocation is new.
[2020.07.06-11.52.03:648][188]LogHotReload: Re-instancing SICharacter after hot-reload.
[2020.07.06-11.52.03:655][188]LogScript: Warning: Attempted to access missing property 'InputAxisYawValue'. If this is a packaged/cooked build, are you attempting to use an editor-only property?
	SI_ThirdPerson_AnimBP_C /Game/Maps/P_Map1.P_Map1:PersistentLevel.SIPlayerCharacter_2.CharacterMesh0.SI_ThirdPerson_AnimBP_C_0
	Function /Game/RifleAnimsetPro/Animations/ThirdPersonBasic/SI_ThirdPerson_AnimBP.SI_ThirdPerson_AnimBP_C:ExecuteUbergraph_SI_ThirdPerson_AnimBP:0937
[2020.07.06-11.52.03:655][188]LogScript: Warning: Attempted to access missing property 'bIsCombatMode'. If this is a packaged/cooked build, are you attempting to use an editor-only property?
	SI_ThirdPerson_AnimBP_C /Game/Maps/P_Map1.P_Map1:PersistentLevel.SIPlayerCharacter_2.CharacterMesh0.SI_ThirdPerson_AnimBP_C_0
	Function /Game/RifleAnimsetPro/Animations/ThirdPersonBasic/SI_ThirdPerson_AnimBP.SI_ThirdPerson_AnimBP_C:ExecuteUbergraph_SI_ThirdPerson_AnimBP:0962
[2020.07.06-11.52.03:657][188]LogScript: Warning: Attempted to access missing property 'InputAxisYawValue'. If this is a packaged/cooked build, are you attempting to use an editor-only property?
	SI_ThirdPerson_AnimBP_C /Game/Maps/P_Map1.P_Map1:PersistentLevel.SIPlayerCharacter_2.CharacterMesh0.SI_ThirdPerson_AnimBP_C_1
	Function /Game/RifleAnimsetPro/Animations/ThirdPersonBasic/SI_ThirdPerson_AnimBP.SI_ThirdPerson_AnimBP_C:ExecuteUbergraph_SI_ThirdPerson_AnimBP:0937
[2020.07.06-11.52.03:657][188]LogScript: Warning: Attempted to access missing property 'bIsCombatMode'. If this is a packaged/cooked build, are you attempting to use an editor-only property?
	SI_ThirdPerson_AnimBP_C /Game/Maps/P_Map1.P_Map1:PersistentLevel.SIPlayerCharacter_2.CharacterMesh0.SI_ThirdPerson_AnimBP_C_1
	Function /Game/RifleAnimsetPro/Animations/ThirdPersonBasic/SI_ThirdPerson_AnimBP.SI_ThirdPerson_AnimBP_C:ExecuteUbergraph_SI_ThirdPerson_AnimBP:0962
[2020.07.06-11.52.03:666][188]LogContentBrowser: Native class hierarchy updated for 'SI' in 0.0004 seconds. Added 4 classes and 6 folders.
[2020.07.06-11.52.03:667][188]Display: HotReload successful (0 functions remapped  0 scriptstructs remapped)
[2020.07.06-11.52.03:706][188]LogContentBrowser: Native class hierarchy populated in 0.0082 seconds. Added 3431 classes and 827 folders.
[2020.07.06-11.52.03:712][188]Display: HotReload took  0.1s.
[2020.07.06-12.06.52:645][847]LogHotReload: New module detected: UE4Editor-SI-0202.dll
[2020.07.06-12.06.53:329][850]LogHotReload: Starting Hot-Reload from IDE
[2020.07.06-12.06.53:366][850]LogClass: Could not find existing class SICharacter in package /Script/SI for HotReload, assuming new class
[2020.07.06-12.06.53:366][850]LogClass: Function AnimateCameraLocation is new.
[2020.07.06-12.06.53:372][850]LogHotReload: Re-instancing SICharacter after hot-reload.
[2020.07.06-12.06.53:382][850]LogScript: Warning: Attempted to access missing property 'InputAxisYawValue'. If this is a packaged/cooked build, are you attempting to use an editor-only property?
	SI_ThirdPerson_AnimBP_C /Game/Maps/P_Map1.P_Map1:PersistentLevel.SIPlayerCharacter_2.CharacterMesh0.SI_ThirdPerson_AnimBP_C_0
	Function /Game/RifleAnimsetPro/Animations/ThirdPersonBasic/SI_ThirdPerson_AnimBP.SI_ThirdPerson_AnimBP_C:ExecuteUbergraph_SI_ThirdPerson_AnimBP:0937
[2020.07.06-12.06.53:382][850]LogScript: Warning: Attempted to access missing property 'bIsCombatMode'. If this is a packaged/cooked build, are you attempting to use an editor-only property?
	SI_ThirdPerson_AnimBP_C /Game/Maps/P_Map1.P_Map1:PersistentLevel.SIPlayerCharacter_2.CharacterMesh0.SI_ThirdPerson_AnimBP_C_0
	Function /Game/RifleAnimsetPro/Animations/ThirdPersonBasic/SI_ThirdPerson_AnimBP.SI_ThirdPerson_AnimBP_C:ExecuteUbergraph_SI_ThirdPerson_AnimBP:0962
[2020.07.06-12.06.53:384][850]LogScript: Warning: Attempted to access missing property 'InputAxisYawValue'. If this is a packaged/cooked build, are you attempting to use an editor-only property?
	SI_ThirdPerson_AnimBP_C /Game/Maps/P_Map1.P_Map1:PersistentLevel.SIPlayerCharacter_2.CharacterMesh0.SI_ThirdPerson_AnimBP_C_1
	Function /Game/RifleAnimsetPro/Animations/ThirdPersonBasic/SI_ThirdPerson_AnimBP.SI_ThirdPerson_AnimBP_C:ExecuteUbergraph_SI_ThirdPerson_AnimBP:0937
[2020.07.06-12.06.53:384][850]LogScript: Warning: Attempted to access missing property 'bIsCombatMode'. If this is a packaged/cooked build, are you attempting to use an editor-only property?
	SI_ThirdPerson_AnimBP_C /Game/Maps/P_Map1.P_Map1:PersistentLevel.SIPlayerCharacter_2.CharacterMesh0.SI_ThirdPerson_AnimBP_C_1
	Function /Game/RifleAnimsetPro/Animations/ThirdPersonBasic/SI_ThirdPerson_AnimBP.SI_ThirdPerson_AnimBP_C:ExecuteUbergraph_SI_ThirdPerson_AnimBP:0962
[2020.07.06-12.06.53:393][850]LogContentBrowser: Native class hierarchy updated for 'SI' in 0.0006 seconds. Added 4 classes and 6 folders.
[2020.07.06-12.06.53:394][850]Display: HotReload successful (0 functions remapped  0 scriptstructs remapped)
[2020.07.06-12.06.53:435][850]LogContentBrowser: Native class hierarchy populated in 0.0084 seconds. Added 3431 classes and 827 folders.
[2020.07.06-12.06.53:439][850]Display: HotReload took  0.1s.
[2020.07.06-12.21.30:968][509]LogHotReload: New module detected: UE4Editor-SI-0203.dll
[2020.07.06-12.21.31:653][512]LogHotReload: Starting Hot-Reload from IDE
[2020.07.06-12.21.31:703][512]LogContentBrowser: Native class hierarchy updated for 'SI' in 0.0005 seconds. Added 4 classes and 6 folders.
[2020.07.06-12.21.31:704][512]Display: HotReload successful (1 functions remapped  0 scriptstructs remapped)
[2020.07.06-12.21.31:744][512]LogContentBrowser: Native class hierarchy populated in 0.0082 seconds. Added 3431 classes and 827 folders.
[2020.07.06-12.21.31:750][512]Display: HotReload took  0.1s.
[2020.07.06-12.23.56:214][944]LogHotReload: New module detected: UE4Editor-SI-0207.dll
[2020.07.06-12.23.56:565][946]LogHotReload: Starting Hot-Reload from IDE
[2020.07.06-12.23.56:609][946]LogContentBrowser: Native class hierarchy updated for 'SI' in 0.0004 seconds. Added 4 classes and 6 folders.
[2020.07.06-12.23.56:610][946]Display: HotReload successful (1 functions remapped  0 scriptstructs remapped)
[2020.07.06-12.23.56:653][946]LogContentBrowser: Native class hierarchy populated in 0.0107 seconds. Added 3431 classes and 827 folders.
[2020.07.06-12.23.56:658][946]Display: HotReload took  0.1s.
[2020.07.06-12.26.04:042][327]LogHotReload: New module detected: UE4Editor-SI-0209.dll
[2020.07.06-12.26.04:387][329]LogHotReload: Starting Hot-Reload from IDE
[2020.07.06-12.26.04:429][329]LogContentBrowser: Native class hierarchy updated for 'SI' in 0.0004 seconds. Added 4 classes and 6 folders.
[2020.07.06-12.26.04:430][329]Display: HotReload successful (1 functions remapped  0 scriptstructs remapped)
[2020.07.06-12.26.04:471][329]LogContentBrowser: Native class hierarchy populated in 0.0080 seconds. Added 3431 classes and 827 folders.
[2020.07.06-12.26.04:477][329]Display: HotReload took  0.1s.
[2020.07.06-13.06.45:873][644]LogHotReload: New module detected: UE4Editor-SI-0211.dll
[2020.07.06-13.06.46:550][647]LogHotReload: Starting Hot-Reload from IDE
[2020.07.06-13.06.46:587][647]LogClass: Could not find existing class SICharacter in package /Script/SI for HotReload, assuming new class
[2020.07.06-13.06.46:587][647]LogClass: Function AnimateCameraLocation is new.
[2020.07.06-13.06.46:593][647]LogHotReload: Re-instancing SICharacter after hot-reload.
[2020.07.06-13.06.46:601][647]LogScript: Warning: Attempted to access missing property 'InputAxisYawValue'. If this is a packaged/cooked build, are you attempting to use an editor-only property?
	SI_ThirdPerson_AnimBP_C /Game/Maps/P_Map1.P_Map1:PersistentLevel.SIPlayerCharacter_2.CharacterMesh0.SI_ThirdPerson_AnimBP_C_0
	Function /Game/RifleAnimsetPro/Animations/ThirdPersonBasic/SI_ThirdPerson_AnimBP.SI_ThirdPerson_AnimBP_C:ExecuteUbergraph_SI_ThirdPerson_AnimBP:0937
[2020.07.06-13.06.46:601][647]LogScript: Warning: Attempted to access missing property 'bIsCombatMode'. If this is a packaged/cooked build, are you attempting to use an editor-only property?
	SI_ThirdPerson_AnimBP_C /Game/Maps/P_Map1.P_Map1:PersistentLevel.SIPlayerCharacter_2.CharacterMesh0.SI_ThirdPerson_AnimBP_C_0
	Function /Game/RifleAnimsetPro/Animations/ThirdPersonBasic/SI_ThirdPerson_AnimBP.SI_ThirdPerson_AnimBP_C:ExecuteUbergraph_SI_ThirdPerson_AnimBP:0962
[2020.07.06-13.06.46:604][647]LogScript: Warning: Attempted to access missing property 'InputAxisYawValue'. If this is a packaged/cooked build, are you attempting to use an editor-only property?
	SI_ThirdPerson_AnimBP_C /Game/Maps/P_Map1.P_Map1:PersistentLevel.SIPlayerCharacter_2.CharacterMesh0.SI_ThirdPerson_AnimBP_C_1
	Function /Game/RifleAnimsetPro/Animations/ThirdPersonBasic/SI_ThirdPerson_AnimBP.SI_ThirdPerson_AnimBP_C:ExecuteUbergraph_SI_ThirdPerson_AnimBP:0937
[2020.07.06-13.06.46:604][647]LogScript: Warning: Attempted to access missing property 'bIsCombatMode'. If this is a packaged/cooked build, are you attempting to use an editor-only property?
	SI_ThirdPerson_AnimBP_C /Game/Maps/P_Map1.P_Map1:PersistentLevel.SIPlayerCharacter_2.CharacterMesh0.SI_ThirdPerson_AnimBP_C_1
	Function /Game/RifleAnimsetPro/Animations/ThirdPersonBasic/SI_ThirdPerson_AnimBP.SI_ThirdPerson_AnimBP_C:ExecuteUbergraph_SI_ThirdPerson_AnimBP:0962
[2020.07.06-13.06.46:615][647]LogContentBrowser: Native class hierarchy updated for 'SI' in 0.0005 seconds. Added 4 classes and 6 folders.
[2020.07.06-13.06.46:616][647]Display: HotReload successful (0 functions remapped  0 scriptstructs remapped)
[2020.07.06-13.06.46:658][647]LogContentBrowser: Native class hierarchy populated in 0.0091 seconds. Added 3431 classes and 827 folders.
[2020.07.06-13.06.46:664][647]Display: HotReload took  0.1s.
[2020.07.06-13.09.50:853][198]LogHotReload: New module detected: UE4Editor-SI-0212.dll
[2020.07.06-13.09.51:198][200]LogHotReload: Starting Hot-Reload from IDE
[2020.07.06-13.09.51:239][200]LogOutputDevice: Warning: 

Script Stack (0 frames):

[2020.07.06-13.09.51:239][200]LogWindows: Windows GetLastError: The operation completed successfully. (0)
[2020.07.06-13.09.52:779][200]LogWindows: Error: === Critical error: ===
[2020.07.06-13.09.52:779][200]LogWindows: Error: 
[2020.07.06-13.09.52:779][200]LogWindows: Error: Fatal error: [File:D:/Build/++UE4+Licensee/Sync/Engine/Source/Runtime/CoreUObject/Private/UObject/UObjectGlobals.cpp] [Line: 2335] 
[2020.07.06-13.09.52:779][200]LogWindows: Error: Objects have the same fully qualified name but different paths.
[2020.07.06-13.09.52:779][200]LogWindows: Error: 	New Object: SICharacter /Engine/Transient.Default__SICharacter
[2020.07.06-13.09.52:779][200]LogWindows: Error: 	Existing Object: HOTRELOADED_SICharacter_2 /Engine/Transient.Default__SICharacter
[2020.07.06-13.09.52:779][200]LogWindows: Error: 
[2020.07.06-13.09.52:779][200]LogWindows: Error: 
[2020.07.06-13.09.52:779][200]LogWindows: Error: [Callstack] 0x00007ff9c10b3e49 KERNELBASE.dll!UnknownFunction []
[2020.07.06-13.09.52:779][200]LogWindows: Error: [Callstack] 0x00007ff9906feb46 UE4Editor-Core.dll!UnknownFunction []
[2020.07.06-13.09.52:779][200]LogWindows: Error: [Callstack] 0x00007ff990701f28 UE4Editor-Core.dll!UnknownFunction []
[2020.07.06-13.09.52:779][200]LogWindows: Error: [Callstack] 0x00007ff99048e53d UE4Editor-Core.dll!UnknownFunction []
[2020.07.06-13.09.52:779][200]LogWindows: Error: [Callstack] 0x00007ff98eaadfda UE4Editor-CoreUObject.dll!UnknownFunction []
[2020.07.06-13.09.52:779][200]LogWindows: Error: [Callstack] 0x00007ff94731581c UE4Editor-SI-0212.dll!ASICharacter::__VTableCtorCaller() [C:\My\UnrealProjects\SI\Survival-Instinct\SI\Source\SI\Player\Public\SICharacter.h:20]
[2020.07.06-13.09.52:779][200]LogWindows: Error: [Callstack] 0x00007ff98e81f2db UE4Editor-CoreUObject.dll!UnknownFunction []
[2020.07.06-13.09.52:780][200]LogWindows: Error: [Callstack] 0x00007ff98e81c0cd UE4Editor-CoreUObject.dll!UnknownFunction []
[2020.07.06-13.09.52:780][200]LogWindows: Error: [Callstack] 0x00007ff9473168cb UE4Editor-SI-0212.dll!ASICharacter::GetPrivateStaticClass() [C:\My\UnrealProjects\SI\Survival-Instinct\SI\Intermediate\Build\Win64\UE4Editor\Inc\SI\SICharacter.gen.cpp:238]
[2020.07.06-13.09.52:780][200]LogWindows: Error: [Callstack] 0x00007ff94731663f UE4Editor-SI-0212.dll!TClassCompiledInDefer<ASICharacter>::Register() [C:\Program Files\Epic Games\UE_4.25\Engine\Source\Runtime\CoreUObject\Public\UObject\UObjectBase.h:288]
[2020.07.06-13.09.52:780][200]LogWindows: Error: [Callstack] 0x00007ff98eab64b3 UE4Editor-CoreUObject.dll!UnknownFunction []
[2020.07.06-13.09.52:780][200]LogWindows: Error: [Callstack] 0x00007ff98ea95b7e UE4Editor-CoreUObject.dll!UnknownFunction []
[2020.07.06-13.09.52:780][200]LogWindows: Error: [Callstack] 0x00007ff98e9b43b5 UE4Editor-CoreUObject.dll!UnknownFunction []
[2020.07.06-13.09.52:780][200]LogWindows: Error: [Callstack] 0x00007ff9904c987a UE4Editor-Core.dll!UnknownFunction []
[2020.07.06-13.09.52:780][200]LogWindows: Error: [Callstack] 0x00007ff9904e9a00 UE4Editor-Core.dll!UnknownFunction []
[2020.07.06-13.09.52:780][200]LogWindows: Error: [Callstack] 0x00007ff9904e8b18 UE4Editor-Core.dll!UnknownFunction []
[2020.07.06-13.09.52:780][200]LogWindows: Error: [Callstack] 0x00007ff955f0b9b2 UE4Editor-HotReload.dll!UnknownFunction []
[2020.07.06-13.09.52:780][200]LogWindows: Error: [Callstack] 0x00007ff955f0b708 UE4Editor-HotReload.dll!UnknownFunction []
[2020.07.06-13.09.52:780][200]LogWindows: Error: [Callstack] 0x00007ff955f1c3e1 UE4Editor-HotReload.dll!UnknownFunction []
[2020.07.06-13.09.52:780][200]LogWindows: Error: [Callstack] 0x00007ff99024d0a9 UE4Editor-Core.dll!UnknownFunction []
[2020.07.06-13.09.52:780][200]LogWindows: Error: [Callstack] 0x00007ff768fda213 UE4Editor.exe!UnknownFunction []
[2020.07.06-13.09.52:780][200]LogWindows: Error: [Callstack] 0x00007ff768feba7c UE4Editor.exe!UnknownFunction []
[2020.07.06-13.09.52:780][200]LogWindows: Error: [Callstack] 0x00007ff768febb5a UE4Editor.exe!UnknownFunction []
[2020.07.06-13.09.52:780][200]LogWindows: Error: [Callstack] 0x00007ff768ffe31d UE4Editor.exe!UnknownFunction []
[2020.07.06-13.09.52:780][200]LogWindows: Error: [Callstack] 0x00007ff76900145a UE4Editor.exe!UnknownFunction []
[2020.07.06-13.09.52:780][200]LogWindows: Error: [Callstack] 0x00007ff9c23e6fd4 KERNEL32.DLL!UnknownFunction []
[2020.07.06-13.09.52:780][200]LogWindows: Error: [Callstack] 0x00007ff9c395cec1 ntdll.dll!UnknownFunction []
[2020.07.06-13.09.52:780][200]LogWindows: Error: 
[2020.07.06-13.09.52:797][200]LogExit: Executing StaticShutdownAfterError
[2020.07.06-13.09.52:799][200]LogWindows: FPlatformMisc::RequestExit(1)
[2020.07.06-13.09.52:799][200]LogCore: Engine exit requested (reason: Win RequestExit)
[2020.07.06-13.09.52:811][200]Log file closed, 07/06/20 09:09:52
