Log file open, 07/06/20 23:15:00
LogInit: Display: Running engine for game: SI
LogPlatformFile: Not using cached read wrapper
LogTaskGraph: Started task graph with 5 named threads and 47 total threads with 3 sets of task threads.
LogStats: Stats thread started at 0.769890
LogD3D11RHI: Loaded GFSDK_Aftermath_Lib.x64.dll
LogICUInternationalization: ICU TimeZone Detection - Raw Offset: -5:00, Platform Override: ''
LogPluginManager: Mounting plugin Paper2D
LogPluginManager: Mounting plugin AISupport
LogPluginManager: Mounting plugin LightPropagationVolume
LogPluginManager: Mounting plugin CameraShakePreviewer
LogPluginManager: Mounting plugin ActorLayerUtilities
LogPluginManager: Mounting plugin AnimationSharing
LogPluginManager: Mounting plugin CLionSourceCodeAccess
LogPluginManager: Mounting plugin CodeLiteSourceCodeAccess
LogPluginManager: Mounting plugin GitSourceControl
LogPluginManager: Mounting plugin KDevelopSourceCodeAccess
LogPluginManager: Mounting plugin NullSourceCodeAccess
LogPluginManager: Mounting plugin PerforceSourceControl
LogPluginManager: Mounting plugin PlasticSourceControl
LogPluginManager: Mounting plugin RiderSourceCodeAccess
LogPluginManager: Mounting plugin SubversionSourceControl
LogPluginManager: Mounting plugin UObjectPlugin
LogPluginManager: Mounting plugin VisualStudioCodeSourceCodeAccess
LogPluginManager: Mounting plugin VisualStudioSourceCodeAccess
LogPluginManager: Mounting plugin XCodeSourceCodeAccess
LogPluginManager: Mounting plugin AssetManagerEditor
LogPluginManager: Mounting plugin CryptoKeys
LogPluginManager: Mounting plugin CurveEditorTools
LogPluginManager: Mounting plugin DataValidation
LogPluginManager: Mounting plugin EditorScriptingUtilities
LogPluginManager: Mounting plugin FacialAnimation
LogPluginManager: Mounting plugin GameplayTagsEditor
LogPluginManager: Mounting plugin GeometryMode
LogPluginManager: Mounting plugin MacGraphicsSwitching
LogPluginManager: Mounting plugin MaterialAnalyzer
LogPluginManager: Mounting plugin MobileLauncherProfileWizard
LogPluginManager: Mounting plugin PluginBrowser
LogPluginManager: Mounting plugin SpeedTreeImporter
LogPluginManager: Mounting plugin DatasmithContent
LogPluginManager: Mounting plugin VariantManagerContent
LogPluginManager: Mounting plugin AlembicImporter
LogPluginManager: Mounting plugin AutomationUtils
LogPluginManager: Mounting plugin BackChannel
LogPluginManager: Mounting plugin ChaosCloth
LogPluginManager: Mounting plugin ChaosClothEditor
LogPluginManager: Mounting plugin ChaosEditor
LogPluginManager: Mounting plugin ChaosNiagara
LogPluginManager: Mounting plugin ChaosSolverPlugin
LogPluginManager: Mounting plugin CharacterAI
LogPluginManager: Mounting plugin GeometryCache
LogPluginManager: Mounting plugin GeometryCollectionPlugin
LogPluginManager: Mounting plugin GeometryProcessing
LogPluginManager: Mounting plugin PlanarCut
LogPluginManager: Mounting plugin PlatformCrypto
LogPluginManager: Mounting plugin ProxyLODPlugin
LogPluginManager: Mounting plugin SkeletalReduction
LogPluginManager: Mounting plugin Niagara
LogPluginManager: Mounting plugin MagicLeap
LogPluginManager: Mounting plugin MagicLeapLightEstimation
LogPluginManager: Mounting plugin MagicLeapMedia
LogPluginManager: Mounting plugin MagicLeapPassableWorld
LogPluginManager: Mounting plugin MLSDK
LogPluginManager: Mounting plugin AndroidMedia
LogPluginManager: Mounting plugin AvfMedia
LogPluginManager: Mounting plugin ImgMedia
LogPluginManager: Mounting plugin MediaCompositing
LogPluginManager: Mounting plugin MediaPlayerEditor
LogPluginManager: Mounting plugin WebMMedia
LogPluginManager: Mounting plugin WmfMedia
LogPluginManager: Mounting plugin MeshPainting
LogPluginManager: Mounting plugin TcpMessaging
LogPluginManager: Mounting plugin UdpMessaging
LogPluginManager: Mounting plugin ActorSequence
LogPluginManager: Mounting plugin LevelSequenceEditor
LogPluginManager: Mounting plugin MatineeToLevelSequence
LogPluginManager: Mounting plugin MovieRenderPipeline
LogPluginManager: Mounting plugin TemplateSequence
LogPluginManager: Mounting plugin NetcodeUnitTest
LogPluginManager: Mounting plugin NUTUnrealEngine4
LogPluginManager: Mounting plugin OnlineSubsystemGooglePlay
LogPluginManager: Mounting plugin OnlineSubsystemIOS
LogPluginManager: Mounting plugin OnlineSubsystem
LogPluginManager: Mounting plugin OnlineSubsystemNull
LogPluginManager: Mounting plugin OnlineSubsystemUtils
LogPluginManager: Mounting plugin LauncherChunkInstaller
LogPluginManager: Mounting plugin AndroidDeviceProfileSelector
LogPluginManager: Mounting plugin AndroidMoviePlayer
LogPluginManager: Mounting plugin AndroidPermission
LogPluginManager: Mounting plugin AppleImageUtils
LogPluginManager: Mounting plugin AppleMoviePlayer
LogPluginManager: Mounting plugin ArchVisCharacter
LogPluginManager: Mounting plugin AssetTags
LogPluginManager: Mounting plugin AudioCapture
LogPluginManager: Mounting plugin CableComponent
LogPluginManager: Mounting plugin CustomMeshComponent
LogPluginManager: Mounting plugin EditableMesh
LogPluginManager: Mounting plugin ExampleDeviceProfileSelector
LogPluginManager: Mounting plugin GoogleCloudMessaging
LogPluginManager: Mounting plugin GooglePAD
LogPluginManager: Mounting plugin IOSDeviceProfileSelector
LogPluginManager: Mounting plugin LinuxDeviceProfileSelector
LogPluginManager: Mounting plugin LocationServicesBPLibrary
LogPluginManager: Mounting plugin MobilePatchingUtils
LogPluginManager: Mounting plugin OculusVR
LogPluginManager: Mounting plugin PhysXVehicles
LogPluginManager: Mounting plugin PostSplashScreen
LogPluginManager: Mounting plugin ProceduralMeshComponent
LogPluginManager: Mounting plugin RuntimePhysXCooking
LogPluginManager: Mounting plugin SignificanceManager
LogPluginManager: Mounting plugin SoundFields
LogPluginManager: Mounting plugin SteamVR
LogPluginManager: Mounting plugin Synthesis
LogPluginManager: Mounting plugin WebMMoviePlayer
LogPluginManager: Mounting plugin WindowsMoviePlayer
LogPluginManager: Mounting plugin ScreenshotTools
LogInit: Using libcurl 7.55.1-DEV
LogInit:  - built for x86_64-pc-win32
LogInit:  - supports SSL with OpenSSL/1.1.1
LogInit:  - supports HTTP deflate (compression) using libz 1.2.8
LogInit:  - other features:
LogInit:      CURL_VERSION_SSL
LogInit:      CURL_VERSION_LIBZ
LogInit:      CURL_VERSION_IPV6
LogInit:      CURL_VERSION_ASYNCHDNS
LogInit:      CURL_VERSION_LARGEFILE
LogInit:      CURL_VERSION_IDN
LogInit:  CurlRequestOptions (configurable via config and command line):
LogInit:  - bVerifyPeer = true  - Libcurl will verify peer certificate
LogInit:  - bUseHttpProxy = false  - Libcurl will NOT use HTTP proxy
LogInit:  - bDontReuseConnections = false  - Libcurl will reuse connections
LogInit:  - MaxHostConnections = 16  - Libcurl will limit the number of connections to a host
LogInit:  - LocalHostAddr = Default
LogInit:  - BufferSize = 65536
LogOnline: OSS: Creating online subsystem instance for: NULL
LogInit: WinSock: version 1.1 (2.2), MaxSocks=32767, MaxUdp=65467
LogOnline: OSS: TryLoadSubsystemAndSetDefault: Loaded subsystem for module [NULL]
LogInit: Build: ++UE4+Release-4.25-CL-13594126
LogInit: Engine Version: 4.25.1-13594126+++UE4+Release-4.25
LogInit: Compatible Engine Version: 4.25.0-13144385+++UE4+Release-4.25
LogInit: Net CL: 13144385
LogInit: OS: Windows 10 (Release 2004) (), CPU: Intel(R) Core(TM) i9-9980HK CPU @ 2.40GHz, GPU: AMD Radeon Pro 5500M
LogInit: Compiled (64-bit): Jun  2 2020 02:10:36
LogInit: Compiled with Visual C++: 19.24.28315.00
LogInit: Build Configuration: Development
LogInit: Branch Name: ++UE4+Release-4.25
LogInit: Command Line: 
LogInit: Base Directory: C:/Program Files/Epic Games/UE_4.25/Engine/Binaries/Win64/
LogInit: Allocator: TBB
LogInit: Installed Engine Build: 1
LogDevObjectVersion: Number of dev versions registered: 26
LogDevObjectVersion:   Dev-Blueprints (B0D832E4-1F89-4F0D-ACCF-7EB736FD4AA2): 10
LogDevObjectVersion:   Dev-Build (E1C64328-A22C-4D53-A36C-8E866417BD8C): 0
LogDevObjectVersion:   Dev-Core (375EC13C-06E4-48FB-B500-84F0262A717E): 4
LogDevObjectVersion:   Dev-Editor (E4B068ED-F494-42E9-A231-DA0B2E46BB41): 38
LogDevObjectVersion:   Dev-Framework (CFFC743F-43B0-4480-9391-14DF171D2073): 37
LogDevObjectVersion:   Dev-Mobile (B02B49B5-BB20-44E9-A304-32B752E40360): 2
LogDevObjectVersion:   Dev-Networking (A4E4105C-59A1-49B5-A7C5-40C4547EDFEE): 0
LogDevObjectVersion:   Dev-Online (39C831C9-5AE6-47DC-9A44-9C173E1C8E7C): 0
LogDevObjectVersion:   Dev-Physics (78F01B33-EBEA-4F98-B9B4-84EACCB95AA2): 4
LogDevObjectVersion:   Dev-Platform (6631380F-2D4D-43E0-8009-CF276956A95A): 0
LogDevObjectVersion:   Dev-Rendering (12F88B9F-8875-4AFC-A67C-D90C383ABD29): 43
LogDevObjectVersion:   Dev-Sequencer (7B5AE74C-D270-4C10-A958-57980B212A5A): 12
LogDevObjectVersion:   Dev-VR (D7296918-1DD6-4BDD-9DE2-64A83CC13884): 3
LogDevObjectVersion:   Dev-LoadTimes (C2A15278-BFE7-4AFE-6C17-90FF531DF755): 1
LogDevObjectVersion:   Private-Geometry (6EACA3D4-40EC-4CC1-B786-8BED09428FC5): 3
LogDevObjectVersion:   Dev-AnimPhys (29E575DD-E0A3-4627-9D10-D276232CDCEA): 17
LogDevObjectVersion:   Dev-Anim (AF43A65D-7FD3-4947-9873-3E8ED9C1BB05): 7
LogDevObjectVersion:   Dev-ReflectionCapture (6B266CEC-1EC7-4B8F-A30B-E4D90942FC07): 1
LogDevObjectVersion:   Dev-Automation (0DF73D61-A23F-47EA-B727-89E90C41499A): 1
LogDevObjectVersion:   FortniteMain (601D1886-AC64-4F84-AA16-D3DE0DEAC7D6): 31
LogDevObjectVersion:   Dev-Enterprise (9DFFBCD6-494F-0158-E221-12823C92A888): 10
LogDevObjectVersion:   Dev-Niagara (F2AED0AC-9AFE-416F-8664-AA7FFA26D6FC): 1
LogDevObjectVersion:   Dev-Destruction (174F1F0B-B4C6-45A5-B13F-2EE8D0FB917D): 10
LogDevObjectVersion:   Dev-Physics-Ext (35F94A83-E258-406C-A318-09F59610247C): 37
LogDevObjectVersion:   Dev-PhysicsMaterial-Chaos (B68FC16E-8B1B-42E2-B453-215C058844FE): 1
LogDevObjectVersion:   Dev-CineCamera (B2E18506-4273-CFC2-A54E-F4BB758BBA07): 1
LogInit: Presizing for max 25165824 objects, including 0 objects not considered by GC, pre-allocating 0 bytes for permanent pool.
LogConfig: Applying CVar settings from Section [/Script/Engine.StreamingSettings] File [C:/My/UnrealProjects/SI/Survival-Instinct/SI/Saved/Config/Windows/Engine.ini]
LogConfig: Setting CVar [[s.MinBulkDataSizeForAsyncLoading:131072]]
LogConfig: Setting CVar [[s.AsyncLoadingThreadEnabled:0]]
LogConfig: Setting CVar [[s.EventDrivenLoaderEnabled:1]]
LogConfig: Setting CVar [[s.WarnIfTimeLimitExceeded:0]]
LogConfig: Setting CVar [[s.TimeLimitExceededMultiplier:1.5]]
LogConfig: Setting CVar [[s.TimeLimitExceededMinTime:0.005]]
LogConfig: Setting CVar [[s.UseBackgroundLevelStreaming:1]]
LogConfig: Setting CVar [[s.PriorityAsyncLoadingExtraTime:15.0]]
LogConfig: Setting CVar [[s.LevelStreamingActorsUpdateTimeLimit:5.0]]
LogConfig: Setting CVar [[s.PriorityLevelStreamingActorsUpdateExtraTime:5.0]]
LogConfig: Setting CVar [[s.LevelStreamingComponentsRegistrationGranularity:10]]
LogConfig: Setting CVar [[s.UnregisterComponentsTimeLimit:1.0]]
LogConfig: Setting CVar [[s.LevelStreamingComponentsUnregistrationGranularity:5]]
LogConfig: Setting CVar [[s.FlushStreamingOnExit:1]]
LogInit: Object subsystem initialized
LogConfig: Setting CVar [[con.DebugEarlyDefault:1]]
LogConfig: Setting CVar [[r.setres:1280x720]]
[2020.07.07-03.15.00:539][  0]LogConfig: Setting CVar [[r.VSync:0]]
[2020.07.07-03.15.00:539][  0]LogConfig: Setting CVar [[r.RHICmdBypass:0]]
[2020.07.07-03.15.00:539][  0]LogConfig: Applying CVar settings from Section [/Script/Engine.RendererSettings] File [C:/My/UnrealProjects/SI/Survival-Instinct/SI/Saved/Config/Windows/Engine.ini]
[2020.07.07-03.15.00:539][  0]LogConfig: Setting CVar [[r.GPUCrashDebugging:0]]
[2020.07.07-03.15.00:539][  0]LogConfig: Applying CVar settings from Section [/Script/Engine.RendererOverrideSettings] File [C:/My/UnrealProjects/SI/Survival-Instinct/SI/Saved/Config/Windows/Engine.ini]
[2020.07.07-03.15.00:539][  0]LogConfig: Applying CVar settings from Section [/Script/Engine.StreamingSettings] File [C:/My/UnrealProjects/SI/Survival-Instinct/SI/Saved/Config/Windows/Engine.ini]
[2020.07.07-03.15.00:539][  0]LogConfig: Setting CVar [[s.MinBulkDataSizeForAsyncLoading:131072]]
[2020.07.07-03.15.00:539][  0]LogConfig: Setting CVar [[s.AsyncLoadingThreadEnabled:0]]
[2020.07.07-03.15.00:539][  0]LogConfig: Setting CVar [[s.EventDrivenLoaderEnabled:1]]
[2020.07.07-03.15.00:539][  0]LogConfig: Setting CVar [[s.WarnIfTimeLimitExceeded:0]]
[2020.07.07-03.15.00:539][  0]LogConfig: Setting CVar [[s.TimeLimitExceededMultiplier:1.5]]
[2020.07.07-03.15.00:539][  0]LogConfig: Setting CVar [[s.TimeLimitExceededMinTime:0.005]]
[2020.07.07-03.15.00:539][  0]LogConfig: Setting CVar [[s.UseBackgroundLevelStreaming:1]]
[2020.07.07-03.15.00:539][  0]LogConfig: Setting CVar [[s.PriorityAsyncLoadingExtraTime:15.0]]
[2020.07.07-03.15.00:539][  0]LogConfig: Setting CVar [[s.LevelStreamingActorsUpdateTimeLimit:5.0]]
[2020.07.07-03.15.00:539][  0]LogConfig: Setting CVar [[s.PriorityLevelStreamingActorsUpdateExtraTime:5.0]]
[2020.07.07-03.15.00:539][  0]LogConfig: Setting CVar [[s.LevelStreamingComponentsRegistrationGranularity:10]]
[2020.07.07-03.15.00:539][  0]LogConfig: Setting CVar [[s.UnregisterComponentsTimeLimit:1.0]]
[2020.07.07-03.15.00:539][  0]LogConfig: Setting CVar [[s.LevelStreamingComponentsUnregistrationGranularity:5]]
[2020.07.07-03.15.00:539][  0]LogConfig: Setting CVar [[s.FlushStreamingOnExit:1]]
[2020.07.07-03.15.00:539][  0]LogConfig: Applying CVar settings from Section [/Script/Engine.GarbageCollectionSettings] File [C:/My/UnrealProjects/SI/Survival-Instinct/SI/Saved/Config/Windows/Engine.ini]
[2020.07.07-03.15.00:539][  0]LogConfig: Setting CVar [[gc.MaxObjectsNotConsideredByGC:1]]
[2020.07.07-03.15.00:539][  0]LogConfig: Setting CVar [[gc.SizeOfPermanentObjectPool:0]]
[2020.07.07-03.15.00:539][  0]LogConfig: Setting CVar [[gc.FlushStreamingOnGC:0]]
[2020.07.07-03.15.00:539][  0]LogConfig: Setting CVar [[gc.NumRetriesBeforeForcingGC:10]]
[2020.07.07-03.15.00:539][  0]LogConfig: Setting CVar [[gc.AllowParallelGC:1]]
[2020.07.07-03.15.00:539][  0]LogConfig: Setting CVar [[gc.TimeBetweenPurgingPendingKillObjects:61.1]]
[2020.07.07-03.15.00:539][  0]LogConfig: Setting CVar [[gc.MaxObjectsInEditor:25165824]]
[2020.07.07-03.15.00:539][  0]LogConfig: Setting CVar [[gc.IncrementalBeginDestroyEnabled:1]]
[2020.07.07-03.15.00:539][  0]LogConfig: Setting CVar [[gc.CreateGCClusters:1]]
[2020.07.07-03.15.00:539][  0]LogConfig: Setting CVar [[gc.MinGCClusterSize:5]]
[2020.07.07-03.15.00:539][  0]LogConfig: Setting CVar [[gc.ActorClusteringEnabled:0]]
[2020.07.07-03.15.00:539][  0]LogConfig: Setting CVar [[gc.BlueprintClusteringEnabled:0]]
[2020.07.07-03.15.00:539][  0]LogConfig: Setting CVar [[gc.UseDisregardForGCOnDedicatedServers:0]]
[2020.07.07-03.15.00:539][  0]LogConfig: Applying CVar settings from Section [/Script/Engine.NetworkSettings] File [C:/My/UnrealProjects/SI/Survival-Instinct/SI/Saved/Config/Windows/Engine.ini]
[2020.07.07-03.15.00:539][  0]LogConfig: Applying CVar settings from Section [/Script/UnrealEd.CookerSettings] File [C:/My/UnrealProjects/SI/Survival-Instinct/SI/Saved/Config/Windows/Engine.ini]
[2020.07.07-03.15.00:551][  0]LogConfig: Applying CVar settings from Section [ViewDistanceQuality@3] File [C:/My/UnrealProjects/SI/Survival-Instinct/SI/Saved/Config/Windows/Scalability.ini]
[2020.07.07-03.15.00:551][  0]LogConfig: Setting CVar [[r.SkeletalMeshLODBias:0]]
[2020.07.07-03.15.00:551][  0]LogConfig: Setting CVar [[r.ViewDistanceScale:1.0]]
[2020.07.07-03.15.00:551][  0]LogConfig: Applying CVar settings from Section [AntiAliasingQuality@3] File [C:/My/UnrealProjects/SI/Survival-Instinct/SI/Saved/Config/Windows/Scalability.ini]
[2020.07.07-03.15.00:551][  0]LogConfig: Setting CVar [[r.PostProcessAAQuality:4]]
[2020.07.07-03.15.00:551][  0]LogConfig: Applying CVar settings from Section [ShadowQuality@3] File [C:/My/UnrealProjects/SI/Survival-Instinct/SI/Saved/Config/Windows/Scalability.ini]
[2020.07.07-03.15.00:551][  0]LogConfig: Setting CVar [[r.LightFunctionQuality:1]]
[2020.07.07-03.15.00:551][  0]LogConfig: Setting CVar [[r.ShadowQuality:5]]
[2020.07.07-03.15.00:551][  0]LogConfig: Setting CVar [[r.Shadow.CSM.MaxCascades:10]]
[2020.07.07-03.15.00:551][  0]LogConfig: Setting CVar [[r.Shadow.MaxResolution:2048]]
[2020.07.07-03.15.00:551][  0]LogConfig: Setting CVar [[r.Shadow.MaxCSMResolution:2048]]
[2020.07.07-03.15.00:551][  0]LogConfig: Setting CVar [[r.Shadow.RadiusThreshold:0.01]]
[2020.07.07-03.15.00:551][  0]LogConfig: Setting CVar [[r.Shadow.DistanceScale:1.0]]
[2020.07.07-03.15.00:551][  0]LogConfig: Setting CVar [[r.Shadow.CSM.TransitionScale:1.0]]
[2020.07.07-03.15.00:551][  0]LogConfig: Setting CVar [[r.Shadow.PreShadowResolutionFactor:1.0]]
[2020.07.07-03.15.00:551][  0]LogConfig: Setting CVar [[r.DistanceFieldShadowing:1]]
[2020.07.07-03.15.00:551][  0]LogConfig: Setting CVar [[r.DistanceFieldAO:1]]
[2020.07.07-03.15.00:551][  0]LogConfig: Setting CVar [[r.AOQuality:2]]
[2020.07.07-03.15.00:551][  0]LogConfig: Setting CVar [[r.VolumetricFog:1]]
[2020.07.07-03.15.00:551][  0]LogConfig: Setting CVar [[r.VolumetricFog.GridPixelSize:8]]
[2020.07.07-03.15.00:551][  0]LogConfig: Setting CVar [[r.VolumetricFog.GridSizeZ:128]]
[2020.07.07-03.15.00:551][  0]LogConfig: Setting CVar [[r.VolumetricFog.HistoryMissSupersampleCount:4]]
[2020.07.07-03.15.00:551][  0]LogConfig: Setting CVar [[r.LightMaxDrawDistanceScale:1]]
[2020.07.07-03.15.00:551][  0]LogConfig: Setting CVar [[r.CapsuleShadows:1]]
[2020.07.07-03.15.00:551][  0]LogConfig: Applying CVar settings from Section [PostProcessQuality@3] File [C:/My/UnrealProjects/SI/Survival-Instinct/SI/Saved/Config/Windows/Scalability.ini]
[2020.07.07-03.15.00:551][  0]LogConfig: Setting CVar [[r.MotionBlurQuality:4]]
[2020.07.07-03.15.00:551][  0]LogConfig: Setting CVar [[r.AmbientOcclusionMipLevelFactor:0.4]]
[2020.07.07-03.15.00:551][  0]LogConfig: Setting CVar [[r.AmbientOcclusionMaxQuality:100]]
[2020.07.07-03.15.00:551][  0]LogConfig: Setting CVar [[r.AmbientOcclusionLevels:-1]]
[2020.07.07-03.15.00:551][  0]LogConfig: Setting CVar [[r.AmbientOcclusionRadiusScale:1.0]]
[2020.07.07-03.15.00:551][  0]LogConfig: Setting CVar [[r.DepthOfFieldQuality:2]]
[2020.07.07-03.15.00:551][  0]LogConfig: Setting CVar [[r.RenderTargetPoolMin:400]]
[2020.07.07-03.15.00:551][  0]LogConfig: Setting CVar [[r.LensFlareQuality:2]]
[2020.07.07-03.15.00:551][  0]LogConfig: Setting CVar [[r.SceneColorFringeQuality:1]]
[2020.07.07-03.15.00:551][  0]LogConfig: Setting CVar [[r.EyeAdaptationQuality:2]]
[2020.07.07-03.15.00:551][  0]LogConfig: Setting CVar [[r.BloomQuality:5]]
[2020.07.07-03.15.00:551][  0]LogConfig: Setting CVar [[r.FastBlurThreshold:100]]
[2020.07.07-03.15.00:551][  0]LogConfig: Setting CVar [[r.Upscale.Quality:3]]
[2020.07.07-03.15.00:551][  0]LogConfig: Setting CVar [[r.Tonemapper.GrainQuantization:1]]
[2020.07.07-03.15.00:551][  0]LogConfig: Setting CVar [[r.LightShaftQuality:1]]
[2020.07.07-03.15.00:551][  0]LogConfig: Setting CVar [[r.Filter.SizeScale:1]]
[2020.07.07-03.15.00:551][  0]LogConfig: Setting CVar [[r.Tonemapper.Quality:5]]
[2020.07.07-03.15.00:551][  0]LogConfig: Setting CVar [[r.DOF.Gather.AccumulatorQuality:1        ; higher gathering accumulator quality]]
[2020.07.07-03.15.00:551][  0]LogConfig: Setting CVar [[r.DOF.Gather.PostfilterMethod:1          ; Median3x3 postfilering method]]
[2020.07.07-03.15.00:551][  0]LogConfig: Setting CVar [[r.DOF.Gather.EnableBokehSettings:0       ; no bokeh simulation when gathering]]
[2020.07.07-03.15.00:551][  0]LogConfig: Setting CVar [[r.DOF.Gather.RingCount:4                 ; medium number of samples when gathering]]
[2020.07.07-03.15.00:551][  0]LogConfig: Setting CVar [[r.DOF.Scatter.ForegroundCompositing:1    ; additive foreground scattering]]
[2020.07.07-03.15.00:551][  0]LogConfig: Setting CVar [[r.DOF.Scatter.BackgroundCompositing:2    ; additive background scattering]]
[2020.07.07-03.15.00:551][  0]LogConfig: Setting CVar [[r.DOF.Scatter.EnableBokehSettings:1      ; bokeh simulation when scattering]]
[2020.07.07-03.15.00:551][  0]LogConfig: Setting CVar [[r.DOF.Scatter.MaxSpriteRatio:0.1         ; only a maximum of 10% of scattered bokeh]]
[2020.07.07-03.15.00:551][  0]LogConfig: Setting CVar [[r.DOF.Recombine.Quality:1                ; cheap slight out of focus]]
[2020.07.07-03.15.00:551][  0]LogConfig: Setting CVar [[r.DOF.Recombine.EnableBokehSettings:0    ; no bokeh simulation on slight out of focus]]
[2020.07.07-03.15.00:551][  0]LogConfig: Setting CVar [[r.DOF.TemporalAAQuality:1                ; more stable temporal accumulation]]
[2020.07.07-03.15.00:551][  0]LogConfig: Setting CVar [[r.DOF.Kernel.MaxForegroundRadius:0.025]]
[2020.07.07-03.15.00:551][  0]LogConfig: Setting CVar [[r.DOF.Kernel.MaxBackgroundRadius:0.025]]
[2020.07.07-03.15.00:551][  0]LogConfig: Applying CVar settings from Section [TextureQuality@3] File [C:/My/UnrealProjects/SI/Survival-Instinct/SI/Saved/Config/Windows/Scalability.ini]
[2020.07.07-03.15.00:551][  0]LogConfig: Setting CVar [[r.Streaming.MipBias:0]]
[2020.07.07-03.15.00:551][  0]LogConfig: Setting CVar [[r.Streaming.AmortizeCPUToGPUCopy:0]]
[2020.07.07-03.15.00:551][  0]LogConfig: Setting CVar [[r.Streaming.MaxNumTexturesToStreamPerFrame:0]]
[2020.07.07-03.15.00:551][  0]LogConfig: Setting CVar [[r.Streaming.Boost:1]]
[2020.07.07-03.15.00:551][  0]LogConfig: Setting CVar [[r.MaxAnisotropy:8]]
[2020.07.07-03.15.00:551][  0]LogConfig: Setting CVar [[r.VT.MaxAnisotropy:8]]
[2020.07.07-03.15.00:551][  0]LogConfig: Setting CVar [[r.Streaming.LimitPoolSizeToVRAM:0]]
[2020.07.07-03.15.00:551][  0]LogConfig: Setting CVar [[r.Streaming.PoolSize:1000]]
[2020.07.07-03.15.00:551][  0]LogConfig: Setting CVar [[r.Streaming.MaxEffectiveScreenSize:0]]
[2020.07.07-03.15.00:551][  0]LogConfig: Applying CVar settings from Section [EffectsQuality@3] File [C:/My/UnrealProjects/SI/Survival-Instinct/SI/Saved/Config/Windows/Scalability.ini]
[2020.07.07-03.15.00:551][  0]LogConfig: Setting CVar [[r.TranslucencyLightingVolumeDim:64]]
[2020.07.07-03.15.00:551][  0]LogConfig: Setting CVar [[r.RefractionQuality:2]]
[2020.07.07-03.15.00:551][  0]LogConfig: Setting CVar [[r.SSR.Quality:3]]
[2020.07.07-03.15.00:551][  0]LogConfig: Setting CVar [[r.SSR.HalfResSceneColor:0]]
[2020.07.07-03.15.00:551][  0]LogConfig: Setting CVar [[r.SceneColorFormat:4]]
[2020.07.07-03.15.00:551][  0]LogConfig: Setting CVar [[r.DetailMode:2]]
[2020.07.07-03.15.00:551][  0]LogConfig: Setting CVar [[r.TranslucencyVolumeBlur:1]]
[2020.07.07-03.15.00:551][  0]LogConfig: Setting CVar [[r.MaterialQualityLevel:1 ; High quality]]
[2020.07.07-03.15.00:551][  0]LogConfig: Setting CVar [[r.SSS.Scale:1]]
[2020.07.07-03.15.00:551][  0]LogConfig: Setting CVar [[r.SSS.SampleSet:2]]
[2020.07.07-03.15.00:551][  0]LogConfig: Setting CVar [[r.SSS.Quality:1]]
[2020.07.07-03.15.00:551][  0]LogConfig: Setting CVar [[r.SSS.HalfRes:0]]
[2020.07.07-03.15.00:551][  0]LogConfig: Setting CVar [[r.SSGI.Quality:3]]
[2020.07.07-03.15.00:552][  0]LogConfig: Setting CVar [[r.EmitterSpawnRateScale:1.0]]
[2020.07.07-03.15.00:552][  0]LogConfig: Setting CVar [[r.ParticleLightQuality:2]]
[2020.07.07-03.15.00:552][  0]LogConfig: Setting CVar [[r.SkyAtmosphere.AerialPerspectiveLUT.FastApplyOnOpaque:1 ; Always have FastSkyLUT 1 in this case to avoid wrong sky]]
[2020.07.07-03.15.00:552][  0]LogConfig: Setting CVar [[r.SkyAtmosphere.AerialPerspectiveLUT.SampleCountPerSlice:1]]
[2020.07.07-03.15.00:552][  0]LogConfig: Setting CVar [[r.SkyAtmosphere.AerialPerspectiveLUT.DepthResolution:16.0]]
[2020.07.07-03.15.00:552][  0]LogConfig: Setting CVar [[r.SkyAtmosphere.FastSkyLUT:1]]
[2020.07.07-03.15.00:552][  0]LogConfig: Setting CVar [[r.SkyAtmosphere.FastSkyLUT.SampleCountMin:4.0]]
[2020.07.07-03.15.00:552][  0]LogConfig: Setting CVar [[r.SkyAtmosphere.FastSkyLUT.SampleCountMax:32.0]]
[2020.07.07-03.15.00:552][  0]LogConfig: Setting CVar [[r.SkyAtmosphere.SampleCountMin:4.0]]
[2020.07.07-03.15.00:552][  0]LogConfig: Setting CVar [[r.SkyAtmosphere.SampleCountMax:32.0]]
[2020.07.07-03.15.00:552][  0]LogConfig: Setting CVar [[r.SkyAtmosphere.TransmittanceLUT.UseSmallFormat:0]]
[2020.07.07-03.15.00:552][  0]LogConfig: Setting CVar [[r.SkyAtmosphere.TransmittanceLUT.SampleCount:10.0]]
[2020.07.07-03.15.00:552][  0]LogConfig: Setting CVar [[r.SkyAtmosphere.MultiScatteringLUT.SampleCount:15.0]]
[2020.07.07-03.15.00:552][  0]LogConfig: Applying CVar settings from Section [FoliageQuality@3] File [C:/My/UnrealProjects/SI/Survival-Instinct/SI/Saved/Config/Windows/Scalability.ini]
[2020.07.07-03.15.00:552][  0]LogConfig: Setting CVar [[foliage.DensityScale:1.0]]
[2020.07.07-03.15.00:552][  0]LogConfig: Setting CVar [[grass.DensityScale:1.0]]
[2020.07.07-03.15.00:552][  0]LogConfig: Applying CVar settings from Section [ShadingQuality@3] File [C:/My/UnrealProjects/SI/Survival-Instinct/SI/Saved/Config/Windows/Scalability.ini]
[2020.07.07-03.15.00:552][  0]LogConfig: Setting CVar [[r.HairStrands.SkyLighting.SampleCount:16]]
[2020.07.07-03.15.00:552][  0]LogConfig: Setting CVar [[r.HairStrands.SkyLighting.JitterIntegration:0]]
[2020.07.07-03.15.00:552][  0]LogConfig: Setting CVar [[r.HairStrands.SkyAO.SampleCount:16]]
[2020.07.07-03.15.00:552][  0]LogConfig: Setting CVar [[r.HairStrands.DeepShadow.SuperSampling:0]]
[2020.07.07-03.15.00:552][  0]LogConfig: Setting CVar [[r.HairStrands.VisibilityPPLL:0]]
[2020.07.07-03.15.00:552][  0]LogConfig: Setting CVar [[r.HairStrands.RasterizationScale:0.5]]
[2020.07.07-03.15.00:552][  0]LogConfig: Setting CVar [[r.HairStrands.VelocityRasterizationScale:1]]
[2020.07.07-03.15.00:552][  0]LogInit: Selected Device Profile: [Windows]
[2020.07.07-03.15.00:552][  0]LogInit: Applying CVar settings loaded from the selected device profile: [Windows]
[2020.07.07-03.15.00:552][  0]LogHAL: Display: Platform has ~ 64 GB [68606390272 / 68719476736 / 64], which maps to Largest [LargestMinGB=32, LargerMinGB=12, DefaultMinGB=8, SmallerMinGB=6, SmallestMinGB=0)
[2020.07.07-03.15.00:552][  0]LogInit: Going up to parent DeviceProfile []
[2020.07.07-03.15.00:552][  0]LogConfig: Applying CVar settings from Section [ViewDistanceQuality@3] File [C:/My/UnrealProjects/SI/Survival-Instinct/SI/Saved/Config/Windows/Scalability.ini]
[2020.07.07-03.15.00:552][  0]LogConfig: Setting CVar [[r.SkeletalMeshLODBias:0]]
[2020.07.07-03.15.00:552][  0]LogConfig: Setting CVar [[r.ViewDistanceScale:1.0]]
[2020.07.07-03.15.00:552][  0]LogConfig: Applying CVar settings from Section [AntiAliasingQuality@3] File [C:/My/UnrealProjects/SI/Survival-Instinct/SI/Saved/Config/Windows/Scalability.ini]
[2020.07.07-03.15.00:552][  0]LogConfig: Setting CVar [[r.PostProcessAAQuality:4]]
[2020.07.07-03.15.00:552][  0]LogConfig: Applying CVar settings from Section [ShadowQuality@3] File [C:/My/UnrealProjects/SI/Survival-Instinct/SI/Saved/Config/Windows/Scalability.ini]
[2020.07.07-03.15.00:552][  0]LogConfig: Setting CVar [[r.LightFunctionQuality:1]]
[2020.07.07-03.15.00:552][  0]LogConfig: Setting CVar [[r.ShadowQuality:5]]
[2020.07.07-03.15.00:552][  0]LogConfig: Setting CVar [[r.Shadow.CSM.MaxCascades:10]]
[2020.07.07-03.15.00:552][  0]LogConfig: Setting CVar [[r.Shadow.MaxResolution:2048]]
[2020.07.07-03.15.00:552][  0]LogConfig: Setting CVar [[r.Shadow.MaxCSMResolution:2048]]
[2020.07.07-03.15.00:552][  0]LogConfig: Setting CVar [[r.Shadow.RadiusThreshold:0.01]]
[2020.07.07-03.15.00:552][  0]LogConfig: Setting CVar [[r.Shadow.DistanceScale:1.0]]
[2020.07.07-03.15.00:552][  0]LogConfig: Setting CVar [[r.Shadow.CSM.TransitionScale:1.0]]
[2020.07.07-03.15.00:552][  0]LogConfig: Setting CVar [[r.Shadow.PreShadowResolutionFactor:1.0]]
[2020.07.07-03.15.00:552][  0]LogConfig: Setting CVar [[r.DistanceFieldShadowing:1]]
[2020.07.07-03.15.00:552][  0]LogConfig: Setting CVar [[r.DistanceFieldAO:1]]
[2020.07.07-03.15.00:552][  0]LogConfig: Setting CVar [[r.AOQuality:2]]
[2020.07.07-03.15.00:552][  0]LogConfig: Setting CVar [[r.VolumetricFog:1]]
[2020.07.07-03.15.00:552][  0]LogConfig: Setting CVar [[r.VolumetricFog.GridPixelSize:8]]
[2020.07.07-03.15.00:552][  0]LogConfig: Setting CVar [[r.VolumetricFog.GridSizeZ:128]]
[2020.07.07-03.15.00:552][  0]LogConfig: Setting CVar [[r.VolumetricFog.HistoryMissSupersampleCount:4]]
[2020.07.07-03.15.00:552][  0]LogConfig: Setting CVar [[r.LightMaxDrawDistanceScale:1]]
[2020.07.07-03.15.00:552][  0]LogConfig: Setting CVar [[r.CapsuleShadows:1]]
[2020.07.07-03.15.00:552][  0]LogConfig: Applying CVar settings from Section [PostProcessQuality@3] File [C:/My/UnrealProjects/SI/Survival-Instinct/SI/Saved/Config/Windows/Scalability.ini]
[2020.07.07-03.15.00:552][  0]LogConfig: Setting CVar [[r.MotionBlurQuality:4]]
[2020.07.07-03.15.00:552][  0]LogConfig: Setting CVar [[r.AmbientOcclusionMipLevelFactor:0.4]]
[2020.07.07-03.15.00:552][  0]LogConfig: Setting CVar [[r.AmbientOcclusionMaxQuality:100]]
[2020.07.07-03.15.00:552][  0]LogConfig: Setting CVar [[r.AmbientOcclusionLevels:-1]]
[2020.07.07-03.15.00:552][  0]LogConfig: Setting CVar [[r.AmbientOcclusionRadiusScale:1.0]]
[2020.07.07-03.15.00:552][  0]LogConfig: Setting CVar [[r.DepthOfFieldQuality:2]]
[2020.07.07-03.15.00:552][  0]LogConfig: Setting CVar [[r.RenderTargetPoolMin:400]]
[2020.07.07-03.15.00:552][  0]LogConfig: Setting CVar [[r.LensFlareQuality:2]]
[2020.07.07-03.15.00:552][  0]LogConfig: Setting CVar [[r.SceneColorFringeQuality:1]]
[2020.07.07-03.15.00:552][  0]LogConfig: Setting CVar [[r.EyeAdaptationQuality:2]]
[2020.07.07-03.15.00:552][  0]LogConfig: Setting CVar [[r.BloomQuality:5]]
[2020.07.07-03.15.00:552][  0]LogConfig: Setting CVar [[r.FastBlurThreshold:100]]
[2020.07.07-03.15.00:552][  0]LogConfig: Setting CVar [[r.Upscale.Quality:3]]
[2020.07.07-03.15.00:552][  0]LogConfig: Setting CVar [[r.Tonemapper.GrainQuantization:1]]
[2020.07.07-03.15.00:552][  0]LogConfig: Setting CVar [[r.LightShaftQuality:1]]
[2020.07.07-03.15.00:552][  0]LogConfig: Setting CVar [[r.Filter.SizeScale:1]]
[2020.07.07-03.15.00:552][  0]LogConfig: Setting CVar [[r.Tonemapper.Quality:5]]
[2020.07.07-03.15.00:552][  0]LogConfig: Setting CVar [[r.DOF.Gather.AccumulatorQuality:1        ; higher gathering accumulator quality]]
[2020.07.07-03.15.00:552][  0]LogConfig: Setting CVar [[r.DOF.Gather.PostfilterMethod:1          ; Median3x3 postfilering method]]
[2020.07.07-03.15.00:552][  0]LogConfig: Setting CVar [[r.DOF.Gather.EnableBokehSettings:0       ; no bokeh simulation when gathering]]
[2020.07.07-03.15.00:552][  0]LogConfig: Setting CVar [[r.DOF.Gather.RingCount:4                 ; medium number of samples when gathering]]
[2020.07.07-03.15.00:552][  0]LogConfig: Setting CVar [[r.DOF.Scatter.ForegroundCompositing:1    ; additive foreground scattering]]
[2020.07.07-03.15.00:552][  0]LogConfig: Setting CVar [[r.DOF.Scatter.BackgroundCompositing:2    ; additive background scattering]]
[2020.07.07-03.15.00:552][  0]LogConfig: Setting CVar [[r.DOF.Scatter.EnableBokehSettings:1      ; bokeh simulation when scattering]]
[2020.07.07-03.15.00:552][  0]LogConfig: Setting CVar [[r.DOF.Scatter.MaxSpriteRatio:0.1         ; only a maximum of 10% of scattered bokeh]]
[2020.07.07-03.15.00:552][  0]LogConfig: Setting CVar [[r.DOF.Recombine.Quality:1                ; cheap slight out of focus]]
[2020.07.07-03.15.00:552][  0]LogConfig: Setting CVar [[r.DOF.Recombine.EnableBokehSettings:0    ; no bokeh simulation on slight out of focus]]
[2020.07.07-03.15.00:552][  0]LogConfig: Setting CVar [[r.DOF.TemporalAAQuality:1                ; more stable temporal accumulation]]
[2020.07.07-03.15.00:552][  0]LogConfig: Setting CVar [[r.DOF.Kernel.MaxForegroundRadius:0.025]]
[2020.07.07-03.15.00:552][  0]LogConfig: Setting CVar [[r.DOF.Kernel.MaxBackgroundRadius:0.025]]
[2020.07.07-03.15.00:552][  0]LogConfig: Applying CVar settings from Section [TextureQuality@3] File [C:/My/UnrealProjects/SI/Survival-Instinct/SI/Saved/Config/Windows/Scalability.ini]
[2020.07.07-03.15.00:552][  0]LogConfig: Setting CVar [[r.Streaming.MipBias:0]]
[2020.07.07-03.15.00:552][  0]LogConfig: Setting CVar [[r.Streaming.AmortizeCPUToGPUCopy:0]]
[2020.07.07-03.15.00:552][  0]LogConfig: Setting CVar [[r.Streaming.MaxNumTexturesToStreamPerFrame:0]]
[2020.07.07-03.15.00:552][  0]LogConfig: Setting CVar [[r.Streaming.Boost:1]]
[2020.07.07-03.15.00:552][  0]LogConfig: Setting CVar [[r.MaxAnisotropy:8]]
[2020.07.07-03.15.00:552][  0]LogConfig: Setting CVar [[r.VT.MaxAnisotropy:8]]
[2020.07.07-03.15.00:552][  0]LogConfig: Setting CVar [[r.Streaming.LimitPoolSizeToVRAM:0]]
[2020.07.07-03.15.00:552][  0]LogConfig: Setting CVar [[r.Streaming.PoolSize:1000]]
[2020.07.07-03.15.00:552][  0]LogConfig: Setting CVar [[r.Streaming.MaxEffectiveScreenSize:0]]
[2020.07.07-03.15.00:552][  0]LogConfig: Applying CVar settings from Section [EffectsQuality@3] File [C:/My/UnrealProjects/SI/Survival-Instinct/SI/Saved/Config/Windows/Scalability.ini]
[2020.07.07-03.15.00:552][  0]LogConfig: Setting CVar [[r.TranslucencyLightingVolumeDim:64]]
[2020.07.07-03.15.00:552][  0]LogConfig: Setting CVar [[r.RefractionQuality:2]]
[2020.07.07-03.15.00:552][  0]LogConfig: Setting CVar [[r.SSR.Quality:3]]
[2020.07.07-03.15.00:552][  0]LogConfig: Setting CVar [[r.SSR.HalfResSceneColor:0]]
[2020.07.07-03.15.00:553][  0]LogConfig: Setting CVar [[r.SceneColorFormat:4]]
[2020.07.07-03.15.00:553][  0]LogConfig: Setting CVar [[r.DetailMode:2]]
[2020.07.07-03.15.00:553][  0]LogConfig: Setting CVar [[r.TranslucencyVolumeBlur:1]]
[2020.07.07-03.15.00:553][  0]LogConfig: Setting CVar [[r.MaterialQualityLevel:1 ; High quality]]
[2020.07.07-03.15.00:553][  0]LogConfig: Setting CVar [[r.SSS.Scale:1]]
[2020.07.07-03.15.00:553][  0]LogConfig: Setting CVar [[r.SSS.SampleSet:2]]
[2020.07.07-03.15.00:553][  0]LogConfig: Setting CVar [[r.SSS.Quality:1]]
[2020.07.07-03.15.00:553][  0]LogConfig: Setting CVar [[r.SSS.HalfRes:0]]
[2020.07.07-03.15.00:553][  0]LogConfig: Setting CVar [[r.SSGI.Quality:3]]
[2020.07.07-03.15.00:553][  0]LogConfig: Setting CVar [[r.EmitterSpawnRateScale:1.0]]
[2020.07.07-03.15.00:553][  0]LogConfig: Setting CVar [[r.ParticleLightQuality:2]]
[2020.07.07-03.15.00:553][  0]LogConfig: Setting CVar [[r.SkyAtmosphere.AerialPerspectiveLUT.FastApplyOnOpaque:1 ; Always have FastSkyLUT 1 in this case to avoid wrong sky]]
[2020.07.07-03.15.00:553][  0]LogConfig: Setting CVar [[r.SkyAtmosphere.AerialPerspectiveLUT.SampleCountPerSlice:1]]
[2020.07.07-03.15.00:553][  0]LogConfig: Setting CVar [[r.SkyAtmosphere.AerialPerspectiveLUT.DepthResolution:16.0]]
[2020.07.07-03.15.00:553][  0]LogConfig: Setting CVar [[r.SkyAtmosphere.FastSkyLUT:1]]
[2020.07.07-03.15.00:553][  0]LogConfig: Setting CVar [[r.SkyAtmosphere.FastSkyLUT.SampleCountMin:4.0]]
[2020.07.07-03.15.00:553][  0]LogConfig: Setting CVar [[r.SkyAtmosphere.FastSkyLUT.SampleCountMax:32.0]]
[2020.07.07-03.15.00:553][  0]LogConfig: Setting CVar [[r.SkyAtmosphere.SampleCountMin:4.0]]
[2020.07.07-03.15.00:553][  0]LogConfig: Setting CVar [[r.SkyAtmosphere.SampleCountMax:32.0]]
[2020.07.07-03.15.00:553][  0]LogConfig: Setting CVar [[r.SkyAtmosphere.TransmittanceLUT.UseSmallFormat:0]]
[2020.07.07-03.15.00:553][  0]LogConfig: Setting CVar [[r.SkyAtmosphere.TransmittanceLUT.SampleCount:10.0]]
[2020.07.07-03.15.00:553][  0]LogConfig: Setting CVar [[r.SkyAtmosphere.MultiScatteringLUT.SampleCount:15.0]]
[2020.07.07-03.15.00:553][  0]LogConfig: Applying CVar settings from Section [FoliageQuality@3] File [C:/My/UnrealProjects/SI/Survival-Instinct/SI/Saved/Config/Windows/Scalability.ini]
[2020.07.07-03.15.00:553][  0]LogConfig: Setting CVar [[foliage.DensityScale:1.0]]
[2020.07.07-03.15.00:553][  0]LogConfig: Setting CVar [[grass.DensityScale:1.0]]
[2020.07.07-03.15.00:553][  0]LogConfig: Applying CVar settings from Section [ShadingQuality@3] File [C:/My/UnrealProjects/SI/Survival-Instinct/SI/Saved/Config/Windows/Scalability.ini]
[2020.07.07-03.15.00:553][  0]LogConfig: Setting CVar [[r.HairStrands.SkyLighting.SampleCount:16]]
[2020.07.07-03.15.00:553][  0]LogConfig: Setting CVar [[r.HairStrands.SkyLighting.JitterIntegration:0]]
[2020.07.07-03.15.00:553][  0]LogConfig: Setting CVar [[r.HairStrands.SkyAO.SampleCount:16]]
[2020.07.07-03.15.00:553][  0]LogConfig: Setting CVar [[r.HairStrands.DeepShadow.SuperSampling:0]]
[2020.07.07-03.15.00:553][  0]LogConfig: Setting CVar [[r.HairStrands.VisibilityPPLL:0]]
[2020.07.07-03.15.00:553][  0]LogConfig: Setting CVar [[r.HairStrands.RasterizationScale:0.5]]
[2020.07.07-03.15.00:553][  0]LogConfig: Setting CVar [[r.HairStrands.VelocityRasterizationScale:1]]
[2020.07.07-03.15.00:553][  0]LogConfig: Applying CVar settings from Section [Startup] File [../../../Engine/Config/ConsoleVariables.ini]
[2020.07.07-03.15.00:553][  0]LogConfig: Setting CVar [[net.UseAdaptiveNetUpdateFrequency:0]]
[2020.07.07-03.15.00:553][  0]LogConfig: Setting CVar [[p.chaos.AllowCreatePhysxBodies:1]]
[2020.07.07-03.15.00:553][  0]LogConfig: Setting CVar [[fx.SkipVectorVMBackendOptimizations:1]]
[2020.07.07-03.15.00:553][  0]LogConfig: Applying CVar settings from Section [ConsoleVariables] File [C:/My/UnrealProjects/SI/Survival-Instinct/SI/Saved/Config/Windows/Engine.ini]
[2020.07.07-03.15.00:553][  0]LogInit: Computer: DESKTOP-R4EHBLB
[2020.07.07-03.15.00:554][  0]LogInit: User: ricardo
[2020.07.07-03.15.00:554][  0]LogInit: CPU Page size=4096, Cores=8
[2020.07.07-03.15.00:554][  0]LogInit: High frequency timer resolution =10.000000 MHz
[2020.07.07-03.15.00:554][  0]LogMemory: Memory total: Physical=63.9GB (64GB approx)
[2020.07.07-03.15.00:554][  0]LogMemory: Platform Memory Stats for Windows
[2020.07.07-03.15.00:554][  0]LogMemory: Process Physical Memory: 118.23 MB used, 118.24 MB peak
[2020.07.07-03.15.00:554][  0]LogMemory: Process Virtual Memory: 103.10 MB used, 103.10 MB peak
[2020.07.07-03.15.00:554][  0]LogMemory: Physical Memory: 10761.76 MB used,  54666.39 MB free, 65428.15 MB total
[2020.07.07-03.15.00:554][  0]LogMemory: Virtual Memory: 5192.65 MB used,  134212536.00 MB free, 134217728.00 MB total
[2020.07.07-03.15.00:583][  0]LogWindows: WindowsPlatformFeatures enabled
[2020.07.07-03.15.00:603][  0]LogInit: Physics initialised using underlying interface: PhysX
[2020.07.07-03.15.00:604][  0]LogInit: Using OS detected language (en-US).
[2020.07.07-03.15.00:604][  0]LogInit: Using OS detected locale (en-US).
[2020.07.07-03.15.00:606][  0]LogTextLocalizationManager: No specific localization for 'en-US' exists, so the 'en' localization will be used.
[2020.07.07-03.15.00:780][  0]LogInit: Setting process to per monitor DPI aware
[2020.07.07-03.15.00:854][  0]LogSlate: New Slate User Created.  User Index 0, Is Virtual User: 0
[2020.07.07-03.15.00:854][  0]LogSlate: Slate User Registered.  User Index 0, Is Virtual User: 0
[2020.07.07-03.15.00:969][  0]LogHMD: Failed to initialize OpenVR with code 110
[2020.07.07-03.15.00:969][  0]LogD3D11RHI: D3D11 min allowed feature level: 11_0
[2020.07.07-03.15.00:969][  0]LogD3D11RHI: D3D11 max allowed feature level: 11_0
[2020.07.07-03.15.00:969][  0]LogD3D11RHI: D3D11 adapters:
[2020.07.07-03.15.01:010][  0]LogD3D11RHI:    0. 'AMD Radeon Pro 5500M' (Feature Level 11_0)
[2020.07.07-03.15.01:010][  0]LogD3D11RHI:       8152/0/32714 MB DedicatedVideo/DedicatedSystem/SharedSystem, Outputs:3, VendorId:0x1002
[2020.07.07-03.15.01:011][  0]LogD3D11RHI:    1. 'Microsoft Basic Render Driver' (Feature Level 11_0)
[2020.07.07-03.15.01:012][  0]LogD3D11RHI:       0/0/32714 MB DedicatedVideo/DedicatedSystem/SharedSystem, Outputs:0, VendorId:0x1414
[2020.07.07-03.15.01:012][  0]LogD3D11RHI: Chosen D3D11 Adapter: 0
[2020.07.07-03.15.01:017][  0]LogD3D11RHI: Creating new Direct3DDevice
[2020.07.07-03.15.01:017][  0]LogD3D11RHI:     GPU DeviceId: 0x7340 (for the marketing name, search the web for "GPU Device Id")
[2020.07.07-03.15.01:017][  0]LogWindows: EnumDisplayDevices:
[2020.07.07-03.15.01:017][  0]LogWindows:    0. 'AMD Radeon Pro 5500M' (P:1 D:1)
[2020.07.07-03.15.01:017][  0]LogWindows:    1. 'AMD Radeon Pro 5500M' (P:0 D:1)
[2020.07.07-03.15.01:018][  0]LogWindows:    2. 'AMD Radeon Pro 5500M' (P:0 D:1)
[2020.07.07-03.15.01:018][  0]LogWindows:    3. 'AMD Radeon Pro 5500M' (P:0 D:0)
[2020.07.07-03.15.01:018][  0]LogWindows:    4. 'AMD Radeon Pro 5500M' (P:0 D:0)
[2020.07.07-03.15.01:018][  0]LogWindows:    5. 'AMD Radeon Pro 5500M' (P:0 D:0)
[2020.07.07-03.15.01:019][  0]LogWindows:    6. 'AMD Radeon Pro 5500M' (P:0 D:0)
[2020.07.07-03.15.01:019][  0]LogWindows: DebugString: FoundDriverCount:7 
[2020.07.07-03.15.01:019][  0]LogD3D11RHI:     Adapter Name: AMD Radeon Pro 5500M
[2020.07.07-03.15.01:019][  0]LogD3D11RHI:   Driver Version: Adrenalin 19.30.03.05 (internal:26.20.13003.5002, unified:26.20.13003.5002)
[2020.07.07-03.15.01:019][  0]LogD3D11RHI:      Driver Date: 11-13-2019
[2020.07.07-03.15.01:019][  0]LogRHI: Texture pool is 5168 MB (70% of 7384 MB)
[2020.07.07-03.15.01:073][  0]LogD3D11RHI: RHI does not have support for 64 bit atomics
[2020.07.07-03.15.01:073][  0]LogD3D11RHI: Async texture creation enabled
[2020.07.07-03.15.01:073][  0]LogD3D11RHI: Array index from any shader is supported
[2020.07.07-03.15.01:089][  0]LogD3D11RHI: GPU Timing Frequency: 100.000000 (Debug: 2 1)
[2020.07.07-03.15.01:317][  0]LogTargetPlatformManager: Display: Loaded TargetPlatform 'AllDesktop'
[2020.07.07-03.15.01:335][  0]LogTargetPlatformManager: Display: Loaded TargetPlatform 'Android'
[2020.07.07-03.15.01:335][  0]LogTargetPlatformManager: Display: Loaded TargetPlatform 'Android_ASTC'
[2020.07.07-03.15.01:335][  0]LogTargetPlatformManager: Display: Loaded TargetPlatform 'Android_DXT'
[2020.07.07-03.15.01:335][  0]LogTargetPlatformManager: Display: Loaded TargetPlatform 'Android_ETC2'
[2020.07.07-03.15.01:335][  0]LogTargetPlatformManager: Display: Loaded TargetPlatform 'AndroidClient'
[2020.07.07-03.15.01:335][  0]LogTargetPlatformManager: Display: Loaded TargetPlatform 'Android_ASTCClient'
[2020.07.07-03.15.01:335][  0]LogTargetPlatformManager: Display: Loaded TargetPlatform 'Android_DXTClient'
[2020.07.07-03.15.01:335][  0]LogTargetPlatformManager: Display: Loaded TargetPlatform 'Android_ETC2Client'
[2020.07.07-03.15.01:335][  0]LogTargetPlatformManager: Display: Loaded TargetPlatform 'Android_Multi'
[2020.07.07-03.15.01:335][  0]LogTargetPlatformManager: Display: Loaded TargetPlatform 'Android_MultiClient'
[2020.07.07-03.15.01:353][  0]LogTargetPlatformManager: Display: Loaded TargetPlatform 'IOSClient'
[2020.07.07-03.15.01:353][  0]LogTargetPlatformManager: Display: Loaded TargetPlatform 'IOS'
[2020.07.07-03.15.01:362][  0]LogTargetPlatformManager: Display: Loaded TargetPlatform 'Linux'
[2020.07.07-03.15.01:370][  0]LogTargetPlatformManager: Display: Loaded TargetPlatform 'LinuxNoEditor'
[2020.07.07-03.15.01:379][  0]LogTargetPlatformManager: Display: Loaded TargetPlatform 'LinuxClient'
[2020.07.07-03.15.01:388][  0]LogTargetPlatformManager: Display: Loaded TargetPlatform 'LinuxServer'
[2020.07.07-03.15.01:396][  0]LogTargetPlatformManager: Display: Loaded TargetPlatform 'LinuxAArch64NoEditor'
[2020.07.07-03.15.01:404][  0]LogTargetPlatformManager: Display: Loaded TargetPlatform 'LinuxAArch64Client'
[2020.07.07-03.15.01:412][  0]LogTargetPlatformManager: Display: Loaded TargetPlatform 'LinuxAArch64Server'
[2020.07.07-03.15.01:440][  0]LogTargetPlatformManager: Display: Loaded TargetPlatform 'Lumin'
[2020.07.07-03.15.01:440][  0]LogTargetPlatformManager: Display: Loaded TargetPlatform 'LuminClient'
[2020.07.07-03.15.01:458][  0]LogTargetPlatformManager: Display: Loaded TargetPlatform 'TVOSClient'
[2020.07.07-03.15.01:458][  0]LogTargetPlatformManager: Display: Loaded TargetPlatform 'TVOS'
[2020.07.07-03.15.01:468][  0]LogTargetPlatformManager: Display: Loaded TargetPlatform 'WindowsNoEditor'
[2020.07.07-03.15.01:478][  0]LogTargetPlatformManager: Display: Loaded TargetPlatform 'Windows'
[2020.07.07-03.15.01:490][  0]LogTargetPlatformManager: Display: Loaded TargetPlatform 'WindowsClient'
[2020.07.07-03.15.01:503][  0]LogTargetPlatformManager: Display: Loaded TargetPlatform 'WindowsServer'
[2020.07.07-03.15.01:503][  0]LogTargetPlatformManager: Display: Building Assets For Windows
[2020.07.07-03.15.01:510][  0]LogAudioDebug: Display: Lib vorbis DLL was dynamically loaded.
[2020.07.07-03.15.01:561][  0]LogShaderCompilers: Guid format shader working directory is -11 characters bigger than the processId version (../../../../../../My/UnrealProjects/SI/Survival-Instinct/SI/Intermediate/Shaders/WorkingDirectory/6284/).
[2020.07.07-03.15.01:561][  0]LogShaderCompilers: Cleaned the shader compiler working directory 'C:/Users/ricardo/AppData/Local/Temp/UnrealShaderWorkingDir/3B6EE5D044615AFF831AF8BEBA30282F/'.
[2020.07.07-03.15.01:562][  0]LogXGEController: Cannot use XGE Controller as Incredibuild is not installed on this machine.
[2020.07.07-03.15.01:562][  0]LogShaderCompilers: Cannot use XGE Shader Compiler as Incredibuild is not installed on this machine.
[2020.07.07-03.15.01:562][  0]LogShaderCompilers: Display: Using Local Shader Compiler.
[2020.07.07-03.15.02:232][  0]LogDerivedDataCache: Display: Max Cache Size: 512 MB
[2020.07.07-03.15.02:273][  0]LogDerivedDataCache: Loaded boot cache 0.04s 75MB C:/Users/ricardo/AppData/Local/UnrealEngine/4.25/DerivedDataCache/Boot.ddc.
[2020.07.07-03.15.02:273][  0]LogDerivedDataCache: Display: Loaded Boot cache: C:/Users/ricardo/AppData/Local/UnrealEngine/4.25/DerivedDataCache/Boot.ddc
[2020.07.07-03.15.02:273][  0]LogDerivedDataCache: FDerivedDataBackendGraph:  Pak pak cache file ../../../../../../My/UnrealProjects/SI/Survival-Instinct/SI/DerivedDataCache/DDC.ddp not found, will not use a pak cache.
[2020.07.07-03.15.02:273][  0]LogDerivedDataCache: Unable to find inner node Pak for hierarchical cache Hierarchy.
[2020.07.07-03.15.02:273][  0]LogDerivedDataCache: FDerivedDataBackendGraph:  CompressedPak pak cache file ../../../../../../My/UnrealProjects/SI/Survival-Instinct/SI/DerivedDataCache/Compressed.ddp not found, will not use a pak cache.
[2020.07.07-03.15.02:273][  0]LogDerivedDataCache: Unable to find inner node CompressedPak for hierarchical cache Hierarchy.
[2020.07.07-03.15.02:284][  0]LogDerivedDataCache: Display: Pak cache opened for reading ../../../Engine/DerivedDataCache/Compressed.ddp.
[2020.07.07-03.15.02:284][  0]LogDerivedDataCache: FDerivedDataBackendGraph:  EnterprisePak pak cache file ../../../Enterprise/DerivedDataCache/Compressed.ddp not found, will not use a pak cache.
[2020.07.07-03.15.02:284][  0]LogDerivedDataCache: Unable to find inner node EnterprisePak for hierarchical cache Hierarchy.
[2020.07.07-03.15.02:285][  0]LogDerivedDataCache: Using Local data cache path C:/Users/ricardo/AppData/Local/UnrealEngine/Common/DerivedDataCache: Writable
[2020.07.07-03.15.02:285][  0]LogDerivedDataCache: Shared data cache path not found in *engine.ini, will not use an Shared cache.
[2020.07.07-03.15.02:285][  0]LogDerivedDataCache: Unable to find inner node Shared for hierarchical cache Hierarchy.
[2020.07.07-03.15.02:328][  0]LogSlate: Using FreeType 2.10.0
[2020.07.07-03.15.02:329][  0]LogSlate: SlateFontServices - WITH_FREETYPE: 1, WITH_HARFBUZZ: 1
[2020.07.07-03.15.02:352][  0]LogAssetRegistry: FAssetRegistry took 0.0018 seconds to start up
[2020.07.07-03.15.02:561][  0]LogInit: Selected Device Profile: [Windows]
[2020.07.07-03.15.02:668][  0]LogMeshReduction: Using QuadricMeshReduction for automatic static mesh reduction
[2020.07.07-03.15.02:669][  0]LogMeshReduction: Using SimplygonMeshReduction for automatic skeletal mesh reduction
[2020.07.07-03.15.02:669][  0]LogMeshReduction: Using ProxyLODMeshReduction for automatic mesh merging
[2020.07.07-03.15.02:669][  0]LogMeshReduction: No distributed automatic mesh merging module available
[2020.07.07-03.15.02:669][  0]LogMeshMerging: No distributed automatic mesh merging module available
[2020.07.07-03.15.02:690][  0]LogNetVersion: SI 1.0.0, NetCL: 13144385, EngineNetVer: 14, GameNetVer: 0 (Checksum: 129128760)
[2020.07.07-03.15.03:123][  0]LogAISub: UAISubsystem::UAISubsystem AISubsystem (0000024866DA82C0), frame # 0
[2020.07.07-03.15.03:123][  0]LogAISub: UAISubsystem::UAISubsystem AIPerceptionSystem (0000024866CC3B00), frame # 0
[2020.07.07-03.15.03:124][  0]LogAISub: UAISubsystem::UAISubsystem EnvQueryManager (0000024866D58A00), frame # 0
[2020.07.07-03.15.03:183][  0]LogPackageLocalizationCache: Processed 19 localized package path(s) for 1 prioritized culture(s) in 0.055021 seconds
[2020.07.07-03.15.03:187][  0]LogUObjectArray: 15917 objects as part of root set at end of initial load.
[2020.07.07-03.15.03:187][  0]LogUObjectAllocator: 3965568 out of 0 bytes used by permanent object pool.
[2020.07.07-03.15.03:187][  0]LogUObjectArray: CloseDisregardForGC: 0/0 objects in disregard for GC pool
[2020.07.07-03.15.03:421][  0]LogTcpMessaging: Initializing TcpMessaging bridge
[2020.07.07-03.15.03:424][  0]LogUdpMessaging: Initializing bridge on interface 0.0.0.0:0 to multicast group 230.0.0.1:6666.
[2020.07.07-03.15.03:496][  0]SourceControl: Source control is disabled
[2020.07.07-03.15.03:496][  0]SourceControl: Source control is disabled
[2020.07.07-03.15.03:498][  0]SourceControl: Source control is disabled
[2020.07.07-03.15.03:500][  0]SourceControl: Source control is disabled
[2020.07.07-03.15.03:504][  0]SourceControl: Source control is disabled
[2020.07.07-03.15.03:684][  0]LogAndroidPermission: UAndroidPermissionCallbackProxy::GetInstance
[2020.07.07-03.15.03:704][  0]LogAudioCaptureCore: Display: No Audio Capture implementations found. Audio input will be silent.
[2020.07.07-03.15.03:704][  0]LogAudioCaptureCore: Display: No Audio Capture implementations found. Audio input will be silent.
[2020.07.07-03.15.03:749][  0]LogOcInput: OculusInput pre-init called
[2020.07.07-03.15.03:758][  0]LogWindows: Failed to load 'OVRPlugin.dll' (GetLastError=126)
[2020.07.07-03.15.03:758][  0]LogWindows: File 'OVRPlugin.dll' does not exist
[2020.07.07-03.15.03:808][  0]LogEngine: Initializing Engine...
[2020.07.07-03.15.03:809][  0]LogHMD: Failed to initialize OpenVR with code 110
[2020.07.07-03.15.03:809][  0]LogMagicLeap: Warning: VR disabled because ZI is not enabled.  To enable, in the editor, Edit -> Project Settings -> Plugins -> Magic Leap Plugin -> Enable Zero Iteration
[2020.07.07-03.15.03:809][  0]LogStats: UGameplayTagsManager::InitializeManager -  0.000 s
[2020.07.07-03.15.03:952][  0]LogInit: Initializing FReadOnlyCVARCache
[2020.07.07-03.15.03:961][  0]LogAIModule: Creating AISystem for world Untitled
[2020.07.07-03.15.03:961][  0]LogAISub: UAISubsystem::UAISubsystem EnvQueryManager (00000248685AD200), frame # 0
[2020.07.07-03.15.03:962][  0]LogAISub: UAISubsystem::UAISubsystem AIPerceptionSystem (0000024868583B00), frame # 0
[2020.07.07-03.15.03:982][  0]LogAudioMixer: Display: Audio Mixer Platform Settings:
[2020.07.07-03.15.03:982][  0]LogAudioMixer: Display: 	Sample Rate:						  48000
[2020.07.07-03.15.03:983][  0]LogAudioMixer: Display: 	Callback Buffer Frame Size Requested: 1024
[2020.07.07-03.15.03:983][  0]LogAudioMixer: Display: 	Callback Buffer Frame Size To Use:	  1024
[2020.07.07-03.15.03:983][  0]LogAudioMixer: Display: 	Number of buffers to queue:			  2
[2020.07.07-03.15.03:983][  0]LogAudioMixer: Display: 	Max Channels (voices):				  32
[2020.07.07-03.15.03:983][  0]LogAudioMixer: Display: 	Number of Async Source Workers:		  0
[2020.07.07-03.15.03:983][  0]LogAudio: Display: AudioDevice MaxSources: 32
[2020.07.07-03.15.03:983][  0]LogAudio: Display: Using built-in audio occlusion.
[2020.07.07-03.15.03:983][  0]LogAudioMixer: Display: Initializing audio mixer.
[2020.07.07-03.15.04:051][  0]LogAudioMixer: Display: 0: FrontLeft
[2020.07.07-03.15.04:051][  0]LogAudioMixer: Display: 1: FrontRight
[2020.07.07-03.15.04:078][  0]LogAudioMixer: Display: Using Audio Device Speakers (Apple Audio Device)
[2020.07.07-03.15.04:081][  0]LogAudioMixer: Display: Initializing Sound Submixes...
[2020.07.07-03.15.04:082][  0]LogAudioMixer: Display: Creating Master Submix 'MasterSubmixDefault'
[2020.07.07-03.15.04:082][  0]LogAudioMixer: Display: Creating Master Submix 'MasterReverbSubmixDefault'
[2020.07.07-03.15.04:083][  0]LogAudioMixer: Display: Creating Master Submix 'MasterEQSubmixDefault'
[2020.07.07-03.15.04:084][  0]LogInit: FAudioDevice initialized.
[2020.07.07-03.15.04:084][  0]LogNetVersion: Set ProjectVersion to 1.0.0.0. Version Checksum will be recalculated on next use.
[2020.07.07-03.15.04:127][  0]LogDerivedDataCache: Saved boot cache 0.04s 75MB C:/Users/ricardo/AppData/Local/UnrealEngine/4.25/DerivedDataCache/Boot.ddc.
[2020.07.07-03.15.04:130][  0]LogInit: Texture streaming: Enabled
[2020.07.07-03.15.04:141][  0]LogEngineSessionManager: EngineSessionManager initialized
[2020.07.07-03.15.04:141][  0]LogEditorSessionSummary: Verbose: Initializing EditorSessionSummaryWriter for editor session tracking
[2020.07.07-03.15.04:142][  0]LogEditorSessionSummary: EditorSessionSummaryWriter initialized
[2020.07.07-03.15.04:192][  0]LogInit: Transaction tracking system initialized
[2020.07.07-03.15.04:206][  0]BlueprintLog: New page: Editor Load
[2020.07.07-03.15.04:252][  0]LocalizationService: Localization service is disabled
[2020.07.07-03.15.04:358][  0]LogCook: Display: Max memory allowance for cook 16384mb min free memory 0mb
[2020.07.07-03.15.04:359][  0]LogCook: Display: Mobile HDR setting 1
[2020.07.07-03.15.04:449][  0]LogFileCache: Scanning file cache for directory 'C:/My/UnrealProjects/SI/Survival-Instinct/SI/Content/' took 0.01s
[2020.07.07-03.15.04:634][  0]SourceControl: Source control is disabled
[2020.07.07-03.15.04:635][  0]LogUnrealEdMisc: Loading editor; pre map load, took 5.908
[2020.07.07-03.15.04:635][  0]Cmd: MAP LOAD FILE="../../../../../../My/UnrealProjects/SI/Survival-Instinct/SI/Content/Maps/P_Map1.umap" TEMPLATE=0 SHOWPROGRESS=1 FEATURELEVEL=3
[2020.07.07-03.15.04:635][  0]LightingResults: New page: Lighting Build
[2020.07.07-03.15.04:635][  0]LogWorld: UWorld::CleanupWorld for Untitled, bSessionEnded=true, bCleanupResources=true
[2020.07.07-03.15.04:635][  0]LogSlate: InvalidateAllWidgets triggered.  All widgets were invalidated
[2020.07.07-03.15.04:635][  0]MapCheck: New page: Map Check
[2020.07.07-03.15.04:635][  0]LightingResults: New page: Lighting Build
[2020.07.07-03.15.04:646][  0]LogAISub: UAISubsystem::~UAISubsystem EnvQueryManager (00000248685AD200), frame # 0
[2020.07.07-03.15.04:646][  0]LogAISub: UAISubsystem::~UAISubsystem AIPerceptionSystem (0000024868583B00), frame # 0
[2020.07.07-03.15.04:646][  0]LogUObjectHash: Compacting FUObjectHashTables data took   0.61ms
[2020.07.07-03.15.05:184][  0]LogAIModule: Creating AISystem for world P_Map1
[2020.07.07-03.15.05:184][  0]LogAISub: UAISubsystem::UAISubsystem EnvQueryManager (000002485F443E00), frame # 0
[2020.07.07-03.15.05:184][  0]LogAISub: UAISubsystem::UAISubsystem AIPerceptionSystem (000002485A279F80), frame # 0
[2020.07.07-03.15.05:189][  0]LogEditorServer: Finished looking for orphan Actors (0.000 secs)
[2020.07.07-03.15.05:245][  0]LogUObjectHash: Compacting FUObjectHashTables data took   0.72ms
[2020.07.07-03.15.05:246][  0]Cmd: MAP CHECKDEP NOCLEARLOG
[2020.07.07-03.15.05:246][  0]MapCheck: Map check complete: 0 Error(s), 0 Warning(s), took 0.119ms to complete.
[2020.07.07-03.15.05:246][  0]LogFileHelpers: Loading map 'P_Map1' took 0.611
[2020.07.07-03.15.05:248][  0]LogUnrealEdMisc: Total Editor Startup Time, took 6.520
[2020.07.07-03.15.05:442][  0]LogSlate: Updating window title bar state: overlay mode, drag disabled, window buttons hidden, title bar hidden
[2020.07.07-03.15.05:449][  0]LogSlate: Updating window title bar state: overlay mode, drag disabled, window buttons hidden, title bar hidden
[2020.07.07-03.15.05:454][  0]LogSlate: Updating window title bar state: overlay mode, drag disabled, window buttons hidden, title bar hidden
[2020.07.07-03.15.05:459][  0]LogSlate: Updating window title bar state: overlay mode, drag disabled, window buttons hidden, title bar hidden
[2020.07.07-03.15.05:464][  0]LogCollectionManager: Loaded 0 collections in 0.001417 seconds
[2020.07.07-03.15.05:474][  0]LogFileCache: Scanning file cache for directory 'C:/My/UnrealProjects/SI/Survival-Instinct/SI/Saved/Collections/' took 0.00s
[2020.07.07-03.15.05:474][  0]LogFileCache: Scanning file cache for directory 'C:/My/UnrealProjects/SI/Survival-Instinct/SI/Content/Developers/ricardo/Collections/' took 0.00s
[2020.07.07-03.15.05:475][  0]LogFileCache: Scanning file cache for directory 'C:/My/UnrealProjects/SI/Survival-Instinct/SI/Content/Collections/' took 0.00s
[2020.07.07-03.15.05:475][  0]LogContentBrowser: Native class hierarchy populated in 0.0076 seconds. Added 3433 classes and 829 folders.
[2020.07.07-03.15.05:478][  0]LogContentBrowser: Native class hierarchy updated for 'WidgetCarousel' in 0.0003 seconds. Added 0 classes and 0 folders.
[2020.07.07-03.15.05:513][  0]LogContentBrowser: Native class hierarchy updated for 'AddContentDialog' in 0.0005 seconds. Added 0 classes and 0 folders.
[2020.07.07-03.15.05:516][  0]LogContentBrowser: Native class hierarchy updated for 'SceneOutliner' in 0.0003 seconds. Added 2 classes and 0 folders.
[2020.07.07-03.15.05:962][  0]LogSlate: Took 0.000139 seconds to synchronously load lazily loaded font '../../../Engine/Content/Slate/Fonts/Roboto-Regular.ttf' (155K)
[2020.07.07-03.15.05:964][  0]LogSlate: Took 0.000167 seconds to synchronously load lazily loaded font '../../../Engine/Content/Slate/Fonts/Roboto-Bold.ttf' (160K)
[2020.07.07-03.15.05:968][  0]LogSlate: Took 0.000152 seconds to synchronously load lazily loaded font '../../../Engine/Content/Editor/Slate/Fonts/FontAwesome.ttf' (139K)
[2020.07.07-03.15.05:969][  0]LogSlate: Took 0.000066 seconds to synchronously load lazily loaded font '../../../Engine/Content/Slate/Fonts/DroidSansMono.ttf' (77K)
[2020.07.07-03.15.06:095][  0]LogRenderer: Reallocating scene render targets to support 1208x652 Format 10 NumSamples 1 (Frame:1).
[2020.07.07-03.15.06:339][  0]LogContentBrowser: Native class hierarchy updated for 'HierarchicalLODOutliner' in 0.0003 seconds. Added 0 classes and 0 folders.
[2020.07.07-03.15.06:339][  0]LogLoad: (Engine Initialization) Total time: 7.61 seconds
[2020.07.07-03.15.06:339][  0]LogLoad: (Engine Initialization) Total Blueprint compile time: 0.00 seconds
[2020.07.07-03.15.06:395][  0]LogAssetRegistry: Asset discovery search completed in 4.0445 seconds
[2020.07.07-03.15.06:399][  0]LogCollectionManager: Fixed up redirectors for 0 collections in 0.000002 seconds (updated 0 objects)
[2020.07.07-03.15.06:400][  0]LogContentStreaming: Texture pool size now 1000 MB
[2020.07.07-03.15.10:802][256]LogTemp: Repeating last play command: Selected Viewport
[2020.07.07-03.15.10:820][256]LogPlayLevel: PlayLevel: No blueprints needed recompiling
[2020.07.07-03.15.10:820][256]PIE: New page: PIE session: P_Map1 (Jul 6, 2020, 7:15:10 PM)
[2020.07.07-03.15.10:821][256]LogOnline: OSS: Creating online subsystem instance for: NULL
[2020.07.07-03.15.10:822][256]LogOnline: OSS: TryLoadSubsystemAndSetDefault: Loaded subsystem for module [NULL]
[2020.07.07-03.15.10:822][256]LogPlayLevel: Creating play world package: /Game/Maps/UEDPIE_0_P_Map1
[2020.07.07-03.15.10:824][256]LogPlayLevel: PIE: StaticDuplicateObject took: (0.002364s)
[2020.07.07-03.15.10:825][256]LogAIModule: Creating AISystem for world P_Map1
[2020.07.07-03.15.10:825][256]LogAISub: UAISubsystem::UAISubsystem EnvQueryManager (0000024816E86200), frame # 256
[2020.07.07-03.15.10:825][256]LogAISub: UAISubsystem::UAISubsystem AIPerceptionSystem (0000024816E7FD80), frame # 256
[2020.07.07-03.15.10:825][256]LogPlayLevel: PIE: World Init took: (0.000952s)
[2020.07.07-03.15.10:825][256]LogPlayLevel: PIE: Created PIE world by copying editor world from /Game/Maps/P_Map1.P_Map1 to /Game/Maps/UEDPIE_0_P_Map1.P_Map1 (0.003426s)
[2020.07.07-03.15.10:846][256]LogUObjectHash: Compacting FUObjectHashTables data took   0.82ms
[2020.07.07-03.15.10:847][256]LogAudioMixer: Display: Audio Mixer Platform Settings:
[2020.07.07-03.15.10:847][256]LogAudioMixer: Display: 	Sample Rate:						  48000
[2020.07.07-03.15.10:847][256]LogAudioMixer: Display: 	Callback Buffer Frame Size Requested: 1024
[2020.07.07-03.15.10:847][256]LogAudioMixer: Display: 	Callback Buffer Frame Size To Use:	  1024
[2020.07.07-03.15.10:847][256]LogAudioMixer: Display: 	Number of buffers to queue:			  2
[2020.07.07-03.15.10:847][256]LogAudioMixer: Display: 	Max Channels (voices):				  32
[2020.07.07-03.15.10:847][256]LogAudioMixer: Display: 	Number of Async Source Workers:		  0
[2020.07.07-03.15.10:847][256]LogAudio: Display: AudioDevice MaxSources: 32
[2020.07.07-03.15.10:848][256]LogAudio: Display: Using built-in audio occlusion.
[2020.07.07-03.15.10:848][256]LogAudioMixer: Display: Initializing audio mixer.
[2020.07.07-03.15.10:851][256]LogAudioMixer: Display: 0: FrontLeft
[2020.07.07-03.15.10:851][256]LogAudioMixer: Display: 1: FrontRight
[2020.07.07-03.15.10:866][256]LogAudioMixer: Display: Using Audio Device Speakers (Apple Audio Device)
[2020.07.07-03.15.10:866][256]LogAudioMixer: Display: Initializing Sound Submixes...
[2020.07.07-03.15.10:866][256]LogAudioMixer: Display: Creating Master Submix 'MasterSubmixDefault'
[2020.07.07-03.15.10:866][256]LogAudioMixer: Display: Creating Master Submix 'MasterReverbSubmixDefault'
[2020.07.07-03.15.10:867][256]LogAudioMixer: Display: Creating Master Submix 'MasterEQSubmixDefault'
[2020.07.07-03.15.10:878][256]LogInit: FAudioDevice initialized.
[2020.07.07-03.15.10:888][256]LogLoad: Game class is 'SIGameModeBase'
[2020.07.07-03.15.10:890][256]LogWorld: Bringing World /Game/Maps/UEDPIE_0_P_Map1.P_Map1 up for play (max tick rate 60) at 2020.07.06-23.15.10
[2020.07.07-03.15.10:890][256]LogWorld: Bringing up level for play took: 0.001603
[2020.07.07-03.15.10:890][256]LogOnline: OSS: Creating online subsystem instance for: :Context_2
[2020.07.07-03.15.10:894][256]LogContentBrowser: Native class hierarchy updated for 'MovieSceneCapture' in 0.0007 seconds. Added 20 classes and 0 folders.
[2020.07.07-03.15.10:895][256]PIE: Server logged in
[2020.07.07-03.15.10:898][256]PIE: Play in editor total start time 0.079 seconds.
[2020.07.07-03.15.12:904][373]LogSlate: Updating window title bar state: overlay mode, drag disabled, window buttons hidden, title bar hidden
[2020.07.07-03.15.12:904][373]LogWorld: BeginTearingDown for /Game/Maps/UEDPIE_0_P_Map1
[2020.07.07-03.15.12:904][373]LogWorld: UWorld::CleanupWorld for P_Map1, bSessionEnded=true, bCleanupResources=true
[2020.07.07-03.15.12:905][373]LogSlate: InvalidateAllWidgets triggered.  All widgets were invalidated
[2020.07.07-03.15.12:916][373]LogPlayLevel: Display: Shutting down PIE online subsystems
[2020.07.07-03.15.12:918][373]LogSlate: InvalidateAllWidgets triggered.  All widgets were invalidated
[2020.07.07-03.15.12:942][373]LogSlate: Updating window title bar state: overlay mode, drag disabled, window buttons hidden, title bar hidden
[2020.07.07-03.15.12:943][373]LogAISub: UAISubsystem::~UAISubsystem AIPerceptionSystem (0000024816E7FD80), frame # 373
[2020.07.07-03.15.12:943][373]LogAISub: UAISubsystem::~UAISubsystem EnvQueryManager (0000024816E86200), frame # 373
[2020.07.07-03.15.12:944][373]LogUObjectHash: Compacting FUObjectHashTables data took   0.54ms
[2020.07.07-03.15.13:063][375]LogPlayLevel: Display: Destroying online subsystem :Context_2
[2020.07.07-03.15.48:380][534]LogHotReload: New module detected: UE4Editor-SI-0421.dll
[2020.07.07-03.15.48:729][536]LogHotReload: Starting Hot-Reload from IDE
[2020.07.07-03.15.48:732][536]LogSlate: Took 0.000127 seconds to synchronously load lazily loaded font '../../../Engine/Content/Slate/Fonts/Roboto-Light.ttf' (167K)
[2020.07.07-03.15.48:797][536]LogContentBrowser: Native class hierarchy updated for 'SI' in 0.0004 seconds. Added 6 classes and 8 folders.
[2020.07.07-03.15.48:798][536]Display: HotReload successful (1 functions remapped  0 scriptstructs remapped)
[2020.07.07-03.15.48:850][536]LogContentBrowser: Native class hierarchy populated in 0.0097 seconds. Added 3433 classes and 829 folders.
[2020.07.07-03.15.48:854][536]Display: HotReload took  0.1s.
[2020.07.07-03.15.55:583][642]LogTemp: Repeating last play command: Selected Viewport
[2020.07.07-03.15.55:604][642]LogPlayLevel: PlayLevel: No blueprints needed recompiling
[2020.07.07-03.15.55:604][642]PIE: New page: PIE session: P_Map1 (Jul 6, 2020, 7:15:55 PM)
[2020.07.07-03.15.55:604][642]LogPlayLevel: Creating play world package: /Game/Maps/UEDPIE_0_P_Map1
[2020.07.07-03.15.55:606][642]LogPlayLevel: PIE: StaticDuplicateObject took: (0.002145s)
[2020.07.07-03.15.55:607][642]LogAIModule: Creating AISystem for world P_Map1
[2020.07.07-03.15.55:607][642]LogAISub: UAISubsystem::UAISubsystem EnvQueryManager (0000024875D47C00), frame # 642
[2020.07.07-03.15.55:607][642]LogAISub: UAISubsystem::UAISubsystem AIPerceptionSystem (0000024816E7E0C0), frame # 642
[2020.07.07-03.15.55:607][642]LogPlayLevel: PIE: World Init took: (0.000938s)
[2020.07.07-03.15.55:607][642]LogPlayLevel: PIE: Created PIE world by copying editor world from /Game/Maps/P_Map1.P_Map1 to /Game/Maps/UEDPIE_0_P_Map1.P_Map1 (0.003218s)
[2020.07.07-03.15.55:619][642]LogUObjectHash: Compacting FUObjectHashTables data took   0.55ms
[2020.07.07-03.15.55:620][642]LogAudioMixer: Display: Audio Mixer Platform Settings:
[2020.07.07-03.15.55:620][642]LogAudioMixer: Display: 	Sample Rate:						  48000
[2020.07.07-03.15.55:620][642]LogAudioMixer: Display: 	Callback Buffer Frame Size Requested: 1024
[2020.07.07-03.15.55:621][642]LogAudioMixer: Display: 	Callback Buffer Frame Size To Use:	  1024
[2020.07.07-03.15.55:621][642]LogAudioMixer: Display: 	Number of buffers to queue:			  2
[2020.07.07-03.15.55:621][642]LogAudioMixer: Display: 	Max Channels (voices):				  32
[2020.07.07-03.15.55:621][642]LogAudioMixer: Display: 	Number of Async Source Workers:		  0
[2020.07.07-03.15.55:621][642]LogAudio: Display: AudioDevice MaxSources: 32
[2020.07.07-03.15.55:621][642]LogAudio: Display: Using built-in audio occlusion.
[2020.07.07-03.15.55:621][642]LogAudioMixer: Display: Initializing audio mixer.
[2020.07.07-03.15.55:626][642]LogAudioMixer: Display: 0: FrontLeft
[2020.07.07-03.15.55:626][642]LogAudioMixer: Display: 1: FrontRight
[2020.07.07-03.15.55:640][642]LogAudioMixer: Display: Using Audio Device Speakers (Apple Audio Device)
[2020.07.07-03.15.55:641][642]LogAudioMixer: Display: Initializing Sound Submixes...
[2020.07.07-03.15.55:641][642]LogAudioMixer: Display: Creating Master Submix 'MasterSubmixDefault'
[2020.07.07-03.15.55:641][642]LogAudioMixer: Display: Creating Master Submix 'MasterReverbSubmixDefault'
[2020.07.07-03.15.55:641][642]LogAudioMixer: Display: Creating Master Submix 'MasterEQSubmixDefault'
[2020.07.07-03.15.55:653][642]LogInit: FAudioDevice initialized.
[2020.07.07-03.15.55:666][642]LogLoad: Game class is 'SIGameModeBase'
[2020.07.07-03.15.55:669][642]LogWorld: Bringing World /Game/Maps/UEDPIE_0_P_Map1.P_Map1 up for play (max tick rate 60) at 2020.07.06-23.15.55
[2020.07.07-03.15.55:669][642]LogWorld: Bringing up level for play took: 0.001425
[2020.07.07-03.15.55:669][642]LogOnline: OSS: Creating online subsystem instance for: :Context_3
[2020.07.07-03.15.55:671][642]PIE: Server logged in
[2020.07.07-03.15.55:673][642]PIE: Play in editor total start time 0.072 seconds.
[2020.07.07-03.15.57:153][729]LogSlate: Updating window title bar state: overlay mode, drag disabled, window buttons hidden, title bar hidden
[2020.07.07-03.15.57:153][729]LogWorld: BeginTearingDown for /Game/Maps/UEDPIE_0_P_Map1
[2020.07.07-03.15.57:153][729]LogWorld: UWorld::CleanupWorld for P_Map1, bSessionEnded=true, bCleanupResources=true
[2020.07.07-03.15.57:154][729]LogSlate: InvalidateAllWidgets triggered.  All widgets were invalidated
[2020.07.07-03.15.57:161][729]LogPlayLevel: Display: Shutting down PIE online subsystems
[2020.07.07-03.15.57:162][729]LogSlate: InvalidateAllWidgets triggered.  All widgets were invalidated
[2020.07.07-03.15.57:200][729]LogSlate: Updating window title bar state: overlay mode, drag disabled, window buttons hidden, title bar hidden
[2020.07.07-03.15.57:201][729]LogAISub: UAISubsystem::~UAISubsystem AIPerceptionSystem (0000024816E7E0C0), frame # 729
[2020.07.07-03.15.57:201][729]LogAISub: UAISubsystem::~UAISubsystem EnvQueryManager (0000024875D47C00), frame # 729
[2020.07.07-03.15.57:202][729]LogUObjectHash: Compacting FUObjectHashTables data took   0.90ms
[2020.07.07-03.15.57:237][730]LogPlayLevel: Display: Destroying online subsystem :Context_3
[2020.07.07-03.18.52:229][526]LogHotReload: New module detected: UE4Editor-SI-0422.dll
[2020.07.07-03.18.52:914][529]LogHotReload: Starting Hot-Reload from IDE
[2020.07.07-03.18.52:961][529]LogContentBrowser: Native class hierarchy updated for 'SI' in 0.0004 seconds. Added 6 classes and 8 folders.
[2020.07.07-03.18.52:963][529]Display: HotReload successful (1 functions remapped  0 scriptstructs remapped)
[2020.07.07-03.18.53:004][529]LogContentBrowser: Native class hierarchy populated in 0.0087 seconds. Added 3433 classes and 829 folders.
[2020.07.07-03.18.53:009][529]Display: HotReload took  0.1s.
[2020.07.07-03.22.50:429][239]LogHotReload: New module detected: UE4Editor-SI-0424.dll
[2020.07.07-03.22.51:107][242]LogHotReload: Starting Hot-Reload from IDE
[2020.07.07-03.22.51:157][242]LogContentBrowser: Native class hierarchy updated for 'SI' in 0.0004 seconds. Added 6 classes and 8 folders.
[2020.07.07-03.22.51:158][242]Display: HotReload successful (1 functions remapped  0 scriptstructs remapped)
[2020.07.07-03.22.51:201][242]LogContentBrowser: Native class hierarchy populated in 0.0085 seconds. Added 3433 classes and 829 folders.
[2020.07.07-03.22.51:205][242]Display: HotReload took  0.1s.
[2020.07.07-03.23.00:213][349]LogTemp: Repeating last play command: Selected Viewport
[2020.07.07-03.23.00:236][349]LogPlayLevel: PlayLevel: No blueprints needed recompiling
[2020.07.07-03.23.00:236][349]PIE: New page: PIE session: P_Map1 (Jul 6, 2020, 7:23:00 PM)
[2020.07.07-03.23.00:236][349]LogPlayLevel: Creating play world package: /Game/Maps/UEDPIE_0_P_Map1
[2020.07.07-03.23.00:238][349]LogPlayLevel: PIE: StaticDuplicateObject took: (0.002140s)
[2020.07.07-03.23.00:239][349]LogAIModule: Creating AISystem for world P_Map1
[2020.07.07-03.23.00:239][349]LogAISub: UAISubsystem::UAISubsystem EnvQueryManager (00000248171CD400), frame # 2349
[2020.07.07-03.23.00:239][349]LogAISub: UAISubsystem::UAISubsystem AIPerceptionSystem (000002488BE9BEC0), frame # 2349
[2020.07.07-03.23.00:239][349]LogPlayLevel: PIE: World Init took: (0.001006s)
[2020.07.07-03.23.00:239][349]LogPlayLevel: PIE: Created PIE world by copying editor world from /Game/Maps/P_Map1.P_Map1 to /Game/Maps/UEDPIE_0_P_Map1.P_Map1 (0.003246s)
[2020.07.07-03.23.00:250][349]LogUObjectHash: Compacting FUObjectHashTables data took   0.64ms
[2020.07.07-03.23.00:252][349]LogAudioMixer: Display: Audio Mixer Platform Settings:
[2020.07.07-03.23.00:252][349]LogAudioMixer: Display: 	Sample Rate:						  48000
[2020.07.07-03.23.00:252][349]LogAudioMixer: Display: 	Callback Buffer Frame Size Requested: 1024
[2020.07.07-03.23.00:252][349]LogAudioMixer: Display: 	Callback Buffer Frame Size To Use:	  1024
[2020.07.07-03.23.00:252][349]LogAudioMixer: Display: 	Number of buffers to queue:			  2
[2020.07.07-03.23.00:252][349]LogAudioMixer: Display: 	Max Channels (voices):				  32
[2020.07.07-03.23.00:252][349]LogAudioMixer: Display: 	Number of Async Source Workers:		  0
[2020.07.07-03.23.00:252][349]LogAudio: Display: AudioDevice MaxSources: 32
[2020.07.07-03.23.00:253][349]LogAudio: Display: Using built-in audio occlusion.
[2020.07.07-03.23.00:253][349]LogAudioMixer: Display: Initializing audio mixer.
[2020.07.07-03.23.00:256][349]LogAudioMixer: Display: 0: FrontLeft
[2020.07.07-03.23.00:256][349]LogAudioMixer: Display: 1: FrontRight
[2020.07.07-03.23.00:274][349]LogAudioMixer: Display: Using Audio Device Speakers (Apple Audio Device)
[2020.07.07-03.23.00:274][349]LogAudioMixer: Display: Initializing Sound Submixes...
[2020.07.07-03.23.00:274][349]LogAudioMixer: Display: Creating Master Submix 'MasterSubmixDefault'
[2020.07.07-03.23.00:274][349]LogAudioMixer: Display: Creating Master Submix 'MasterReverbSubmixDefault'
[2020.07.07-03.23.00:275][349]LogAudioMixer: Display: Creating Master Submix 'MasterEQSubmixDefault'
[2020.07.07-03.23.00:286][349]LogInit: FAudioDevice initialized.
[2020.07.07-03.23.00:297][349]LogLoad: Game class is 'SIGameModeBase'
[2020.07.07-03.23.00:299][349]LogWorld: Bringing World /Game/Maps/UEDPIE_0_P_Map1.P_Map1 up for play (max tick rate 60) at 2020.07.06-23.23.00
[2020.07.07-03.23.00:299][349]LogWorld: Bringing up level for play took: 0.001578
[2020.07.07-03.23.00:300][349]LogOnline: OSS: Creating online subsystem instance for: :Context_4
[2020.07.07-03.23.00:302][349]PIE: Server logged in
[2020.07.07-03.23.00:303][349]PIE: Play in editor total start time 0.071 seconds.
[2020.07.07-03.23.02:674][489]LogSlate: Updating window title bar state: overlay mode, drag disabled, window buttons hidden, title bar hidden
[2020.07.07-03.23.02:674][489]LogWorld: BeginTearingDown for /Game/Maps/UEDPIE_0_P_Map1
[2020.07.07-03.23.02:674][489]LogWorld: UWorld::CleanupWorld for P_Map1, bSessionEnded=true, bCleanupResources=true
[2020.07.07-03.23.02:675][489]LogSlate: InvalidateAllWidgets triggered.  All widgets were invalidated
[2020.07.07-03.23.02:682][489]LogPlayLevel: Display: Shutting down PIE online subsystems
[2020.07.07-03.23.02:684][489]LogSlate: InvalidateAllWidgets triggered.  All widgets were invalidated
[2020.07.07-03.23.02:710][489]LogSlate: Updating window title bar state: overlay mode, drag disabled, window buttons hidden, title bar hidden
[2020.07.07-03.23.02:710][489]LogAISub: UAISubsystem::~UAISubsystem AIPerceptionSystem (000002488BE9BEC0), frame # 2489
[2020.07.07-03.23.02:710][489]LogAISub: UAISubsystem::~UAISubsystem EnvQueryManager (00000248171CD400), frame # 2489
[2020.07.07-03.23.02:711][489]LogUObjectHash: Compacting FUObjectHashTables data took   0.54ms
[2020.07.07-03.23.02:753][490]LogPlayLevel: Display: Destroying online subsystem :Context_4
[2020.07.07-03.23.54:043][323]LogHotReload: New module detected: UE4Editor-SI-0425.dll
[2020.07.07-03.23.54:722][326]LogHotReload: Starting Hot-Reload from IDE
[2020.07.07-03.23.54:801][326]LogContentBrowser: Native class hierarchy updated for 'SI' in 0.0004 seconds. Added 6 classes and 8 folders.
[2020.07.07-03.23.54:802][326]Display: HotReload successful (1 functions remapped  0 scriptstructs remapped)
[2020.07.07-03.23.54:848][326]LogContentBrowser: Native class hierarchy populated in 0.0100 seconds. Added 3433 classes and 829 folders.
[2020.07.07-03.23.54:854][326]Display: HotReload took  0.1s.
[2020.07.07-03.27.04:622][893]LogHotReload: New module detected: UE4Editor-SI-0426.dll
[2020.07.07-03.27.05:308][896]LogHotReload: Starting Hot-Reload from IDE
[2020.07.07-03.27.05:354][896]LogContentBrowser: Native class hierarchy updated for 'SI' in 0.0004 seconds. Added 6 classes and 8 folders.
[2020.07.07-03.27.05:355][896]Display: HotReload successful (1 functions remapped  0 scriptstructs remapped)
[2020.07.07-03.27.05:412][896]LogContentBrowser: Native class hierarchy populated in 0.0143 seconds. Added 3433 classes and 829 folders.
[2020.07.07-03.27.05:417][896]Display: HotReload took  0.1s.
[2020.07.07-03.27.12:061][ 32]LogTemp: Repeating last play command: Selected Viewport
[2020.07.07-03.27.12:086][ 32]LogPlayLevel: PlayLevel: No blueprints needed recompiling
[2020.07.07-03.27.12:086][ 32]PIE: New page: PIE session: P_Map1 (Jul 6, 2020, 7:27:12 PM)
[2020.07.07-03.27.12:086][ 32]LogPlayLevel: Creating play world package: /Game/Maps/UEDPIE_0_P_Map1
[2020.07.07-03.27.12:089][ 32]LogPlayLevel: PIE: StaticDuplicateObject took: (0.002939s)
[2020.07.07-03.27.12:090][ 32]LogAIModule: Creating AISystem for world P_Map1
[2020.07.07-03.27.12:090][ 32]LogAISub: UAISubsystem::UAISubsystem EnvQueryManager (000002488BC7C400), frame # 5032
[2020.07.07-03.27.12:090][ 32]LogAISub: UAISubsystem::UAISubsystem AIPerceptionSystem (000002488BE9B880), frame # 5032
[2020.07.07-03.27.12:090][ 32]LogPlayLevel: PIE: World Init took: (0.001478s)
[2020.07.07-03.27.12:090][ 32]LogPlayLevel: PIE: Created PIE world by copying editor world from /Game/Maps/P_Map1.P_Map1 to /Game/Maps/UEDPIE_0_P_Map1.P_Map1 (0.004568s)
[2020.07.07-03.27.12:104][ 32]LogUObjectHash: Compacting FUObjectHashTables data took   1.53ms
[2020.07.07-03.27.12:106][ 32]LogAudioMixer: Display: Audio Mixer Platform Settings:
[2020.07.07-03.27.12:106][ 32]LogAudioMixer: Display: 	Sample Rate:						  48000
[2020.07.07-03.27.12:106][ 32]LogAudioMixer: Display: 	Callback Buffer Frame Size Requested: 1024
[2020.07.07-03.27.12:106][ 32]LogAudioMixer: Display: 	Callback Buffer Frame Size To Use:	  1024
[2020.07.07-03.27.12:106][ 32]LogAudioMixer: Display: 	Number of buffers to queue:			  2
[2020.07.07-03.27.12:106][ 32]LogAudioMixer: Display: 	Max Channels (voices):				  32
[2020.07.07-03.27.12:106][ 32]LogAudioMixer: Display: 	Number of Async Source Workers:		  0
[2020.07.07-03.27.12:106][ 32]LogAudio: Display: AudioDevice MaxSources: 32
[2020.07.07-03.27.12:107][ 32]LogAudio: Display: Using built-in audio occlusion.
[2020.07.07-03.27.12:107][ 32]LogAudioMixer: Display: Initializing audio mixer.
[2020.07.07-03.27.12:111][ 32]LogAudioMixer: Display: 0: FrontLeft
[2020.07.07-03.27.12:111][ 32]LogAudioMixer: Display: 1: FrontRight
[2020.07.07-03.27.12:126][ 32]LogAudioMixer: Display: Using Audio Device Speakers (Apple Audio Device)
[2020.07.07-03.27.12:126][ 32]LogAudioMixer: Display: Initializing Sound Submixes...
[2020.07.07-03.27.12:126][ 32]LogAudioMixer: Display: Creating Master Submix 'MasterSubmixDefault'
[2020.07.07-03.27.12:126][ 32]LogAudioMixer: Display: Creating Master Submix 'MasterReverbSubmixDefault'
[2020.07.07-03.27.12:126][ 32]LogAudioMixer: Display: Creating Master Submix 'MasterEQSubmixDefault'
[2020.07.07-03.27.12:139][ 32]LogInit: FAudioDevice initialized.
[2020.07.07-03.27.12:151][ 32]LogLoad: Game class is 'SIGameModeBase'
[2020.07.07-03.27.12:153][ 32]LogWorld: Bringing World /Game/Maps/UEDPIE_0_P_Map1.P_Map1 up for play (max tick rate 60) at 2020.07.06-23.27.12
[2020.07.07-03.27.12:154][ 32]LogWorld: Bringing up level for play took: 0.002073
[2020.07.07-03.27.12:154][ 32]LogOnline: OSS: Creating online subsystem instance for: :Context_5
[2020.07.07-03.27.12:156][ 32]LogOutputDevice: Warning: 

Script Stack (0 frames):

[2020.07.07-03.27.12:156][ 32]LogWindows: Windows GetLastError: The operation completed successfully. (0)
[2020.07.07-03.27.13:356][ 32]LogWindows: Error: === Critical error: ===
[2020.07.07-03.27.13:356][ 32]LogWindows: Error: 
[2020.07.07-03.27.13:356][ 32]LogWindows: Error: Fatal error: [File:D:/Build/++UE4+Licensee/Sync/Engine/Source/Runtime/CoreUObject/Private/UObject/UObjectGlobals.cpp] [Line: 3264] 
[2020.07.07-03.27.13:356][ 32]LogWindows: Error: FObjectFinders can't be used outside of constructors to find /Game/UI/SI_Crosshair_Round.SI_Crosshair_Round_C
[2020.07.07-03.27.13:356][ 32]LogWindows: Error: 
[2020.07.07-03.27.13:356][ 32]LogWindows: Error: 
[2020.07.07-03.27.13:356][ 32]LogWindows: Error: [Callstack] 0x00007ffac1ee3e49 KERNELBASE.dll!UnknownFunction []
[2020.07.07-03.27.13:356][ 32]LogWindows: Error: [Callstack] 0x00007ffa8e8beb46 UE4Editor-Core.dll!UnknownFunction []
[2020.07.07-03.27.13:356][ 32]LogWindows: Error: [Callstack] 0x00007ffa8e8c1f28 UE4Editor-Core.dll!UnknownFunction []
[2020.07.07-03.27.13:356][ 32]LogWindows: Error: [Callstack] 0x00007ffa8e64e53d UE4Editor-Core.dll!UnknownFunction []
[2020.07.07-03.27.13:356][ 32]LogWindows: Error: [Callstack] 0x00007ffa8e031afb UE4Editor-CoreUObject.dll!UnknownFunction []
[2020.07.07-03.27.13:356][ 32]LogWindows: Error: [Callstack] 0x00007ffa44ce7355 UE4Editor-SI-0426.dll!AHUDBase::BeginPlay() [C:\My\UnrealProjects\SI\Survival-Instinct\SI\Source\SI\Widget\Public\HUDBase.cpp:16]
[2020.07.07-03.27.13:356][ 32]LogWindows: Error: [Callstack] 0x00007ffa8b0502fc UE4Editor-Engine.dll!UnknownFunction []
[2020.07.07-03.27.13:356][ 32]LogWindows: Error: [Callstack] 0x00007ffa8c2f57fd UE4Editor-Engine.dll!UnknownFunction []
[2020.07.07-03.27.13:356][ 32]LogWindows: Error: [Callstack] 0x00007ffa8b7325d1 UE4Editor-Engine.dll!UnknownFunction []
[2020.07.07-03.27.13:356][ 32]LogWindows: Error: [Callstack] 0x00007ffa8c29fc9e UE4Editor-Engine.dll!UnknownFunction []
[2020.07.07-03.27.13:356][ 32]LogWindows: Error: [Callstack] 0x00007ffa8b753969 UE4Editor-Engine.dll!UnknownFunction []
[2020.07.07-03.27.13:356][ 32]LogWindows: Error: [Callstack] 0x00007ffa88f1224c UE4Editor-UnrealEd.dll!UnknownFunction []
[2020.07.07-03.27.13:356][ 32]LogWindows: Error: [Callstack] 0x00007ffa88f3311c UE4Editor-UnrealEd.dll!UnknownFunction []
[2020.07.07-03.27.13:356][ 32]LogWindows: Error: [Callstack] 0x00007ffa88f13189 UE4Editor-UnrealEd.dll!UnknownFunction []
[2020.07.07-03.27.13:356][ 32]LogWindows: Error: [Callstack] 0x00007ffa88f4ecda UE4Editor-UnrealEd.dll!UnknownFunction []
[2020.07.07-03.27.13:356][ 32]LogWindows: Error: [Callstack] 0x00007ffa88f51f9d UE4Editor-UnrealEd.dll!UnknownFunction []
[2020.07.07-03.27.13:356][ 32]LogWindows: Error: [Callstack] 0x00007ffa88f51978 UE4Editor-UnrealEd.dll!UnknownFunction []
[2020.07.07-03.27.13:356][ 32]LogWindows: Error: [Callstack] 0x00007ffa889da034 UE4Editor-UnrealEd.dll!UnknownFunction []
[2020.07.07-03.27.13:356][ 32]LogWindows: Error: [Callstack] 0x00007ffa892b00d6 UE4Editor-UnrealEd.dll!UnknownFunction []
[2020.07.07-03.27.13:356][ 32]LogWindows: Error: [Callstack] 0x00007ff7ffac7800 UE4Editor.exe!UnknownFunction []
[2020.07.07-03.27.13:356][ 32]LogWindows: Error: [Callstack] 0x00007ff7ffadba7c UE4Editor.exe!UnknownFunction []
[2020.07.07-03.27.13:356][ 32]LogWindows: Error: [Callstack] 0x00007ff7ffadbb5a UE4Editor.exe!UnknownFunction []
[2020.07.07-03.27.13:356][ 32]LogWindows: Error: [Callstack] 0x00007ff7ffaee31d UE4Editor.exe!UnknownFunction []
[2020.07.07-03.27.13:356][ 32]LogWindows: Error: [Callstack] 0x00007ff7ffaf145a UE4Editor.exe!UnknownFunction []
[2020.07.07-03.27.13:356][ 32]LogWindows: Error: [Callstack] 0x00007ffac3e76fd4 KERNEL32.DLL!UnknownFunction []
[2020.07.07-03.27.13:356][ 32]LogWindows: Error: [Callstack] 0x00007ffac42dcec1 ntdll.dll!UnknownFunction []
[2020.07.07-03.27.13:356][ 32]LogWindows: Error: 
[2020.07.07-03.27.13:375][ 32]LogExit: Executing StaticShutdownAfterError
[2020.07.07-03.27.13:376][ 32]LogWindows: FPlatformMisc::RequestExit(1)
[2020.07.07-03.27.13:376][ 32]LogCore: Engine exit requested (reason: Win RequestExit)
[2020.07.07-03.27.13:380][ 32]Log file closed, 07/06/20 23:27:13
